--- Job Klenertmodel_3goods_27marts.gms Start 04/03/20 10:15:18 30.1.0 re01a340 DEX-DEG x86 64bit/Mac OS X
--- GAMS Parameters defined
    Input /Users/rasmuskaslund/OneDrive - Københavns Universitet/Seminar Environment Economics/Model med 47 grupper/Klenertmodel_3goods_27marts.gms
    PageSize 0
    ScrDir /Users/rasmuskaslund/OneDrive - Københavns Universitet/Seminar Environment Economics/Model med 47 grupper/225b/
    SysDir /Applications/GAMS30.1/GAMS Terminal.app/Contents/MacOS/
    LogOption 3
    ErrMsg 1
    ErrorLog 99
    IDE 1
    LstTitleLeftAligned 1
GAMS 30.1.0   Copyright (C) 1987-2020 GAMS Development. All rights reserved
Licensee: GAMS Demo license for Rasmus Kaslund           G200206|0002CO-GEN
          University of Copenhagen, Denmark                        DL001455
          rlk@econ.ku.dk, Rasmus Kaslund                                   
          Demo license for demonstration and instructional purposes only
--- Starting compilation
--- Klenertmodel_3goods_27marts.gms(333) 3 Mb
--- Starting execution: elapsed 0:00:00.009
--- Klenertmodel_3goods_27marts.gms(289) 4 Mb
--- GDXin=/Users/rasmuskaslund/OneDrive - Københavns Universitet/Seminar Environment Economics/Model med 47 grupper/sg-initial.gdx
--- Generating NLP model SG_SP
--- Klenertmodel_3goods_27marts.gms(303) 6 Mb
---   54 rows  57 columns  348 non-zeroes
---   805 nl-code  269 nl-non-zeroes
--- Klenertmodel_3goods_27marts.gms(303) 4 Mb
--- Executing CONOPT: elapsed 0:00:00.019
*** Error at line 303: Could not find ShortName for International Characters
--- Klenertmodel_3goods_27marts.gms(303) 4 Mb 1 Error
CONOPT 3         30.1.0 re01a340 Released Jan 10, 2020 DEG x86 64bit/Mac OS X 
*** This solver runs with a demo license. No commercial use.
 
 
    C O N O P T 3   version 3.17K
    Copyright (C)   ARKI Consulting and Development A/S
                    Bagsvaerdvej 246 A
                    DK-2880 Bagsvaerd, Denmark
 
 
   Iter Phase Ninf   Infeasibility   RGmax    NSB   Step InItr MX OK
      0   0        1.6666666913E+09 (Input point)
 
                   Pre-triangular equations:   1
                   Post-triangular equations:  8
                   Definitional equations:     4
 
      1   0        1.6666666829E+09 (After pre-processing)
      2   0        1.3592661280E+01 (After scaling)
     10   0     7  1.3592661280E+01               0.0E+00      F  F
     20   0    17  1.3592661280E+01               0.0E+00      F  F
     30   0    19  1.3328989402E+01               1.0E+00      F  T
     36   1    19  1.3327189444E+01 1.6E+00    21 6.3E-04    3 T  T
     41   1    19  1.3327189047E+01 3.7E+00    22 4.5E-09      F  F
     51   1    14  8.2440374566E+00 1.0E+00    18 1.0E+00    1 T  T
     61   1    14  6.2463915623E+00 2.2E+00    16 1.6E-03      F  F
 
   Iter Phase Ninf   Infeasibility   RGmax    NSB   Step InItr MX OK
     71   1     9  4.4475632696E+00 7.1E-01    13 1.0E+00    2 T  T
     81   1     7  1.5871486222E+00 2.0E-01     8 1.4E+00      F  F
     91   1     7  1.0949028273E+00 3.9E-01     7 3.4E-01      F  F
    101   1     6  1.0040750893E+00 7.3E-03     8 6.2E+00      F  F
    111   1     6  1.0039188223E+00 6.9E-03     8 3.3E-03      F  F
    121   1     6  1.0039181505E+00 6.9E-03     8 1.9E-04      F  F
    131   1     6  1.0039181127E+00 6.9E-03     8 1.0E-05      F  F
    136   1     6  1.0008607126E+00 7.0E-03     6 7.5E-01    3 F  F
    141   1     6  1.0000008988E+00 2.1E-04     7 8.8E-01    1 T  T
    151   1     6  9.5255406019E-01 9.7E-02     6 1.2E-01    3 F  F
 
   Iter Phase Ninf   Infeasibility   RGmax    NSB   Step InItr MX OK
    158   1     4  9.0325808261E-08 8.9E-08     5
 
 ** Infeasible solution. Reduced gradient less than tolerance.
 
--- Restarting execution
--- Klenertmodel_3goods_27marts.gms(303) 2 Mb
--- Reading solution for model SG_SP
--- Executing after solve: elapsed 0:00:00.247
--- Klenertmodel_3goods_27marts.gms(289) 3 Mb
--- Generating NLP model SG_SP
--- Klenertmodel_3goods_27marts.gms(304) 5 Mb
---   54 rows  57 columns  348 non-zeroes
---   805 nl-code  269 nl-non-zeroes
--- Klenertmodel_3goods_27marts.gms(304) 3 Mb
--- Executing CONOPT: elapsed 0:00:00.256
*** Error at line 304: Could not find ShortName for International Characters
--- Klenertmodel_3goods_27marts.gms(304) 3 Mb 1 Error
CONOPT 3         30.1.0 re01a340 Released Jan 10, 2020 DEG x86 64bit/Mac OS X 
*** This solver runs with a demo license. No commercial use.
 
 
    C O N O P T 3   version 3.17K
    Copyright (C)   ARKI Consulting and Development A/S
                    Bagsvaerdvej 246 A
                    DK-2880 Bagsvaerd, Denmark
 
 
   Iter Phase Ninf   Infeasibility   RGmax    NSB   Step InItr MX OK
      0   0        8.7167308491E-07 (Input point)
 
                   Pre-triangular equations:   1
                   Post-triangular equations:  8
                   Definitional equations:     4
 
      1   0        3.5363765111E-07 (After pre-processing)
      2   0        3.3322398828E-07 (After scaling)
 
 ** Feasible solution. Value of objective =   -1.16809111819
 
 ** Loss of feasibility while tightening tolerances - Return to phase 0.
 
   Iter Phase Ninf   Infeasibility   RGmax    NSB   Step InItr MX OK
     10   0     5  1.7763743976E-07               0.0E+00      T  T
     20   0     9  8.7221807624E-08               0.0E+00      F  F
     31   1     7  5.2669068101E-08 1.0E+00     7 7.0E-10      F  T
     36   1     6  5.2136593805E-08 3.5E-08     5
 
 ** Infeasible solution. Reduced gradient less than tolerance.
 
--- Restarting execution
--- Klenertmodel_3goods_27marts.gms(304) 2 Mb
--- Reading solution for model SG_SP
--- Executing after solve: elapsed 0:00:00.331
--- Klenertmodel_3goods_27marts.gms(289) 3 Mb
--- Generating NLP model SG_SP
--- Klenertmodel_3goods_27marts.gms(305) 5 Mb
---   54 rows  57 columns  348 non-zeroes
---   805 nl-code  269 nl-non-zeroes
--- Klenertmodel_3goods_27marts.gms(305) 3 Mb
--- Executing CONOPT: elapsed 0:00:00.336
*** Error at line 305: Could not find ShortName for International Characters
--- Klenertmodel_3goods_27marts.gms(305) 3 Mb 1 Error
CONOPT 3         30.1.0 re01a340 Released Jan 10, 2020 DEG x86 64bit/Mac OS X 
*** This solver runs with a demo license. No commercial use.
 
 
    C O N O P T 3   version 3.17K
    Copyright (C)   ARKI Consulting and Development A/S
                    Bagsvaerdvej 246 A
                    DK-2880 Bagsvaerd, Denmark
 
 
   Iter Phase Ninf   Infeasibility   RGmax    NSB   Step InItr MX OK
      0   0        2.7124632675E-07 (Input point)
 
                   Pre-triangular equations:   1
                   Post-triangular equations:  8
                   Definitional equations:     4
 
      1   0        1.2713844174E-07 (After pre-processing)
      2   0        8.5073616646E-08 (After scaling)
 
 ** Feasible solution. Value of objective =   -1.16809155636
 
 ** Loss of feasibility while tightening tolerances - Return to phase 0.
 
   Iter Phase Ninf   Infeasibility   RGmax    NSB   Step InItr MX OK
     10   0     6  8.5073616646E-08               0.0E+00      F  F
 
 ** Domain error(s) in nonlinear functions.
    Check bounds on variables.
 
--- Restarting execution
--- Klenertmodel_3goods_27marts.gms(305) 2 Mb
--- Reading solution for model SG_SP
--- Executing after solve: elapsed 0:00:00.397
--- Klenertmodel_3goods_27marts.gms(289) 3 Mb
--- GDX File /Users/rasmuskaslund/OneDrive - Københavns Universitet/Seminar Environment Economics/Model med 47 grupper/sg-results_4_diff_and_L_opt_3goods.gdx
*** Status: Normal completion
--- Job Klenertmodel_3goods_27marts.gms Stop 04/03/20 10:15:18 elapsed 0:00:00.403

