--- Job Klenertmodel_47goods_julie.gms Start 03/27/20 15:35:06 30.1.0 re01a340 DEX-DEG x86 64bit/Mac OS X
--- GAMS Parameters defined
    Input /Users/rasmuskaslund/OneDrive - Københavns Universitet/Seminar Environment Economics/Model med 47 grupper/Klenertmodel_47goods_julie.gms
    PageSize 0
    ScrDir /Users/rasmuskaslund/OneDrive - Københavns Universitet/Seminar Environment Economics/Model med 47 grupper/225b/
    SysDir /Applications/GAMS30.1/GAMS Terminal.app/Contents/MacOS/
    LogOption 3
    ErrMsg 1
    ErrorLog 99
    IDE 1
    LstTitleLeftAligned 1
GAMS 30.1.0   Copyright (C) 1987-2020 GAMS Development. All rights reserved
Licensee: GAMS Demo license for Rasmus Kaslund           G200206|0002CO-GEN
          University of Copenhagen, Denmark                        DL001455
          rlk@econ.ku.dk, Rasmus Kaslund                                   
          Demo license for demonstration and instructional purposes only
--- Starting compilation
--- Klenertmodel_47goods_julie.gms(331) 3 Mb
--- Starting execution: elapsed 0:00:00.032
--- Klenertmodel_47goods_julie.gms(287) 4 Mb
--- GDXin=/Users/rasmuskaslund/OneDrive - Københavns Universitet/Seminar Environment Economics/Model med 47 grupper/sg-initial.gdx
--- Generating NLP model SG_SP
--- Klenertmodel_47goods_julie.gms(301) 6 Mb
---   44 rows  48 columns  269 non-zeroes
---   642 nl-code  202 nl-non-zeroes
--- Klenertmodel_47goods_julie.gms(301) 4 Mb
--- Executing CONOPT: elapsed 0:00:00.056
*** Error at line 301: Could not find ShortName for International Characters
--- Klenertmodel_47goods_julie.gms(301) 4 Mb 1 Error
CONOPT 3         30.1.0 re01a340 Released Jan 10, 2020 DEG x86 64bit/Mac OS X 
*** This solver runs with a demo license. No commercial use.
 
 
    C O N O P T 3   version 3.17K
    Copyright (C)   ARKI Consulting and Development A/S
                    Bagsvaerdvej 246 A
                    DK-2880 Bagsvaerd, Denmark
 
 
   Iter Phase Ninf   Infeasibility   RGmax    NSB   Step InItr MX OK
      0   0        2.3545601183E+00 (Input point)
 
                   Pre-triangular equations:   1
                   Post-triangular equations:  8
                   Definitional equations:     4
 
      1   0        1.0370332776E+00 (After pre-processing)
      2   0        4.1481331103E-01 (After scaling)
 
 ** Feasible solution. Value of objective =    3.36906839936
 
   Iter Phase Ninf     Objective     RGmax    NSB   Step InItr MX OK
     11   3        3.6840585238E+00 3.3E+00     6 1.2E-01    1 F  F
     21   3        5.5275584909E+00 4.3E+01     6 7.1E-04      F  F
     31   3        6.3968491453E+00 8.1E+00     6 1.8E-02      F  T
     36   4        6.5464241661E+00 1.1E-01     6 3.8E-01    2 F  F
     41   4        6.5506590450E+00 7.6E-02     4 1.0E+00    1 T  T
     46   4        6.5517574705E+00 3.9E-04     2 1.0E+00    2 F  T
     49   4        6.5517574705E+00 6.6E-10     2
 
 ** Optimal solution. Reduced gradient less than tolerance.
 
--- Restarting execution
--- Klenertmodel_47goods_julie.gms(301) 2 Mb
--- Reading solution for model SG_SP
--- Executing after solve: elapsed 0:00:00.250
--- Klenertmodel_47goods_julie.gms(287) 3 Mb
--- Generating NLP model SG_SP
--- Klenertmodel_47goods_julie.gms(302) 5 Mb
---   44 rows  48 columns  269 non-zeroes
---   642 nl-code  202 nl-non-zeroes
--- Klenertmodel_47goods_julie.gms(302) 3 Mb
--- Executing CONOPT: elapsed 0:00:00.259
*** Error at line 302: Could not find ShortName for International Characters
--- Klenertmodel_47goods_julie.gms(302) 3 Mb 1 Error
CONOPT 3         30.1.0 re01a340 Released Jan 10, 2020 DEG x86 64bit/Mac OS X 
*** This solver runs with a demo license. No commercial use.
 
 
    C O N O P T 3   version 3.17K
    Copyright (C)   ARKI Consulting and Development A/S
                    Bagsvaerdvej 246 A
                    DK-2880 Bagsvaerd, Denmark
 
 
   Iter Phase Ninf   Infeasibility   RGmax    NSB   Step InItr MX OK
      0   0        1.9151347175E-14 (Input point)
 
                   Pre-triangular equations:   1
                   Post-triangular equations:  8
                   Definitional equations:     4
 
      1   0        1.8707257965E-14 (After pre-processing)
      2   0        4.5796699766E-15 (After scaling)
 
 ** Feasible solution. Value of objective =    6.55175747045
 
   Iter Phase Ninf     Objective     RGmax    NSB   Step InItr MX OK
      4   3        6.5517574705E+00 6.6E-10     0
 
 ** Optimal solution. Reduced gradient less than tolerance.
 
--- Restarting execution
--- Klenertmodel_47goods_julie.gms(302) 2 Mb
--- Reading solution for model SG_SP
--- Executing after solve: elapsed 0:00:00.354
--- Klenertmodel_47goods_julie.gms(287) 3 Mb
--- Generating NLP model SG_SP
--- Klenertmodel_47goods_julie.gms(303) 5 Mb
---   44 rows  48 columns  269 non-zeroes
---   642 nl-code  202 nl-non-zeroes
--- Klenertmodel_47goods_julie.gms(303) 3 Mb
--- Executing CONOPT: elapsed 0:00:00.367
*** Error at line 303: Could not find ShortName for International Characters
--- Klenertmodel_47goods_julie.gms(303) 3 Mb 1 Error
CONOPT 3         30.1.0 re01a340 Released Jan 10, 2020 DEG x86 64bit/Mac OS X 
*** This solver runs with a demo license. No commercial use.
 
 
    C O N O P T 3   version 3.17K
    Copyright (C)   ARKI Consulting and Development A/S
                    Bagsvaerdvej 246 A
                    DK-2880 Bagsvaerd, Denmark
 
 
   Iter Phase Ninf   Infeasibility   RGmax    NSB   Step InItr MX OK
      0   0        1.8707257965E-14 (Input point)
 
                   Pre-triangular equations:   1
                   Post-triangular equations:  8
                   Definitional equations:     4
 
      1   0        1.8707257965E-14 (After pre-processing)
      2   0        4.5796699766E-15 (After scaling)
 
 ** Feasible solution. Value of objective =    6.55175747045
 
   Iter Phase Ninf     Objective     RGmax    NSB   Step InItr MX OK
      4   3        6.5517574705E+00 6.6E-10     0
 
 ** Optimal solution. Reduced gradient less than tolerance.
 
--- Restarting execution
--- Klenertmodel_47goods_julie.gms(303) 2 Mb
--- Reading solution for model SG_SP
--- Executing after solve: elapsed 0:00:00.487
--- Klenertmodel_47goods_julie.gms(287) 3 Mb
--- GDX File /Users/rasmuskaslund/OneDrive - Københavns Universitet/Seminar Environment Economics/Model med 47 grupper/sg-results_4_diff_and_L_opt.gdx
*** Status: Normal completion
--- Job Klenertmodel_47goods_julie.gms Stop 03/27/20 15:35:06 elapsed 0:00:00.495

