--- Job calibrating bs.gms Start 05/28/21 15:29:15 32.2.0 rc62c018 DEX-DEG x86 64bit/Mac OS X
--- Applying:
    /Library/Frameworks/GAMS.framework/Versions/32/Resources/gmsprmun.txt
--- GAMS Parameters defined
    Input "/Users/rasmuskaslund/Documents/GitHub/SpecialeJR /GAMS/calibrating bs.gms"
    PageSize 0
    ScrDir "/Users/rasmuskaslund/Documents/GitHub/SpecialeJR /GAMS/225b/"
    SysDir /Library/Frameworks/GAMS.framework/Versions/32/Resources/
    LogOption 3
    ErrMsg 1
    ErrorLog 99
    IDE 1
    LstTitleLeftAligned 1
GAMS 32.2.0   Copyright (C) 1987-2020 GAMS Development. All rights reserved
Licensee: Course License                                 S210104/0001AO-GEN
          University of Copenhagen, Department of Economics         DCE1064
          /Users/rasmuskaslund/Library/Application Support/GAMS/gamslice.txt
          Course license for use within the course and related course work
--- Starting compilation
--- calibrating bs.gms(108) 3 Mb
--- Starting execution: elapsed 0:00:00.005
--- calibrating bs.gms(104) 4 Mb
--- Generating CNS model calib
--- calibrating bs.gms(108) 6 Mb
---   45 rows  138 columns  290 non-zeroes
---   526 nl-code  280 nl-non-zeroes
--- calibrating bs.gms(108) 4 Mb
--- Executing CONOPT (Solvelink=2): elapsed 0:00:00.012
CONOPT 3         32.2.0 rc62c018 Released Aug 26, 2020 DEG x86 64bit/Mac OS X 
 
 
    C O N O P T 3   version 3.17L
    Copyright (C)   ARKI Consulting and Development A/S
                    Bagsvaerdvej 246 A
                    DK-2880 Bagsvaerd, Denmark
 
 
   Iter Phase Ninf   Infeasibility   RGmax    NSB   Step InItr MX OK
      0   0        8.5579648000E+01 (Input point)
 
                   Pre-triangular equations:   45
                   Post-triangular equations:  0
 
      1   0        0.0000000000E+00 (After pre-processing)
      2   0        0.0000000000E+00 (After scaling)
      2            0.0000000000E+00
 
 ** Feasible solution to a square system.
 
--- Reading solution for model calib
*** Status: Normal completion
--- Job calibrating bs.gms Stop 05/28/21 15:29:15 elapsed 0:00:00.064
