--- Job simplesteudgave.gms Start 05/27/21 11:58:39 32.2.0 rc62c018 DEX-DEG x86 64bit/Mac OS X
--- Applying:
    /Library/Frameworks/GAMS.framework/Versions/32/Resources/gmsprmun.txt
--- GAMS Parameters defined
    Input "/Users/rasmuskaslund/Documents/GitHub/SpecialeJR /Sandkassemodel/klenertmodel/simplesteudgave.gms"
    PageSize 0
    ScrDir "/Users/rasmuskaslund/Documents/GitHub/SpecialeJR /Sandkassemodel/klenertmodel/225a/"
    SysDir /Library/Frameworks/GAMS.framework/Versions/32/Resources/
    LogOption 3
    ErrMsg 1
    ErrorLog 99
    IDE 1
    GDX "/Users/rasmuskaslund/Documents/GitHub/SpecialeJR /Sandkassemodel/klenertmodel/simplesteudgave.gdx"
    LstTitleLeftAligned 1
GAMS 32.2.0   Copyright (C) 1987-2020 GAMS Development. All rights reserved
Licensee: Course License                                 S210104/0001AO-GEN
          University of Copenhagen, Department of Economics         DCE1064
          /Users/rasmuskaslund/Library/Application Support/GAMS/gamslice.txt
          Course license for use within the course and related course work
--- Starting compilation
--- simplesteudgave.gms(96) 3 Mb
--- Starting execution: elapsed 0:00:00.004
--- simplesteudgave.gms(89) 4 Mb
--- Generating CNS model Klenert
--- simplesteudgave.gms(96) 6 Mb
---   15 rows  15 columns  56 non-zeroes
---   106 nl-code  40 nl-non-zeroes
--- simplesteudgave.gms(96) 4 Mb
--- Executing CONOPT (Solvelink=2): elapsed 0:00:00.008
CONOPT 3         32.2.0 rc62c018 Released Aug 26, 2020 DEG x86 64bit/Mac OS X 
 
 
    C O N O P T 3   version 3.17L
    Copyright (C)   ARKI Consulting and Development A/S
                    Bagsvaerdvej 246 A
                    DK-2880 Bagsvaerd, Denmark
 
 
   Iter Phase Ninf   Infeasibility   RGmax    NSB   Step InItr MX OK
      0   0        2.6546481569E+00 (Input point)
 
                   Pre-triangular equations:   1
                   Post-triangular equations:  0
 
      1   0        2.6546481569E+00 (After pre-processing)
      2   0        3.0458728941E-01 (After scaling)
     10   0     0  1.0420695019E-07               1.0E+00      F  T
     12            1.2500687048E-09
 
 ** Feasible solution to a square system.
 
--- Reading solution for model Klenert
--- GDX File /Users/rasmuskaslund/Documents/GitHub/SpecialeJR /Sandkassemodel/klenertmodel/simplesteudgave.gdx
*** Status: Normal completion
--- Job simplesteudgave.gms Stop 05/27/21 11:58:39 elapsed 0:00:00.048
