--- Job Model_final.gms Start 05/21/21 12:37:18 32.2.0 rc62c018 DEX-DEG x86 64bit/Mac OS X
--- Applying:
    /Library/Frameworks/GAMS.framework/Versions/32/Resources/gmsprmun.txt
--- GAMS Parameters defined
    Input "/Users/rasmuskaslund/Documents/GitHub/SpecialeJR /Seminar Environment Economics/Final_30april/Model_final.gms"
    PageSize 0
    ScrDir "/Users/rasmuskaslund/Documents/GitHub/SpecialeJR /Seminar Environment Economics/Final_30april/225a/"
    SysDir /Library/Frameworks/GAMS.framework/Versions/32/Resources/
    LogOption 3
    ErrMsg 1
    ErrorLog 99
    IDE 1
    LstTitleLeftAligned 1
GAMS 32.2.0   Copyright (C) 1987-2020 GAMS Development. All rights reserved
Licensee: Course License                                 S210104/0001AO-GEN
          University of Copenhagen, Department of Economics         DCE1064
          /Users/rasmuskaslund/Library/Application Support/GAMS/gamslice.txt
          Course license for use within the course and related course work
--- Starting compilation
--- Model_final.gms(566) 3 Mb
--- call gdxmerge precali_before_ny.gdx precali_after_lumpanddiff.gdx precal_after_noredist.gdx precali_after_lump.gdx precali_after_unif.gdx precali_after_diff.gdx
Output file: merged.gdx
Reading file: precali_before_ny.gdx
Reading file: precali_after_lumpanddiff.gdx
Reading file: precal_after_noredist.gdx
Reading file: precali_after_lump.gdx
Reading file: precali_after_unif.gdx
Reading file: precali_after_diff.gdx
Merge complete, 6 input files merged
--- Model_final.gms(599) 3 Mb
--- Starting execution: elapsed 0:00:00.106
--- Model_final.gms(408) 4 Mb
--- GDXin=/Users/rasmuskaslund/Documents/GitHub/SpecialeJR /Seminar Environment Economics/Final_30april/precali_before_L0.gdx
--- Generating NLP model SG_SP
--- Model_final.gms(424) 6 Mb
---   447 rows  414 columns  3,670 non-zeroes
---   7,553 nl-code  2,834 nl-non-zeroes
--- Model_final.gms(424) 4 Mb
--- Executing CONOPT (Solvelink=2): elapsed 0:00:00.134
CONOPT 3         32.2.0 rc62c018 Released Aug 26, 2020 DEG x86 64bit/Mac OS X 
 
 
    C O N O P T 3   version 3.17L
    Copyright (C)   ARKI Consulting and Development A/S
                    Bagsvaerdvej 246 A
                    DK-2880 Bagsvaerd, Denmark
 
 
   Iter Phase Ninf   Infeasibility   RGmax    NSB   Step InItr MX OK
      0   0        5.2053592710E+01 (Input point)
 
                   Pre-triangular equations:   1
                   Post-triangular equations:  15
                   Definitional equations:     45
 
      1   0        2.4020340838E-12 (After pre-processing)
      2   0        2.2578161129E-12 (After scaling)
 
 ** Feasible solution. Value of objective =    1.21833436138
 
   Iter Phase Ninf     Objective     RGmax    NSB   Step InItr MX OK
      4   3        1.2183343614E+00 0.0E+00     0
 
 ** Optimal solution. There are no superbasic variables.
 
--- Reading solution for model SG_SP
--- Executing after solve: elapsed 0:00:00.266
--- Model_final.gms(408) 4 Mb
--- Generating NLP model SG_SP
--- Model_final.gms(425) 6 Mb
---   447 rows  414 columns  3,670 non-zeroes
---   7,553 nl-code  2,834 nl-non-zeroes
--- Model_final.gms(425) 4 Mb
--- Executing CONOPT (Solvelink=2): elapsed 0:00:00.292
CONOPT 3         32.2.0 rc62c018 Released Aug 26, 2020 DEG x86 64bit/Mac OS X 
 
 
    C O N O P T 3   version 3.17L
    Copyright (C)   ARKI Consulting and Development A/S
                    Bagsvaerdvej 246 A
                    DK-2880 Bagsvaerd, Denmark
 
 
   Iter Phase Ninf   Infeasibility   RGmax    NSB   Step InItr MX OK
      0   0        2.4020340838E-12 (Input point)
 
                   Pre-triangular equations:   1
                   Post-triangular equations:  15
                   Definitional equations:     45
 
      1   0        2.4020340838E-12 (After pre-processing)
      2   0        2.2578161129E-12 (After scaling)
 
 ** Feasible solution. Value of objective =    1.21833436138
 
   Iter Phase Ninf     Objective     RGmax    NSB   Step InItr MX OK
      4   3        1.2183343614E+00 0.0E+00     0
 
 ** Optimal solution. There are no superbasic variables.
 
--- Reading solution for model SG_SP
--- Executing after solve: elapsed 0:00:00.422
--- Model_final.gms(408) 4 Mb
--- Generating NLP model SG_SP
--- Model_final.gms(426) 6 Mb
---   447 rows  414 columns  3,670 non-zeroes
---   7,553 nl-code  2,834 nl-non-zeroes
--- Model_final.gms(426) 4 Mb
--- Executing CONOPT (Solvelink=2): elapsed 0:00:00.496
CONOPT 3         32.2.0 rc62c018 Released Aug 26, 2020 DEG x86 64bit/Mac OS X 
 
 
    C O N O P T 3   version 3.17L
    Copyright (C)   ARKI Consulting and Development A/S
                    Bagsvaerdvej 246 A
                    DK-2880 Bagsvaerd, Denmark
 
 
   Iter Phase Ninf   Infeasibility   RGmax    NSB   Step InItr MX OK
      0   0        2.4020340838E-12 (Input point)
 
                   Pre-triangular equations:   1
                   Post-triangular equations:  15
                   Definitional equations:     45
 
      1   0        2.4020340838E-12 (After pre-processing)
      2   0        2.2578161129E-12 (After scaling)
 
 ** Feasible solution. Value of objective =    1.21833436138
 
   Iter Phase Ninf     Objective     RGmax    NSB   Step InItr MX OK
      4   3        1.2183343614E+00 0.0E+00     0
 
 ** Optimal solution. There are no superbasic variables.
 
--- Reading solution for model SG_SP
--- Executing after solve: elapsed 0:00:00.579
--- Model_final.gms(408) 4 Mb
--- GDX File /Users/rasmuskaslund/Documents/GitHub/SpecialeJR /Seminar Environment Economics/Final_30april/precali_before_ny.gdx
--- Model_final.gms(437) 4 Mb
--- GDXin=/Users/rasmuskaslund/Documents/GitHub/SpecialeJR /Seminar Environment Economics/Final_30april/precali_before_ny.gdx
--- Generating NLP model SG_SP
--- Model_final.gms(454) 6 Mb
---   447 rows  414 columns  3,679 non-zeroes
---   7,598 nl-code  2,843 nl-non-zeroes
--- Model_final.gms(454) 4 Mb
--- Executing CONOPT (Solvelink=2): elapsed 0:00:00.607
CONOPT 3         32.2.0 rc62c018 Released Aug 26, 2020 DEG x86 64bit/Mac OS X 
 
 
    C O N O P T 3   version 3.17L
    Copyright (C)   ARKI Consulting and Development A/S
                    Bagsvaerdvej 246 A
                    DK-2880 Bagsvaerd, Denmark
 
 
   Iter Phase Ninf   Infeasibility   RGmax    NSB   Step InItr MX OK
      0   0        1.2236221348E+01 (Input point)
 
                   Pre-triangular equations:   1
                   Post-triangular equations:  15
                   Definitional equations:     45
 
      1   0        1.2199567358E+01 (After pre-processing)
      2   0        1.1054593885E+01 (After scaling)
     10   0     7  1.1054593885E+01               0.0E+00      F  F
     20   0    17  1.1054593885E+01               0.0E+00      F  F
     30   0    27  1.1054593885E+01               0.0E+00      F  F
     40   0    37  1.1054593885E+01               0.0E+00      F  F
     51   1    42  9.6282450509E+00 9.5E+00    45 2.3E-01    5 F  F
     61   1    35  7.3178384398E+00 1.3E+01    39 5.1E-04      T  T
     71   1    28  4.9372409574E+00 1.1E+01    31 3.7E-01    3 F  F
 
   Iter Phase Ninf   Infeasibility   RGmax    NSB   Step InItr MX OK
     76   1    21  3.1198517458E+00 1.0E+00    26 1.0E+00    2 T  T
     81   1    14  1.6610944150E+00 6.3E+00    17 2.9E-04      T  T
     86   1     8  8.9287411351E-01 3.5E+00    11 3.0E-01    8 F  F
     91   1     4  5.6069661516E-01 1.0E+00     8 1.7E-02      T  T
 
 ** Feasible solution. Value of objective =    1.20334141681
 
   Iter Phase Ninf     Objective     RGmax    NSB   Step InItr MX OK
    101   3        1.2111782705E+00 1.6E-02     1 1.0E+00    1 T  T
    103   3        1.2111782708E+00 0.0E+00     0
 
 ** Optimal solution. There are no superbasic variables.
 
--- Reading solution for model SG_SP
--- Executing after solve: elapsed 0:00:01.512
--- Model_final.gms(437) 4 Mb
--- Generating NLP model SG_SP
--- Model_final.gms(455) 6 Mb
---   447 rows  414 columns  3,679 non-zeroes
---   7,598 nl-code  2,843 nl-non-zeroes
--- Model_final.gms(455) 4 Mb
--- Executing CONOPT (Solvelink=2): elapsed 0:00:01.556
CONOPT 3         32.2.0 rc62c018 Released Aug 26, 2020 DEG x86 64bit/Mac OS X 
 
 
    C O N O P T 3   version 3.17L
    Copyright (C)   ARKI Consulting and Development A/S
                    Bagsvaerdvej 246 A
                    DK-2880 Bagsvaerd, Denmark
 
 
   Iter Phase Ninf   Infeasibility   RGmax    NSB   Step InItr MX OK
      0   0        6.3343373515E-14 (Input point)
 
                   Pre-triangular equations:   1
                   Post-triangular equations:  15
                   Definitional equations:     45
 
      1   0        6.6358756597E-14 (After pre-processing)
      2   0        5.1856468338E-14 (After scaling)
 
 ** Feasible solution. Value of objective =    1.21117827077
 
   Iter Phase Ninf     Objective     RGmax    NSB   Step InItr MX OK
      4   3        1.2111782708E+00 0.0E+00     0
 
 ** Optimal solution. There are no superbasic variables.
 
--- Reading solution for model SG_SP
--- Executing after solve: elapsed 0:00:01.638
--- Model_final.gms(437) 4 Mb
--- Generating NLP model SG_SP
--- Model_final.gms(456) 6 Mb
---   447 rows  414 columns  3,679 non-zeroes
---   7,598 nl-code  2,843 nl-non-zeroes
--- Model_final.gms(456) 4 Mb
--- Executing CONOPT (Solvelink=2): elapsed 0:00:01.670
CONOPT 3         32.2.0 rc62c018 Released Aug 26, 2020 DEG x86 64bit/Mac OS X 
 
 
    C O N O P T 3   version 3.17L
    Copyright (C)   ARKI Consulting and Development A/S
                    Bagsvaerdvej 246 A
                    DK-2880 Bagsvaerd, Denmark
 
 
   Iter Phase Ninf   Infeasibility   RGmax    NSB   Step InItr MX OK
      0   0        6.6358756597E-14 (Input point)
 
                   Pre-triangular equations:   1
                   Post-triangular equations:  15
                   Definitional equations:     45
 
      1   0        6.6358756597E-14 (After pre-processing)
      2   0        5.1856468338E-14 (After scaling)
 
 ** Feasible solution. Value of objective =    1.21117827077
 
   Iter Phase Ninf     Objective     RGmax    NSB   Step InItr MX OK
      4   3        1.2111782708E+00 0.0E+00     0
 
 ** Optimal solution. There are no superbasic variables.
 
--- Reading solution for model SG_SP
--- Executing after solve: elapsed 0:00:01.750
--- Model_final.gms(437) 4 Mb
--- GDX File /Users/rasmuskaslund/Documents/GitHub/SpecialeJR /Seminar Environment Economics/Final_30april/precali_after_lumpanddiff.gdx
*** Error at line 460: Execute has nonzero return code RC=1
--- Model_final.gms(463) 4 Mb 1 Error
--- GDXin=/Users/rasmuskaslund/Documents/GitHub/SpecialeJR /Seminar Environment Economics/Final_30april/precali_before_ny.gdx
*** SOLVE not executed
*** SOLVE not executed
*** SOLVE not executed
--- GDX File /Users/rasmuskaslund/Documents/GitHub/SpecialeJR /Seminar Environment Economics/Final_30april/precali_after_diff.gdx
--- Model_final.gms(485) 4 Mb
--- GDXin=/Users/rasmuskaslund/Documents/GitHub/SpecialeJR /Seminar Environment Economics/Final_30april/precali_before_ny.gdx
*** SOLVE not executed
*** SOLVE not executed
*** SOLVE not executed
--- GDX File /Users/rasmuskaslund/Documents/GitHub/SpecialeJR /Seminar Environment Economics/Final_30april/precali_after_unif.gdx
--- Model_final.gms(509) 4 Mb
--- GDXin=/Users/rasmuskaslund/Documents/GitHub/SpecialeJR /Seminar Environment Economics/Final_30april/precali_before_ny.gdx
*** SOLVE not executed
*** SOLVE not executed
*** SOLVE not executed
--- GDX File /Users/rasmuskaslund/Documents/GitHub/SpecialeJR /Seminar Environment Economics/Final_30april/precali_after_lump.gdx
--- Model_final.gms(537) 4 Mb
--- GDXin=/Users/rasmuskaslund/Documents/GitHub/SpecialeJR /Seminar Environment Economics/Final_30april/precali_before_ny.gdx
*** SOLVE not executed
*** SOLVE not executed
*** SOLVE not executed
--- GDX File /Users/rasmuskaslund/Documents/GitHub/SpecialeJR /Seminar Environment Economics/Final_30april/precal_after_noredist.gdx
--- Model_final.gms(568) 4 Mb
*** Error at line 568: Execute has nonzero return code RC=1
--- Model_final.gms(568) 4 Mb 2 Errors
*** Status: Execution error(s)
--- Job Model_final.gms Stop 05/21/21 12:37:19 elapsed 0:00:01.778
