--- Job Model_final_nyTauP.gms Start 05/21/20 14:57:51 30.1.0 re01a340 DEX-DEG x86 64bit/Mac OS X
--- GAMS Parameters defined
    Input /Users/rasmuskaslund/OneDrive - Københavns Universitet/Seminar Environment Economics/Final_30april/Model_final_nyTauP.gms
    PageSize 0
    ScrDir /Users/rasmuskaslund/OneDrive - Københavns Universitet/Seminar Environment Economics/Final_30april/225a/
    SysDir /Applications/GAMS30.1/GAMS Terminal.app/Contents/MacOS/
    LogOption 3
    ErrMsg 1
    ErrorLog 99
    IDE 1
    LstTitleLeftAligned 1
GAMS 30.1.0   Copyright (C) 1987-2020 GAMS Development. All rights reserved
Licensee: GAMS Demo license for Rasmus Kaslund           G200206|0002CO-GEN
          University of Copenhagen, Denmark                        DL001455
          rlk@econ.ku.dk, Rasmus Kaslund                                   
          Demo license for demonstration and instructional purposes only
--- Starting compilation
--- Model_final_nyTauP.gms(566) 3 Mb
--- call gdxmerge precali_before_ny.gdx precali_after_lumpanddiff.gdx precal_after_noredist.gdx precali_after_lump.gdx precali_after_unif.gdx precali_after_diff.gdx output = nye_resultater
Output file: nye_resultater.gdx
Reading file: precali_before_ny.gdx
Reading file: precali_after_lumpanddiff.gdx
Reading file: precal_after_noredist.gdx
Reading file: precali_after_lump.gdx
Reading file: precali_after_unif.gdx
Reading file: precali_after_diff.gdx
Merge complete, 6 input files merged
--- Model_final_nyTauP.gms(599) 3 Mb
--- Starting execution: elapsed 0:00:00.038
--- Model_final_nyTauP.gms(408) 4 Mb
--- GDXin=/Users/rasmuskaslund/OneDrive - Københavns Universitet/Seminar Environment Economics/Final_30april/precali_before_L0.gdx
--- Generating NLP model SG_SP
--- Model_final_nyTauP.gms(424) 6 Mb
---   447 rows  414 columns  3,670 non-zeroes
---   7,553 nl-code  2,834 nl-non-zeroes
--- Model_final_nyTauP.gms(424) 4 Mb
--- Executing CONOPT: elapsed 0:00:00.066
*** Error at line 424: Could not find ShortName for International Characters
--- Model_final_nyTauP.gms(424) 4 Mb 1 Error
CONOPT 3         30.1.0 re01a340 Released Jan 10, 2020 DEG x86 64bit/Mac OS X 
*** This solver runs with a demo license. No commercial use.
 
 
    C O N O P T 3   version 3.17K
    Copyright (C)   ARKI Consulting and Development A/S
                    Bagsvaerdvej 246 A
                    DK-2880 Bagsvaerd, Denmark
 
 
   Iter Phase Ninf   Infeasibility   RGmax    NSB   Step InItr MX OK
      0   0        5.6018736845E+01 (Input point)
 
                   Pre-triangular equations:   1
                   Post-triangular equations:  15
                   Definitional equations:     45
 
      1   0        3.9651441343E+00 (After pre-processing)
      2   0        3.9651441343E+00 (After scaling)
     11   1    34  1.2373567210E+00 7.1E+00     1 3.8E-04      F  F
 **** Non-Fatal Internal Error Number    1
      The solution process will recover and continue correctly.
 
      Please check that you have the latest version of CONOPT and
      upgrade your system -- the problem may already be fixed.
      If your system is up to date, please send a copy of your
      model (input and output files) by e-mail to adrud@arki.dk
 
     21   2     2  5.4872081519E-02 3.7E+00     1 7.7E-05      F  F
     26   2     1  6.9865389390E-03 2.7E+00     2 2.4E+00    1 T  F
     31   2     1  3.9843693404E-03 2.8E+00     1 8.1E-03      F  F
 
 ** Feasible solution. Value of objective =    1.14554753436
 
   Iter Phase Ninf     Objective     RGmax    NSB   Step InItr MX OK
     35   3        1.1463704669E+00 0.0E+00     0
 
 ** Optimal solution. There are no superbasic variables.
 
--- Restarting execution
--- Model_final_nyTauP.gms(424) 2 Mb
--- Reading solution for model SG_SP
--- Executing after solve: elapsed 0:00:00.511
--- Model_final_nyTauP.gms(408) 3 Mb
--- Generating NLP model SG_SP
--- Model_final_nyTauP.gms(425) 5 Mb
---   447 rows  414 columns  3,670 non-zeroes
---   7,553 nl-code  2,834 nl-non-zeroes
--- Model_final_nyTauP.gms(425) 3 Mb
--- Executing CONOPT: elapsed 0:00:00.527
*** Error at line 425: Could not find ShortName for International Characters
--- Model_final_nyTauP.gms(425) 3 Mb 1 Error
CONOPT 3         30.1.0 re01a340 Released Jan 10, 2020 DEG x86 64bit/Mac OS X 
*** This solver runs with a demo license. No commercial use.
 
 
    C O N O P T 3   version 3.17K
    Copyright (C)   ARKI Consulting and Development A/S
                    Bagsvaerdvej 246 A
                    DK-2880 Bagsvaerd, Denmark
 
 
   Iter Phase Ninf   Infeasibility   RGmax    NSB   Step InItr MX OK
      0   0        1.8765393485E-09 (Input point)
 
                   Pre-triangular equations:   1
                   Post-triangular equations:  15
                   Definitional equations:     45
 
      1   0        1.8077263932E-09 (After pre-processing)
      2   0        4.6844071081E-10 (After scaling)
 
 ** Feasible solution. Value of objective =    1.14637046691
 
   Iter Phase Ninf     Objective     RGmax    NSB   Step InItr MX OK
      4   3        1.1463704669E+00 0.0E+00     0
 
 ** Optimal solution. There are no superbasic variables.
 
--- Restarting execution
--- Model_final_nyTauP.gms(425) 2 Mb
--- Reading solution for model SG_SP
--- Executing after solve: elapsed 0:00:00.617
--- Model_final_nyTauP.gms(408) 3 Mb
--- Generating NLP model SG_SP
--- Model_final_nyTauP.gms(426) 5 Mb
---   447 rows  414 columns  3,670 non-zeroes
---   7,553 nl-code  2,834 nl-non-zeroes
--- Model_final_nyTauP.gms(426) 3 Mb
--- Executing CONOPT: elapsed 0:00:00.646
*** Error at line 426: Could not find ShortName for International Characters
--- Model_final_nyTauP.gms(426) 3 Mb 1 Error
CONOPT 3         30.1.0 re01a340 Released Jan 10, 2020 DEG x86 64bit/Mac OS X 
*** This solver runs with a demo license. No commercial use.
 
 
    C O N O P T 3   version 3.17K
    Copyright (C)   ARKI Consulting and Development A/S
                    Bagsvaerdvej 246 A
                    DK-2880 Bagsvaerd, Denmark
 
 
   Iter Phase Ninf   Infeasibility   RGmax    NSB   Step InItr MX OK
      0   0        1.8077263932E-09 (Input point)
 
                   Pre-triangular equations:   1
                   Post-triangular equations:  15
                   Definitional equations:     45
 
      1   0        1.8077263932E-09 (After pre-processing)
      2   0        4.6844071081E-10 (After scaling)
 
 ** Feasible solution. Value of objective =    1.14637046691
 
   Iter Phase Ninf     Objective     RGmax    NSB   Step InItr MX OK
      4   3        1.1463704669E+00 0.0E+00     0
 
 ** Optimal solution. There are no superbasic variables.
 
--- Restarting execution
--- Model_final_nyTauP.gms(426) 2 Mb
--- Reading solution for model SG_SP
--- Executing after solve: elapsed 0:00:00.831
--- Model_final_nyTauP.gms(408) 3 Mb
--- GDX File /Users/rasmuskaslund/OneDrive - Københavns Universitet/Seminar Environment Economics/Final_30april/precali_before_ny.gdx
--- Model_final_nyTauP.gms(568) 3 Mb
*** Error at line 568: Execute has nonzero return code RC=1
--- Model_final_nyTauP.gms(568) 3 Mb 1 Error
*** Status: Execution error(s)
--- Job Model_final_nyTauP.gms Stop 05/21/20 14:57:51 elapsed 0:00:00.852

