#
# A fatal error has been detected by the Java Runtime Environment:
#
#  SIGSEGV (0xb) at pc=0x000000011369b7bb, pid=90112, tid=775
#
# JRE version: Java(TM) SE Runtime Environment (8.0_25-b17) (build 1.8.0_25-b17)
# Java VM: Java HotSpot(TM) 64-Bit Server VM (25.25-b02 mixed mode bsd-amd64 compressed oops)
# Problematic frame:
# C  [grid.so+0x1a7bb]  initVP+0xab
#
# Failed to write core dump. Core dumps have been disabled. To enable core dumping, try "ulimit -c unlimited" before starting Java again
#
# If you would like to submit a bug report, please visit:
#   http://bugreport.sun.com/bugreport/crash.jsp
# The crash happened outside the Java Virtual Machine in native code.
# See problematic frame for where to report the bug.
#

---------------  T H R E A D  ---------------

Current thread (0x00007fcf84cc1800):  JavaThread "main" [_thread_in_native, id=775, stack(0x00007ffee1045000,0x00007ffee1845000)]

siginfo: si_signo: 11 (SIGSEGV), si_code: 1 (SEGV_MAPERR), si_addr: 0x00000000e0000018

Registers:
RAX=0x00000000e0000018, RBX=0x00007fcf72c0c448, RCX=0x000000010f65e440, RDX=0x0000000000000045
RSP=0x00007ffee1830580, RBP=0x00007ffee18305b0, RSI=0x000000010ff1a000, RDI=0x0000000000000046
R8 =0x000000000085994b, R9 =0x0000000000000000, R10=0x000000010f65dc50, R11=0x0000000000000019
R12=0x00007fcf57ca4cc0, R13=0x00007fcf52acee00, R14=0x00007fcf57ca4cc0, R15=0x00007fcf8d7b5e38
RIP=0x000000011369b7bb, EFLAGS=0x0000000000010287, ERR=0x0000000000000004
  TRAPNO=0x000000000000000e

Top of Stack: (sp=0x00007ffee1830580)
0x00007ffee1830580:   00007fcf7d648928 00007ffee18305d8
0x00007ffee1830590:   00007fcf79805850 000000010f65e428
0x00007ffee18305a0:   00007fcf57ca4cc0 00007fcf7f8092e0
0x00007ffee18305b0:   00007ffee1830720 00000001136944d2
0x00007ffee18305c0:   00007fcf898dc130 00007fcf7d648928
0x00007ffee18305d0:   00007fcf7f8092e0 ffffffffff000000
0x00007ffee18305e0:   3ff0000000000000 3ff0000000000000
0x00007ffee18305f0:   0000000100000000 0000000100000001
0x00007ffee1830600:   4024000000000000 3ff0000000000000
0x00007ffee1830610:   4028000000000000 3ff3333333333333
0x00007ffee1830620:   00007f0000000001 000000010f2b4e54
0x00007ffee1830630:   000000010f65e440 00007fcf798057e0
0x00007ffee1830640:   00007fcf67ae3630 000000010f65e428
0x00007ffee1830650:   00007fcf79805850 00007fcf67ae3630
0x00007ffee1830660:   00007ffee18306b0 000000010f2b0f33
0x00007ffee1830670:   000000010f65e4e0 000000010f65e4d8
0x00007ffee1830680:   0000000100000003 00007fcf798057e0
0x00007ffee1830690:   000000010f65e440 000000010f65e428
0x00007ffee18306a0:   eff2cdab0dc900b7 00007fcf64234000
0x00007ffee18306b0:   00007fcf57ca4cc0 00007fcf7f8092e0
0x00007ffee18306c0:   00007fcf79805850 00007fcf79805850
0x00007ffee18306d0:   00007ffee1830720 0000000110ae5fa0
0x00007ffee18306e0:   eff2cdab0dc900b7 00007fcf64234000
0x00007ffee18306f0:   eff2cdab0dc900b7 0000000000000007
0x00007ffee1830700:   0000000000000002 000000010f65e428
0x00007ffee1830710:   00007fcf79805850 00007fcf57ca4cc0
0x00007ffee1830720:   00007ffee1830760 000000010f2bd2b0
0x00007ffee1830730:   0000000000000000 000000000000001e
0x00007ffee1830740:   00007fcf57ca4cc0 0000000000000001
0x00007ffee1830750:   00007fcf83af90e0 000000010f65e428
0x00007ffee1830760:   00007ffee1830790 000000010f2bd4fa
0x00007ffee1830770:   00007ffee1830c10 00007fcf581ca840 

Instructions: (pc=0x000000011369b7bb)
0x000000011369b79b:   00 00 be 02 00 00 00 bf 0e 00 00 00 e8 6c 02 00
0x000000011369b7ab:   00 48 89 c3 48 89 c7 e8 27 03 00 00 49 8b 04 24
0x000000011369b7bb:   4c 8b 30 48 89 df e8 e0 01 00 00 4c 89 30 49 8b
0x000000011369b7cb:   04 24 4c 8b 70 08 48 89 df e8 cd 01 00 00 4c 89 

Register to memory mapping:

RAX=0x00000000e0000018 is an unknown value
RBX=0x00007fcf72c0c448 is an unknown value
RCX=0x000000010f65e440: R_PPStackTop+0 in /Library/Frameworks/R.framework/Resources/lib/libR.dylib at 0x000000010f220000
RDX=0x0000000000000045 is an unknown value
RSP=0x00007ffee1830580 is pointing into the stack for thread: 0x00007fcf84cc1800
RBP=0x00007ffee18305b0 is pointing into the stack for thread: 0x00007fcf84cc1800
RSI=0x000000010ff1a000 is an unknown value
RDI=0x0000000000000046 is an unknown value
R8 =0x000000000085994b is an unknown value
R9 =0x0000000000000000 is an unknown value
R10=0x000000010f65dc50: R_EvalDepth+0 in /Library/Frameworks/R.framework/Resources/lib/libR.dylib at 0x000000010f220000
R11=0x0000000000000019 is an unknown value
R12=0x00007fcf57ca4cc0 is an unknown value
R13=0x00007fcf52acee00 is an unknown value
R14=0x00007fcf57ca4cc0 is an unknown value
R15=0x00007fcf8d7b5e38 is an unknown value


Stack: [0x00007ffee1045000,0x00007ffee1845000],  sp=0x00007ffee1830580,  free space=8109k
Native frames: (J=compiled Java code, j=interpreted, Vv=VM code, C=native code)
C  [grid.so+0x1a7bb]  initVP+0xab
C  [grid.so+0x134d2]  gridCallback+0x322
C  [libR.dylib+0x9d2b0]  GEplayDisplayList+0x60
C  [libR.dylib+0x9d4fa]  GEcopyDisplayList+0x9a
C  [rsession+0x9c80f0]  rstudio_boost::asio::detail::descriptor_write_op_base<rstudio_boost::asio::const_buffers_1>::do_perform(rstudio_boost::asio::detail::reactor_op*)+0x78ec0
C  [libR.dylib+0x85ecc]  R_doDotCall+0x58c
C  [libR.dylib+0x8787e]  do_dotcall+0x14e
C  [libR.dylib+0xb64f9]  Rf_eval+0x5d9
C  [libR.dylib+0xd46ac]  forcePromise+0xac
C  [libR.dylib+0xdfe8a]  getvar+0x30a
C  [libR.dylib+0xba267]  bcEval+0x3a87
C  [libR.dylib+0xb60a1]  Rf_eval+0x181
C  [libR.dylib+0xd46ac]  forcePromise+0xac
C  [libR.dylib+0xdfe8a]  getvar+0x30a
C  [libR.dylib+0xba267]  bcEval+0x3a87
C  [libR.dylib+0xb60a1]  Rf_eval+0x181
C  [libR.dylib+0xd46ac]  forcePromise+0xac
C  [libR.dylib+0xdfe8a]  getvar+0x30a
C  [libR.dylib+0xba267]  bcEval+0x3a87
C  [libR.dylib+0xb60a1]  Rf_eval+0x181
C  [libR.dylib+0xd46ac]  forcePromise+0xac
C  [libR.dylib+0xdfe8a]  getvar+0x30a
C  [libR.dylib+0xba267]  bcEval+0x3a87
C  [libR.dylib+0xb60a1]  Rf_eval+0x181
C  [libR.dylib+0xd6199]  R_execClosure+0x879
C  [libR.dylib+0xd4f97]  Rf_applyClosure+0x1d7
C  [libR.dylib+0xbd02f]  bcEval+0x684f
C  [libR.dylib+0xb60a1]  Rf_eval+0x181
C  [libR.dylib+0xd6199]  R_execClosure+0x879
C  [libR.dylib+0xd4f97]  Rf_applyClosure+0x1d7
C  [libR.dylib+0xbd02f]  bcEval+0x684f
C  [libR.dylib+0xb60a1]  Rf_eval+0x181
C  [libR.dylib+0xd6199]  R_execClosure+0x879
C  [libR.dylib+0xd4f97]  Rf_applyClosure+0x1d7
C  [libR.dylib+0xbd02f]  bcEval+0x684f
C  [libR.dylib+0xb60a1]  Rf_eval+0x181
C  [libR.dylib+0xd6199]  R_execClosure+0x879
C  [libR.dylib+0xd4f97]  Rf_applyClosure+0x1d7
C  [libR.dylib+0xb6572]  Rf_eval+0x652
C  [libR.dylib+0xd8b2e]  do_begin+0x1ce
C  [libR.dylib+0xb6297]  Rf_eval+0x377
C  [libR.dylib+0xd6199]  R_execClosure+0x879
C  [libR.dylib+0xd4f97]  Rf_applyClosure+0x1d7
C  [libR.dylib+0xb6572]  Rf_eval+0x652
C  [libR.dylib+0x72064]  protectedEval+0x24
C  [libR.dylib+0x71f3d]  R_ToplevelExec+0x27d
C  [libR.dylib+0x7200c]  R_tryEval+0x2c
C  [rsession+0x98b400]  rstudio_boost::asio::detail::descriptor_write_op_base<rstudio_boost::asio::const_buffers_1>::do_perform(rstudio_boost::asio::detail::reactor_op*)+0x3c1d0
C  [rsession+0x98c693]  rstudio_boost::asio::detail::descriptor_write_op_base<rstudio_boost::asio::const_buffers_1>::do_perform(rstudio_boost::asio::detail::reactor_op*)+0x3d463
C  [rsession+0x98c50f]  rstudio_boost::asio::detail::descriptor_write_op_base<rstudio_boost::asio::const_buffers_1>::do_perform(rstudio_boost::asio::detail::reactor_op*)+0x3d2df
C  [rsession+0x9f0ec6]  rstudio_boost::asio::detail::descriptor_write_op_base<rstudio_boost::asio::const_buffers_1>::do_perform(rstudio_boost::asio::detail::reactor_op*)+0xa1c96
C  [rsession+0x9f08f3]  rstudio_boost::asio::detail::descriptor_write_op_base<rstudio_boost::asio::const_buffers_1>::do_perform(rstudio_boost::asio::detail::reactor_op*)+0xa16c3
C  [rsession+0x9d1806]  rstudio_boost::asio::detail::descriptor_write_op_base<rstudio_boost::asio::const_buffers_1>::do_perform(rstudio_boost::asio::detail::reactor_op*)+0x825d6
C  [rsession+0x9d5674]  rstudio_boost::asio::detail::descriptor_write_op_base<rstudio_boost::asio::const_buffers_1>::do_perform(rstudio_boost::asio::detail::reactor_op*)+0x86444
C  [rsession+0x9d67c2]  rstudio_boost::asio::detail::descriptor_write_op_base<rstudio_boost::asio::const_buffers_1>::do_perform(rstudio_boost::asio::detail::reactor_op*)+0x87592
C  [rsession+0x9e295f]  rstudio_boost::asio::detail::descriptor_write_op_base<rstudio_boost::asio::const_buffers_1>::do_perform(rstudio_boost::asio::detail::reactor_op*)+0x9372f
C  [rsession+0x3aee86]  rstudio_boost::asio::execution_context::service* rstudio_boost::asio::detail::service_registry::create<rstudio_boost::asio::detail::reactive_socket_service<rstudio_boost::asio::local::stream_protocol>, rstudio_boost::asio::io_context>(void*)+0x1cc086
C  [rsession+0x176909]  rstudio_boost::asio::detail::reactive_socket_accept_op_base<rstudio_boost::asio::basic_socket<rstudio_boost::asio::ip::tcp>, rstudio_boost::asio::ip::tcp>::do_perform(rstudio_boost::asio::detail::reactor_op*)+0xae389
C  [rsession+0x176558]  rstudio_boost::asio::detail::reactive_socket_accept_op_base<rstudio_boost::asio::basic_socket<rstudio_boost::asio::ip::tcp>, rstudio_boost::asio::ip::tcp>::do_perform(rstudio_boost::asio::detail::reactor_op*)+0xadfd8
C  [rsession+0x1a181b]  rstudio_boost::asio::detail::reactive_socket_accept_op_base<rstudio_boost::asio::basic_socket<rstudio_boost::asio::ip::tcp>, rstudio_boost::asio::ip::tcp>::do_perform(rstudio_boost::asio::detail::reactor_op*)+0xd929b
C  [rsession+0x1084d5]  rstudio_boost::asio::detail::reactive_socket_accept_op_base<rstudio_boost::asio::basic_socket<rstudio_boost::asio::ip::tcp>, rstudio_boost::asio::ip::tcp>::do_perform(rstudio_boost::asio::detail::reactor_op*)+0x3ff55
C  [rsession+0x9f27e2]  rstudio_boost::asio::detail::descriptor_write_op_base<rstudio_boost::asio::const_buffers_1>::do_perform(rstudio_boost::asio::detail::reactor_op*)+0xa35b2
C  [libR.dylib+0x202976]  R_ProcessEvents+0x36
C  [libR.dylib+0xade1d]  R_CheckUserInterrupt+0x4d
C  [libR.dylib+0xb912d]  bcEval+0x294d
C  [libR.dylib+0xb60a1]  Rf_eval+0x181
C  [libR.dylib+0xd6199]  R_execClosure+0x879
C  [libR.dylib+0xd4f97]  Rf_applyClosure+0x1d7
C  [libR.dylib+0x11f4e7]  dispatchMethod+0x307
C  [libR.dylib+0x11f1af]  Rf_usemethod+0x2df
C  [libR.dylib+0x11f807]  do_usemethod+0x2e7
C  [libR.dylib+0xbd99d]  bcEval+0x71bd
C  [libR.dylib+0xb60a1]  Rf_eval+0x181
C  [libR.dylib+0xd6199]  R_execClosure+0x879
C  [libR.dylib+0xd4f97]  Rf_applyClosure+0x1d7
C  [libR.dylib+0xbd02f]  bcEval+0x684f
C  [libR.dylib+0xb60a1]  Rf_eval+0x181
C  [libR.dylib+0xd6199]  R_execClosure+0x879
C  [libR.dylib+0xd4f97]  Rf_applyClosure+0x1d7
C  [libR.dylib+0xbd02f]  bcEval+0x684f
C  [libR.dylib+0xb60a1]  Rf_eval+0x181
C  [libR.dylib+0xd6199]  R_execClosure+0x879
C  [libR.dylib+0xd4f97]  Rf_applyClosure+0x1d7
C  [libR.dylib+0xbd02f]  bcEval+0x684f
C  [libR.dylib+0xb60a1]  Rf_eval+0x181
C  [libR.dylib+0xd6199]  R_execClosure+0x879
C  [libR.dylib+0xd4f97]  Rf_applyClosure+0x1d7
C  [libR.dylib+0xb6572]  Rf_eval+0x652
C  [stats.so+0x659bd]  fmingr+0x9dd
C  [libR.dylib+0x1c4265]  vmmin+0x9a5
C  [stats.so+0x64865]  optim+0x15b5
C  [libR.dylib+0x84c28]  do_External+0x128
C  [libR.dylib+0xbd7c5]  bcEval+0x6fe5
C  [libR.dylib+0xb60a1]  Rf_eval+0x181
C  [libR.dylib+0xd6199]  R_execClosure+0x879
C  [libR.dylib+0xd4f97]  Rf_applyClosure+0x1d7
C  [libR.dylib+0xbd02f]  bcEval+0x684f
C  [libR.dylib+0xd84d4]  R_compileAndExecute+0x2e4
C  [libR.dylib+0xd772d]  do_for+0xdd
C  [libR.dylib+0xb6297]  Rf_eval+0x377
...<more frames>...


---------------  P R O C E S S  ---------------

Java Threads: ( => current thread )
  0x00007fcf8833a800 JavaThread "Service Thread" daemon [_thread_blocked, id=22275, stack(0x0000700002f97000,0x0000700003197000)]
  0x00007fcf84e48800 JavaThread "C1 CompilerThread2" daemon [_thread_blocked, id=22019, stack(0x0000700002e94000,0x0000700002f94000)]
  0x00007fcf854f6800 JavaThread "C2 CompilerThread1" daemon [_thread_blocked, id=21763, stack(0x0000700002d91000,0x0000700002e91000)]
  0x00007fcf87f41800 JavaThread "C2 CompilerThread0" daemon [_thread_blocked, id=15107, stack(0x0000700002c8e000,0x0000700002d8e000)]
  0x00007fcf8277e800 JavaThread "Attach Listener" daemon [_thread_blocked, id=15619, stack(0x0000700002a8b000,0x0000700002c8b000)]
  0x00007fcf81f8a000 JavaThread "Finalizer" daemon [_thread_blocked, id=13315, stack(0x0000700002888000,0x0000700002a88000)]
  0x00007fcf84dbb000 JavaThread "Reference Handler" daemon [_thread_blocked, id=12803, stack(0x0000700002685000,0x0000700002885000)]
=>0x00007fcf84cc1800 JavaThread "main" [_thread_in_native, id=775, stack(0x00007ffee1045000,0x00007ffee1845000)]

Other Threads:
  0x00007fcf891de000 VMThread [stack: 0x0000700002582000,0x0000700002682000] [id=17155]
  0x00007fcf84abe800 WatcherThread [stack: 0x000070000319a000,0x000070000329a000] [id=42755]

VM state:not at safepoint (normal execution)

VM Mutex/Monitor currently owned by a thread: None

Heap:
 PSYoungGen      total 38400K, used 11396K [0x00000007b5580000, 0x00000007b8000000, 0x00000007c0000000)
  eden space 33280K, 18% used [0x00000007b5580000,0x00000007b5ba4630,0x00000007b7600000)
  from space 5120K, 99% used [0x00000007b7600000,0x00000007b7afcc28,0x00000007b7b00000)
  to   space 5120K, 0% used [0x00000007b7b00000,0x00000007b7b00000,0x00000007b8000000)
 ParOldGen       total 87552K, used 2172K [0x00000007a0000000, 0x00000007a5580000, 0x00000007b5580000)
  object space 87552K, 2% used [0x00000007a0000000,0x00000007a021f188,0x00000007a5580000)
 Metaspace       used 11418K, capacity 11560K, committed 11776K, reserved 1058816K
  class space    used 1382K, capacity 1436K, committed 1536K, reserved 1048576K

Card table byte_map: [0x0000000113bf9000,0x0000000113cfa000] byte_map_base: 0x000000010fef9000

Marking Bits: (ParMarkBitMap*) 0x00000001159a1390
 Begin Bits: [0x000000012548b000, 0x0000000125c8b000)
 End Bits:   [0x0000000125c8b000, 0x000000012648b000)

Polling page: 0x000000010f7df000

CodeCache: size=245760Kb used=4419Kb max_used=4431Kb free=241340Kb
 bounds [0x0000000116020000, 0x0000000116480000, 0x0000000125020000]
 total_blobs=1548 nmethods=1214 adapters=248
 compilation: enabled

Compilation events (10 events):
Event: 135415.650 Thread 0x00007fcf84e48800 1214       3       java.net.URI$Parser::scan (50 bytes)
Event: 135415.651 Thread 0x00007fcf84e48800 nmethod 1214 0x000000011646df10 code [0x000000011646e0e0, 0x000000011646e948]
Event: 135415.651 Thread 0x00007fcf84e48800 1213       3       java.net.URI$Parser::at (20 bytes)
Event: 135415.652 Thread 0x00007fcf84e48800 nmethod 1213 0x000000011646d6d0 code [0x000000011646d860, 0x000000011646dca8]
Event: 135415.652 Thread 0x00007fcf84e48800 1212       3       java.util.regex.Matcher::matches (10 bytes)
Event: 135415.652 Thread 0x00007fcf84e48800 nmethod 1212 0x000000011646d2d0 code [0x000000011646d440, 0x000000011646d648]
Event: 135415.653 Thread 0x00007fcf854f6800 nmethod 1186 0x0000000116475bd0 code [0x0000000116475d80, 0x00000001164764d0]
Event: 135415.653 Thread 0x00007fcf854f6800 1190       4       org.apache.xmlbeans.impl.store.Saver$TextSaver::getAvailable (22 bytes)
Event: 135415.653 Thread 0x00007fcf854f6800 nmethod 1190 0x0000000116423610 code [0x0000000116423760, 0x00000001164237d8]
Event: 135415.655 Thread 0x00007fcf87f41800 nmethod 1193 0x0000000116476a90 code [0x0000000116476c20, 0x0000000116477268]

GC Heap History (2 events):
Event: 135398.007 GC heap before
{Heap before GC invocations=1 (full 0):
 PSYoungGen      total 38400K, used 33280K [0x00000007b5580000, 0x00000007b8000000, 0x00000007c0000000)
  eden space 33280K, 100% used [0x00000007b5580000,0x00000007b7600000,0x00000007b7600000)
  from space 5120K, 0% used [0x00000007b7b00000,0x00000007b7b00000,0x00000007b8000000)
  to   space 5120K, 0% used [0x00000007b7600000,0x00000007b7600000,0x00000007b7b00000)
 ParOldGen       total 87552K, used 0K [0x00000007a0000000, 0x00000007a5580000, 0x00000007b5580000)
  object space 87552K, 0% used [0x00000007a0000000,0x00000007a0000000,0x00000007a5580000)
 Metaspace       used 10761K, capacity 10908K, committed 11136K, reserved 1058816K
  class space    used 1320K, capacity 1370K, committed 1408K, reserved 1048576K
Event: 135398.055 GC heap after
Heap after GC invocations=1 (full 0):
 PSYoungGen      total 38400K, used 5107K [0x00000007b5580000, 0x00000007b8000000, 0x00000007c0000000)
  eden space 33280K, 0% used [0x00000007b5580000,0x00000007b5580000,0x00000007b7600000)
  from space 5120K, 99% used [0x00000007b7600000,0x00000007b7afcc28,0x00000007b7b00000)
  to   space 5120K, 0% used [0x00000007b7b00000,0x00000007b7b00000,0x00000007b8000000)
 ParOldGen       total 87552K, used 2172K [0x00000007a0000000, 0x00000007a5580000, 0x00000007b5580000)
  object space 87552K, 2% used [0x00000007a0000000,0x00000007a021f188,0x00000007a5580000)
 Metaspace       used 10761K, capacity 10908K, committed 11136K, reserved 1058816K
  class space    used 1320K, capacity 1370K, committed 1408K, reserved 1048576K
}

Deoptimization events (10 events):
Event: 135397.836 Thread 0x00007fcf84cc1800 Uncommon trap: reason=class_check action=maybe_recompile pc=0x000000011625f9d0 method=java.io.FilterInputStream.read([BII)I @ 7
Event: 135397.850 Thread 0x00007fcf84cc1800 Uncommon trap: reason=class_check action=maybe_recompile pc=0x000000011625f9d0 method=java.io.FilterInputStream.read([BII)I @ 7
Event: 135397.850 Thread 0x00007fcf84cc1800 Uncommon trap: reason=class_check action=maybe_recompile pc=0x000000011625f9d0 method=java.io.FilterInputStream.read([BII)I @ 7
Event: 135397.850 Thread 0x00007fcf84cc1800 Uncommon trap: reason=class_check action=maybe_recompile pc=0x000000011625f9d0 method=java.io.FilterInputStream.read([BII)I @ 7
Event: 135397.852 Thread 0x00007fcf84cc1800 Uncommon trap: reason=class_check action=maybe_recompile pc=0x00000001162177f8 method=java.util.zip.InflaterInputStream.read([BII)I @ 100
Event: 135397.853 Thread 0x00007fcf84cc1800 Uncommon trap: reason=class_check action=maybe_recompile pc=0x00000001162177f8 method=java.util.zip.InflaterInputStream.read([BII)I @ 100
Event: 135397.853 Thread 0x00007fcf84cc1800 Uncommon trap: reason=class_check action=maybe_recompile pc=0x00000001162177f8 method=java.util.zip.InflaterInputStream.read([BII)I @ 100
Event: 135397.853 Thread 0x00007fcf84cc1800 Uncommon trap: reason=class_check action=maybe_recompile pc=0x00000001162177f8 method=java.util.zip.InflaterInputStream.read([BII)I @ 100
Event: 135398.180 Thread 0x00007fcf84cc1800 Uncommon trap: reason=unreached action=reinterpret pc=0x000000011632b2a0 method=org.apache.xmlbeans.impl.store.Cur.moveToNoCheck(Lorg/apache/xmlbeans/impl/store/Xobj;I)V @ 13
Event: 135398.180 Thread 0x00007fcf84cc1800 Uncommon trap: reason=unreached action=reinterpret pc=0x00000001163274a0 method=org.apache.xmlbeans.impl.store.Cur.moveToNoCheck(Lorg/apache/xmlbeans/impl/store/Xobj;I)V @ 13

Internal exceptions (10 events):
Event: 135415.513 Thread 0x00007fcf84cc1800 Exception <a 'java/security/PrivilegedActionException'> (0x00000007b598ab28) thrown at [/HUDSON3/workspace/8-2-build-macosx-x86_64/jdk8u25/1514/hotspot/src/share/vm/prims/jvm.cpp, line 1312]
Event: 135415.514 Thread 0x00007fcf84cc1800 Exception <a 'java/security/PrivilegedActionException'> (0x00000007b598c1a8) thrown at [/HUDSON3/workspace/8-2-build-macosx-x86_64/jdk8u25/1514/hotspot/src/share/vm/prims/jvm.cpp, line 1312]
Event: 135415.533 Thread 0x00007fcf84cc1800 Exception <a 'java/security/PrivilegedActionException'> (0x00000007b59ccb50) thrown at [/HUDSON3/workspace/8-2-build-macosx-x86_64/jdk8u25/1514/hotspot/src/share/vm/prims/jvm.cpp, line 1312]
Event: 135415.533 Thread 0x00007fcf84cc1800 Exception <a 'java/security/PrivilegedActionException'> (0x00000007b59ce4f0) thrown at [/HUDSON3/workspace/8-2-build-macosx-x86_64/jdk8u25/1514/hotspot/src/share/vm/prims/jvm.cpp, line 1312]
Event: 135415.541 Thread 0x00007fcf84cc1800 Exception <a 'java/security/PrivilegedActionException'> (0x00000007b59e21b8) thrown at [/HUDSON3/workspace/8-2-build-macosx-x86_64/jdk8u25/1514/hotspot/src/share/vm/prims/jvm.cpp, line 1312]
Event: 135415.542 Thread 0x00007fcf84cc1800 Exception <a 'java/security/PrivilegedActionException'> (0x00000007b59e3b10) thrown at [/HUDSON3/workspace/8-2-build-macosx-x86_64/jdk8u25/1514/hotspot/src/share/vm/prims/jvm.cpp, line 1312]
Event: 135415.545 Thread 0x00007fcf84cc1800 Exception <a 'java/security/PrivilegedActionException'> (0x00000007b59eaf98) thrown at [/HUDSON3/workspace/8-2-build-macosx-x86_64/jdk8u25/1514/hotspot/src/share/vm/prims/jvm.cpp, line 1312]
Event: 135415.546 Thread 0x00007fcf84cc1800 Exception <a 'java/security/PrivilegedActionException'> (0x00000007b59ec828) thrown at [/HUDSON3/workspace/8-2-build-macosx-x86_64/jdk8u25/1514/hotspot/src/share/vm/prims/jvm.cpp, line 1312]
Event: 135415.548 Thread 0x00007fcf84cc1800 Exception <a 'java/security/PrivilegedActionException'> (0x00000007b59f1d20) thrown at [/HUDSON3/workspace/8-2-build-macosx-x86_64/jdk8u25/1514/hotspot/src/share/vm/prims/jvm.cpp, line 1312]
Event: 135415.548 Thread 0x00007fcf84cc1800 Exception <a 'java/security/PrivilegedActionException'> (0x00000007b59f3290) thrown at [/HUDSON3/workspace/8-2-build-macosx-x86_64/jdk8u25/1514/hotspot/src/share/vm/prims/jvm.cpp, line 1312]

Events (10 events):
Event: 135415.513 loading class org/openxmlformats/schemas/drawingml/x2006/main/ThemeDocument$Factory
Event: 135415.513 loading class org/openxmlformats/schemas/drawingml/x2006/main/ThemeDocument$Factory done
Event: 135415.533 loading class org/openxmlformats/schemas/drawingml/x2006/main/impl/ThemeDocumentImpl
Event: 135415.533 loading class org/openxmlformats/schemas/drawingml/x2006/main/impl/ThemeDocumentImpl done
Event: 135415.541 loading class org/openxmlformats/schemas/spreadsheetml/x2006/main/impl/CTDxfsImpl
Event: 135415.541 loading class org/openxmlformats/schemas/spreadsheetml/x2006/main/impl/CTDxfsImpl done
Event: 135415.545 loading class org/openxmlformats/schemas/spreadsheetml/x2006/main/CTDxfs
Event: 135415.545 loading class org/openxmlformats/schemas/spreadsheetml/x2006/main/CTDxfs done
Event: 135415.548 loading class org/openxmlformats/schemas/spreadsheetml/x2006/main/CTDxf
Event: 135415.548 loading class org/openxmlformats/schemas/spreadsheetml/x2006/main/CTDxf done


Dynamic libraries:
0x000000010f220000 	/Library/Frameworks/R.framework/Resources/lib/libR.dylib
0x000000000551a000 	/System/Library/Frameworks/AppKit.framework/Versions/C/AppKit
0x000000000551a000 	/System/Library/Frameworks/ApplicationServices.framework/Versions/A/ApplicationServices
0x000000000551a000 	/System/Library/Frameworks/CoreFoundation.framework/Versions/A/CoreFoundation
0x000000000551a000 	/System/Library/Frameworks/Foundation.framework/Versions/C/Foundation
0x000000000551a000 	/System/Library/Frameworks/IOKit.framework/Versions/A/IOKit
0x000000000551a000 	/System/Library/Frameworks/Security.framework/Versions/A/Security
0x000000000551a000 	/usr/lib/libbsm.0.dylib
0x000000000551a000 	/usr/lib/libsqlite3.dylib
0x000000010f716000 	/Applications/RStudio.app/Contents/Frameworks/libpq.5.dylib
0x000000000551a000 	/usr/lib/libSystem.B.dylib
0x000000000551a000 	/usr/lib/libz.1.dylib
0x000000000551a000 	/System/Library/Frameworks/CoreServices.framework/Versions/A/CoreServices
0x000000010f75f000 	/Applications/RStudio.app/Contents/Frameworks/libssl.1.1.dylib
0x000000010f7e2000 	/Applications/RStudio.app/Contents/Frameworks/libcrypto.1.1.dylib
0x000000000551a000 	/usr/lib/libc++.1.dylib
0x000000000551a000 	/System/Library/Frameworks/CoreGraphics.framework/Versions/A/CoreGraphics
0x000000000551a000 	/System/Library/Frameworks/CoreText.framework/Versions/A/CoreText
0x000000000551a000 	/usr/lib/libobjc.A.dylib
0x000000000551a000 	/System/Library/PrivateFrameworks/RemoteViewServices.framework/Versions/A/RemoteViewServices
0x000000000551a000 	/System/Library/PrivateFrameworks/UIFoundation.framework/Versions/A/UIFoundation
0x000000000551a000 	/System/Library/PrivateFrameworks/XCTTargetBootstrap.framework/Versions/A/XCTTargetBootstrap
0x000000000551a000 	/System/Library/PrivateFrameworks/IconServices.framework/Versions/A/IconServices
0x000000000551a000 	/System/Library/Frameworks/Metal.framework/Versions/A/Metal
0x000000000551a000 	/System/Library/PrivateFrameworks/DesktopServicesPriv.framework/Versions/A/DesktopServicesPriv
0x000000000551a000 	/usr/lib/libenergytrace.dylib
0x000000000551a000 	/System/Library/PrivateFrameworks/SkyLight.framework/Versions/A/SkyLight
0x000000000551a000 	/System/Library/Frameworks/Accelerate.framework/Versions/A/Accelerate
0x000000000551a000 	/System/Library/Frameworks/IOSurface.framework/Versions/A/IOSurface
0x000000000551a000 	/System/Library/PrivateFrameworks/DFRFoundation.framework/Versions/A/DFRFoundation
0x000000000551a000 	/System/Library/Frameworks/AudioToolbox.framework/Versions/A/AudioToolbox
0x000000000551a000 	/System/Library/Frameworks/AudioUnit.framework/Versions/A/AudioUnit
0x000000000551a000 	/System/Library/Frameworks/CoreData.framework/Versions/A/CoreData
0x000000000551a000 	/System/Library/PrivateFrameworks/DataDetectorsCore.framework/Versions/A/DataDetectorsCore
0x000000000551a000 	/System/Library/Frameworks/Carbon.framework/Versions/A/Frameworks/HIToolbox.framework/Versions/A/HIToolbox
0x000000000551a000 	/usr/lib/libicucore.A.dylib
0x000000000551a000 	/System/Library/Frameworks/QuartzCore.framework/Versions/A/QuartzCore
0x000000000551a000 	/System/Library/Frameworks/Carbon.framework/Versions/A/Frameworks/SpeechRecognition.framework/Versions/A/SpeechRecognition
0x000000000551a000 	/usr/lib/libauto.dylib
0x000000000551a000 	/usr/lib/libxml2.2.dylib
0x000000000551a000 	/System/Library/PrivateFrameworks/CoreUI.framework/Versions/A/CoreUI
0x000000000551a000 	/System/Library/Frameworks/CoreAudio.framework/Versions/A/CoreAudio
0x000000000551a000 	/System/Library/Frameworks/DiskArbitration.framework/Versions/A/DiskArbitration
0x000000000551a000 	/usr/lib/liblangid.dylib
0x000000000551a000 	/System/Library/PrivateFrameworks/MultitouchSupport.framework/Versions/A/MultitouchSupport
0x000000000551a000 	/usr/lib/libDiagnosticMessagesClient.dylib
0x000000000551a000 	/System/Library/PrivateFrameworks/PerformanceAnalysis.framework/Versions/A/PerformanceAnalysis
0x000000000551a000 	/System/Library/Frameworks/OpenGL.framework/Versions/A/OpenGL
0x000000000551a000 	/System/Library/Frameworks/ColorSync.framework/Versions/A/ColorSync
0x000000000551a000 	/System/Library/Frameworks/CoreImage.framework/Versions/A/CoreImage
0x000000000551a000 	/System/Library/Frameworks/ImageIO.framework/Versions/A/ImageIO
0x000000000551a000 	/System/Library/PrivateFrameworks/Backup.framework/Versions/A/Backup
0x000000000551a000 	/usr/lib/libarchive.2.dylib
0x000000000551a000 	/System/Library/Frameworks/CFNetwork.framework/Versions/A/CFNetwork
0x000000000551a000 	/System/Library/Frameworks/SystemConfiguration.framework/Versions/A/SystemConfiguration
0x000000000551a000 	/usr/lib/libCRFSuite.dylib
0x000000000551a000 	/usr/lib/libc++abi.dylib
0x000000000551a000 	/usr/lib/system/libcache.dylib
0x000000000551a000 	/usr/lib/system/libcommonCrypto.dylib
0x000000000551a000 	/usr/lib/system/libcompiler_rt.dylib
0x000000000551a000 	/usr/lib/system/libcopyfile.dylib
0x000000000551a000 	/usr/lib/system/libcorecrypto.dylib
0x000000000551a000 	/usr/lib/system/libdispatch.dylib
0x000000000551a000 	/usr/lib/system/libdyld.dylib
0x000000000551a000 	/usr/lib/system/libkeymgr.dylib
0x000000000551a000 	/usr/lib/system/liblaunch.dylib
0x000000000551a000 	/usr/lib/system/libmacho.dylib
0x000000000551a000 	/usr/lib/system/libquarantine.dylib
0x000000000551a000 	/usr/lib/system/libremovefile.dylib
0x000000000551a000 	/usr/lib/system/libsystem_asl.dylib
0x000000000551a000 	/usr/lib/system/libsystem_blocks.dylib
0x000000000551a000 	/usr/lib/system/libsystem_c.dylib
0x000000000551a000 	/usr/lib/system/libsystem_configuration.dylib
0x000000000551a000 	/usr/lib/system/libsystem_coreservices.dylib
0x000000000551a000 	/usr/lib/system/libsystem_darwin.dylib
0x000000000551a000 	/usr/lib/system/libsystem_dnssd.dylib
0x000000000551a000 	/usr/lib/system/libsystem_info.dylib
0x000000000551a000 	/usr/lib/system/libsystem_m.dylib
0x000000000551a000 	/usr/lib/system/libsystem_malloc.dylib
0x000000000551a000 	/usr/lib/system/libsystem_networkextension.dylib
0x000000000551a000 	/usr/lib/system/libsystem_notify.dylib
0x000000000551a000 	/usr/lib/system/libsystem_sandbox.dylib
0x000000000551a000 	/usr/lib/system/libsystem_secinit.dylib
0x000000000551a000 	/usr/lib/system/libsystem_kernel.dylib
0x000000000551a000 	/usr/lib/system/libsystem_platform.dylib
0x000000000551a000 	/usr/lib/system/libsystem_pthread.dylib
0x000000000551a000 	/usr/lib/system/libsystem_symptoms.dylib
0x000000000551a000 	/usr/lib/system/libsystem_trace.dylib
0x000000000551a000 	/usr/lib/system/libunwind.dylib
0x000000000551a000 	/usr/lib/system/libxpc.dylib
0x000000000551a000 	/usr/lib/system/libkxld.dylib
0x000000000551a000 	/System/Library/PrivateFrameworks/AppleFSCompression.framework/Versions/A/AppleFSCompression
0x000000000551a000 	/usr/lib/libOpenScriptingUtil.dylib
0x000000000551a000 	/usr/lib/libcoretls.dylib
0x000000000551a000 	/usr/lib/libcoretls_cfhelpers.dylib
0x000000000551a000 	/usr/lib/libpam.2.dylib
0x000000000551a000 	/usr/lib/libxar.1.dylib
0x000000000551a000 	/usr/lib/libbz2.1.0.dylib
0x000000000551a000 	/usr/lib/liblzma.5.dylib
0x000000000551a000 	/usr/lib/libnetwork.dylib
0x000000000551a000 	/usr/lib/libapple_nghttp2.dylib
0x000000000551a000 	/usr/lib/libpcap.A.dylib
0x000000000551a000 	/System/Library/Frameworks/CoreServices.framework/Versions/A/Frameworks/FSEvents.framework/Versions/A/FSEvents
0x000000000551a000 	/System/Library/Frameworks/CoreServices.framework/Versions/A/Frameworks/CarbonCore.framework/Versions/A/CarbonCore
0x000000000551a000 	/System/Library/Frameworks/CoreServices.framework/Versions/A/Frameworks/Metadata.framework/Versions/A/Metadata
0x000000000551a000 	/System/Library/Frameworks/CoreServices.framework/Versions/A/Frameworks/OSServices.framework/Versions/A/OSServices
0x000000000551a000 	/System/Library/Frameworks/CoreServices.framework/Versions/A/Frameworks/SearchKit.framework/Versions/A/SearchKit
0x000000000551a000 	/System/Library/Frameworks/CoreServices.framework/Versions/A/Frameworks/AE.framework/Versions/A/AE
0x000000000551a000 	/System/Library/Frameworks/CoreServices.framework/Versions/A/Frameworks/LaunchServices.framework/Versions/A/LaunchServices
0x000000000551a000 	/System/Library/Frameworks/CoreServices.framework/Versions/A/Frameworks/DictionaryServices.framework/Versions/A/DictionaryServices
0x000000000551a000 	/System/Library/Frameworks/CoreServices.framework/Versions/A/Frameworks/SharedFileList.framework/Versions/A/SharedFileList
0x000000000551a000 	/System/Library/Frameworks/NetFS.framework/Versions/A/NetFS
0x000000000551a000 	/System/Library/PrivateFrameworks/NetAuth.framework/Versions/A/NetAuth
0x000000000551a000 	/System/Library/PrivateFrameworks/login.framework/Versions/A/Frameworks/loginsupport.framework/Versions/A/loginsupport
0x000000000551a000 	/System/Library/PrivateFrameworks/TCC.framework/Versions/A/TCC
0x000000000551a000 	/System/Library/PrivateFrameworks/CoreNLP.framework/Versions/A/CoreNLP
0x000000000551a000 	/System/Library/PrivateFrameworks/MetadataUtilities.framework/Versions/A/MetadataUtilities
0x000000000551a000 	/usr/lib/libmecabra.dylib
0x000000000551a000 	/System/Library/Frameworks/ApplicationServices.framework/Versions/A/Frameworks/ATS.framework/Versions/A/ATS
0x000000000551a000 	/System/Library/Frameworks/ApplicationServices.framework/Versions/A/Frameworks/ColorSyncLegacy.framework/Versions/A/ColorSyncLegacy
0x000000000551a000 	/System/Library/Frameworks/ApplicationServices.framework/Versions/A/Frameworks/HIServices.framework/Versions/A/HIServices
0x000000000551a000 	/System/Library/Frameworks/ApplicationServices.framework/Versions/A/Frameworks/LangAnalysis.framework/Versions/A/LangAnalysis
0x000000000551a000 	/System/Library/Frameworks/ApplicationServices.framework/Versions/A/Frameworks/PrintCore.framework/Versions/A/PrintCore
0x000000000551a000 	/System/Library/Frameworks/ApplicationServices.framework/Versions/A/Frameworks/QD.framework/Versions/A/QD
0x000000000551a000 	/System/Library/Frameworks/ApplicationServices.framework/Versions/A/Frameworks/SpeechSynthesis.framework/Versions/A/SpeechSynthesis
0x000000000551a000 	/usr/lib/libcompression.dylib
0x000000000551a000 	/System/Library/Frameworks/CoreDisplay.framework/Versions/A/CoreDisplay
0x000000000551a000 	/System/Library/Frameworks/MetalPerformanceShaders.framework/Versions/A/MetalPerformanceShaders
0x000000000551a000 	/System/Library/Frameworks/Accelerate.framework/Versions/A/Frameworks/vImage.framework/Versions/A/vImage
0x000000000551a000 	/System/Library/Frameworks/Accelerate.framework/Versions/A/Frameworks/vecLib.framework/Versions/A/vecLib
0x000000000551a000 	/System/Library/Frameworks/Accelerate.framework/Versions/A/Frameworks/vecLib.framework/Versions/A/libvMisc.dylib
0x000000000551a000 	/System/Library/Frameworks/Accelerate.framework/Versions/A/Frameworks/vecLib.framework/Versions/A/libvDSP.dylib
0x000000000551a000 	/System/Library/Frameworks/Accelerate.framework/Versions/A/Frameworks/vecLib.framework/Versions/A/libBLAS.dylib
0x000000000551a000 	/System/Library/Frameworks/Accelerate.framework/Versions/A/Frameworks/vecLib.framework/Versions/A/libLAPACK.dylib
0x000000000551a000 	/System/Library/Frameworks/Accelerate.framework/Versions/A/Frameworks/vecLib.framework/Versions/A/libLinearAlgebra.dylib
0x000000000551a000 	/System/Library/Frameworks/Accelerate.framework/Versions/A/Frameworks/vecLib.framework/Versions/A/libSparseBLAS.dylib
0x000000000551a000 	/System/Library/Frameworks/Accelerate.framework/Versions/A/Frameworks/vecLib.framework/Versions/A/libQuadrature.dylib
0x000000000551a000 	/System/Library/Frameworks/Accelerate.framework/Versions/A/Frameworks/vecLib.framework/Versions/A/libBNNS.dylib
0x000000000551a000 	/System/Library/Frameworks/Accelerate.framework/Versions/A/Frameworks/vecLib.framework/Versions/A/libSparse.dylib
0x000000000551a000 	/System/Library/PrivateFrameworks/GPUWrangler.framework/Versions/A/GPUWrangler
0x000000000551a000 	/System/Library/PrivateFrameworks/IOAccelerator.framework/Versions/A/IOAccelerator
0x000000000551a000 	/System/Library/PrivateFrameworks/IOPresentment.framework/Versions/A/IOPresentment
0x000000000551a000 	/System/Library/PrivateFrameworks/DSExternalDisplay.framework/Versions/A/DSExternalDisplay
0x000000000551a000 	/System/Library/Frameworks/OpenGL.framework/Versions/A/Libraries/libCoreFSCache.dylib
0x000000000551a000 	/System/Library/Frameworks/MetalPerformanceShaders.framework/Frameworks/MPSCore.framework/Versions/A/MPSCore
0x000000000551a000 	/System/Library/Frameworks/MetalPerformanceShaders.framework/Frameworks/MPSImage.framework/Versions/A/MPSImage
0x000000000551a000 	/System/Library/Frameworks/MetalPerformanceShaders.framework/Frameworks/MPSNeuralNetwork.framework/Versions/A/MPSNeuralNetwork
0x000000000551a000 	/System/Library/Frameworks/MetalPerformanceShaders.framework/Frameworks/MPSMatrix.framework/Versions/A/MPSMatrix
0x000000000551a000 	/System/Library/Frameworks/MetalPerformanceShaders.framework/Frameworks/MPSRayIntersector.framework/Versions/A/MPSRayIntersector
0x000000000551a000 	/System/Library/PrivateFrameworks/MetalTools.framework/Versions/A/MetalTools
0x000000000551a000 	/System/Library/PrivateFrameworks/AggregateDictionary.framework/Versions/A/AggregateDictionary
0x000000000551a000 	/usr/lib/libMobileGestalt.dylib
0x000000000551a000 	/System/Library/Frameworks/CoreVideo.framework/Versions/A/CoreVideo
0x000000000551a000 	/System/Library/PrivateFrameworks/GraphVisualizer.framework/Versions/A/GraphVisualizer
0x000000000551a000 	/System/Library/PrivateFrameworks/FaceCore.framework/Versions/A/FaceCore
0x000000000551a000 	/System/Library/Frameworks/OpenCL.framework/Versions/A/OpenCL
0x000000000551a000 	/usr/lib/libFosl_dynamic.dylib
0x000000000551a000 	/System/Library/PrivateFrameworks/OTSVG.framework/Versions/A/OTSVG
0x000000000551a000 	/System/Library/Frameworks/ApplicationServices.framework/Versions/A/Frameworks/ATS.framework/Versions/A/Resources/libFontParser.dylib
0x000000000551a000 	/System/Library/Frameworks/ApplicationServices.framework/Versions/A/Frameworks/ATS.framework/Versions/A/Resources/libFontRegistry.dylib
0x000000000551a000 	/System/Library/Frameworks/ImageIO.framework/Versions/A/Resources/libJPEG.dylib
0x000000000551a000 	/System/Library/Frameworks/ImageIO.framework/Versions/A/Resources/libTIFF.dylib
0x000000000551a000 	/System/Library/Frameworks/ImageIO.framework/Versions/A/Resources/libPng.dylib
0x000000000551a000 	/System/Library/Frameworks/ImageIO.framework/Versions/A/Resources/libGIF.dylib
0x000000000551a000 	/System/Library/Frameworks/ImageIO.framework/Versions/A/Resources/libJP2.dylib
0x000000000551a000 	/System/Library/Frameworks/ImageIO.framework/Versions/A/Resources/libRadiance.dylib
0x000000000551a000 	/System/Library/PrivateFrameworks/AppleJPEG.framework/Versions/A/AppleJPEG
0x000000000551a000 	/System/Library/Frameworks/OpenGL.framework/Versions/A/Libraries/libGFXShared.dylib
0x000000000551a000 	/System/Library/Frameworks/OpenGL.framework/Versions/A/Libraries/libGLU.dylib
0x000000000551a000 	/System/Library/Frameworks/OpenGL.framework/Versions/A/Libraries/libGL.dylib
0x000000000551a000 	/System/Library/Frameworks/OpenGL.framework/Versions/A/Libraries/libGLImage.dylib
0x000000000551a000 	/System/Library/Frameworks/OpenGL.framework/Versions/A/Libraries/libCVMSPluginSupport.dylib
0x000000000551a000 	/System/Library/Frameworks/OpenGL.framework/Versions/A/Libraries/libCoreVMClient.dylib
0x000000000551a000 	/usr/lib/libcups.2.dylib
0x000000000551a000 	/System/Library/Frameworks/Kerberos.framework/Versions/A/Kerberos
0x000000000551a000 	/System/Library/Frameworks/GSS.framework/Versions/A/GSS
0x000000000551a000 	/usr/lib/libresolv.9.dylib
0x000000000551a000 	/usr/lib/libiconv.2.dylib
0x000000000551a000 	/System/Library/PrivateFrameworks/Heimdal.framework/Versions/A/Heimdal
0x000000000551a000 	/usr/lib/libheimdal-asn1.dylib
0x000000000551a000 	/System/Library/Frameworks/OpenDirectory.framework/Versions/A/OpenDirectory
0x000000000551a000 	/System/Library/PrivateFrameworks/CommonAuth.framework/Versions/A/CommonAuth
0x000000000551a000 	/System/Library/Frameworks/OpenDirectory.framework/Versions/A/Frameworks/CFOpenDirectory.framework/Versions/A/CFOpenDirectory
0x000000000551a000 	/System/Library/Frameworks/SecurityFoundation.framework/Versions/A/SecurityFoundation
0x000000000551a000 	/System/Library/PrivateFrameworks/APFS.framework/Versions/A/APFS
0x000000000551a000 	/usr/lib/libutil.dylib
0x000000000551a000 	/usr/lib/libcharset.1.dylib
0x000000000551a000 	/System/Library/PrivateFrameworks/AppleSauce.framework/Versions/A/AppleSauce
0x000000000551a000 	/System/Library/PrivateFrameworks/AssertionServices.framework/Versions/A/AssertionServices
0x000000000551a000 	/System/Library/PrivateFrameworks/BaseBoard.framework/Versions/A/BaseBoard
0x000000000551a000 	/usr/lib/libmecab.1.0.0.dylib
0x000000000551a000 	/usr/lib/libgermantok.dylib
0x000000000551a000 	/usr/lib/libThaiTokenizer.dylib
0x000000000551a000 	/usr/lib/libChineseTokenizer.dylib
0x000000000551a000 	/System/Library/PrivateFrameworks/LanguageModeling.framework/Versions/A/LanguageModeling
0x000000000551a000 	/System/Library/PrivateFrameworks/CoreEmoji.framework/Versions/A/CoreEmoji
0x000000000551a000 	/System/Library/PrivateFrameworks/Lexicon.framework/Versions/A/Lexicon
0x000000000551a000 	/System/Library/PrivateFrameworks/LinguisticData.framework/Versions/A/LinguisticData
0x000000000551a000 	/usr/lib/libcmph.dylib
0x000000000551a000 	/System/Library/Frameworks/ServiceManagement.framework/Versions/A/ServiceManagement
0x000000000551a000 	/System/Library/PrivateFrameworks/BackgroundTaskManagement.framework/Versions/A/BackgroundTaskManagement
0x000000000551a000 	/usr/lib/libxslt.1.dylib
0x000000000551a000 	/System/Library/Frameworks/Carbon.framework/Versions/A/Frameworks/Ink.framework/Versions/A/Ink
0x000000000551a000 	/System/Library/PrivateFrameworks/TextureIO.framework/Versions/A/TextureIO
0x000000000551a000 	/usr/lib/libate.dylib
0x000000000551a000 	/System/Library/PrivateFrameworks/CrashReporterSupport.framework/Versions/A/CrashReporterSupport
0x000000000551a000 	/System/Library/PrivateFrameworks/Sharing.framework/Versions/A/Sharing
0x000000000551a000 	/System/Library/PrivateFrameworks/AuthKit.framework/Versions/A/AuthKit
0x000000000551a000 	/System/Library/PrivateFrameworks/Apple80211.framework/Versions/A/Apple80211
0x000000000551a000 	/System/Library/PrivateFrameworks/CoreUtils.framework/Versions/A/CoreUtils
0x000000000551a000 	/System/Library/Frameworks/CoreWLAN.framework/Versions/A/CoreWLAN
0x000000000551a000 	/System/Library/Frameworks/IOBluetooth.framework/Versions/A/IOBluetooth
0x000000000551a000 	/System/Library/PrivateFrameworks/ProtocolBuffer.framework/Versions/A/ProtocolBuffer
0x000000000551a000 	/System/Library/PrivateFrameworks/MobileKeyBag.framework/Versions/A/MobileKeyBag
0x000000000551a000 	/System/Library/PrivateFrameworks/CorePhoneNumbers.framework/Versions/A/CorePhoneNumbers
0x000000000551a000 	/System/Library/PrivateFrameworks/AppleIDAuthSupport.framework/Versions/A/AppleIDAuthSupport
0x000000000551a000 	/System/Library/PrivateFrameworks/KeychainCircle.framework/Versions/A/KeychainCircle
0x000000000551a000 	/System/Library/PrivateFrameworks/ROCKit.framework/Versions/A/ROCKit
0x000000000551a000 	/System/Library/PrivateFrameworks/CoreWiFi.framework/Versions/A/CoreWiFi
0x000000000551a000 	/System/Library/Frameworks/CoreBluetooth.framework/Versions/A/CoreBluetooth
0x000000000551a000 	/System/Library/PrivateFrameworks/DebugSymbols.framework/Versions/A/DebugSymbols
0x000000000551a000 	/System/Library/PrivateFrameworks/CoreSymbolication.framework/Versions/A/CoreSymbolication
0x000000000551a000 	/System/Library/PrivateFrameworks/Symbolication.framework/Versions/A/Symbolication
0x000000000551a000 	/System/Library/PrivateFrameworks/SpeechRecognitionCore.framework/Versions/A/SpeechRecognitionCore
0x000000010fa1f000 	/Applications/RStudio.app/Contents/Frameworks/libgssapi_krb5.2.2.dylib
0x000000000551a000 	/System/Library/Frameworks/LDAP.framework/Versions/A/LDAP
0x000000010fa68000 	/Applications/RStudio.app/Contents/Frameworks/libkrb5.3.3.dylib
0x000000010fb24000 	/Applications/RStudio.app/Contents/Frameworks/libk5crypto.3.1.dylib
0x000000010fb56000 	/Applications/RStudio.app/Contents/Frameworks/libcom_err.3.0.dylib
0x000000010fb64000 	/Applications/RStudio.app/Contents/Frameworks/libkrb5support.1.1.dylib
0x000000000551a000 	/usr/lib/libsasl2.2.dylib
0x000000000551a000 	/System/Library/PrivateFrameworks/CoreDaemon.framework/Versions/B/CoreDaemon
0x000000000551a000 	/System/Library/PrivateFrameworks/AppleSRP.framework/Versions/A/AppleSRP
0x000000010fb75000 	/Library/Frameworks/R.framework/Versions/4.0/Resources/lib/libRblas.dylib
0x000000010fbad000 	/Library/Frameworks/R.framework/Versions/4.0/Resources/lib/libgfortran.5.dylib
0x000000010fe67000 	/Library/Frameworks/R.framework/Versions/4.0/Resources/lib/libquadmath.0.dylib
0x000000000551a000 	/usr/lib/libncurses.5.4.dylib
0x000000010feb3000 	/Library/Frameworks/R.framework/Versions/4.0/Resources/lib/libgcc_s.1.dylib
0x0000000110511000 	/Library/Frameworks/R.framework/Versions/4.0/Resources/library/methods/libs/methods.so
0x0000000110a11000 	/Library/Frameworks/R.framework/Versions/4.0/Resources/library/utils/libs/utils.so
0x0000000110a29000 	/Library/Frameworks/R.framework/Versions/4.0/Resources/library/grDevices/libs/grDevices.so
0x0000000110ae2000 	/Library/Frameworks/R.framework/Versions/4.0/Resources/library/graphics/libs/graphics.so
0x0000000112829000 	/Library/Frameworks/R.framework/Versions/4.0/Resources/library/stats/libs/stats.so
0x00000001128f5000 	/Library/Frameworks/R.framework/Versions/4.0/Resources/lib/libRlapack.dylib
0x0000000110b32000 	/Library/Frameworks/R.framework/Versions/4.0/Resources/library/tools/libs/tools.so
0x0000000112c58000 	/Library/Frameworks/R.framework/Resources/modules//internet.so
0x000000000551a000 	/usr/lib/libcurl.4.dylib
0x000000000551a000 	/usr/lib/libcrypto.42.dylib
0x000000000551a000 	/usr/lib/libssl.44.dylib
0x000000000551a000 	/System/Library/PrivateFrameworks/TrustEvaluationAgent.framework/Versions/A/TrustEvaluationAgent
0x000000010fb51000 	/Library/Frameworks/R.framework/Versions/4.0/Resources/library/xfun/libs/xfun.so
0x0000000114a7d000 	/Library/Frameworks/R.framework/Versions/4.0/Resources/library/mvtnorm/libs/mvtnorm.so
0x0000000110668000 	/Library/Java/JavaVirtualMachines/jdk1.8.0_25.jdk/Contents/Home/jre/lib/jli/libjli.dylib
0x000000000551a000 	/System/Library/Frameworks/Cocoa.framework/Versions/A/Cocoa
0x0000000115104000 	/Library/Java/JavaVirtualMachines/jdk1.8.0_25.jdk/Contents/Home/jre/lib/server/libjvm.dylib
0x000000000551a000 	/usr/lib/libstdc++.6.dylib
0x0000000112de0000 	/Library/Frameworks/R.framework/Versions/4.0/Resources/library/rJava/libs/rJava.so
0x0000000110678000 	/Library/Java/JavaVirtualMachines/jdk1.8.0_25.jdk/Contents/Home/jre/lib/libverify.dylib
0x0000000113bc5000 	/Library/Java/JavaVirtualMachines/jdk1.8.0_25.jdk/Contents/Home/jre/lib/libjava.dylib
0x0000000113843000 	/Library/Java/JavaVirtualMachines/jdk1.8.0_25.jdk/Contents/Home/jre/lib/libzip.dylib
0x000000000551a000 	/System/Library/Frameworks/JavaVM.framework/Versions/A/Frameworks/JavaRuntimeSupport.framework/Versions/A/JavaRuntimeSupport
0x000000000551a000 	/System/Library/Frameworks/JavaVM.framework/Versions/A/Frameworks/JavaNativeFoundation.framework/Versions/A/JavaNativeFoundation
0x000000000551a000 	/System/Library/Frameworks/JavaVM.framework/Versions/A/JavaVM
0x000000000551a000 	/System/Library/Frameworks/Carbon.framework/Versions/A/Carbon
0x000000000551a000 	/System/Library/PrivateFrameworks/JavaLaunching.framework/Versions/A/JavaLaunching
0x000000000551a000 	/System/Library/Frameworks/Carbon.framework/Versions/A/Frameworks/CommonPanels.framework/Versions/A/CommonPanels
0x000000000551a000 	/System/Library/Frameworks/Carbon.framework/Versions/A/Frameworks/Help.framework/Versions/A/Help
0x000000000551a000 	/System/Library/Frameworks/Carbon.framework/Versions/A/Frameworks/ImageCapture.framework/Versions/A/ImageCapture
0x000000000551a000 	/System/Library/Frameworks/Carbon.framework/Versions/A/Frameworks/OpenScripting.framework/Versions/A/OpenScripting
0x000000000551a000 	/System/Library/Frameworks/Carbon.framework/Versions/A/Frameworks/Print.framework/Versions/A/Print
0x000000000551a000 	/System/Library/Frameworks/Carbon.framework/Versions/A/Frameworks/SecurityHI.framework/Versions/A/SecurityHI
0x000000012806d000 	/Library/Frameworks/R.framework/Resources/modules//lapack.so
0x000000000551a000 	/System/Library/Frameworks/MediaToolbox.framework/Versions/A/MediaToolbox
0x000000000551a000 	/System/Library/PrivateFrameworks/CoreAVCHD.framework/Versions/A/CoreAVCHD
0x000000000551a000 	/System/Library/Frameworks/MediaAccessibility.framework/Versions/A/MediaAccessibility
0x000000000551a000 	/System/Library/PrivateFrameworks/Mangrove.framework/Versions/A/Mangrove
0x000000000551a000 	/System/Library/Frameworks/CoreMedia.framework/Versions/A/CoreMedia
0x000000000551a000 	/System/Library/Frameworks/VideoToolbox.framework/Versions/A/VideoToolbox
0x000000000551a000 	/System/Library/PrivateFrameworks/CoreAUC.framework/Versions/A/CoreAUC
0x000000000551a000 	/usr/lib/libspindump.dylib
0x000000000551a000 	/System/Library/PrivateFrameworks/AppleVA.framework/Versions/A/AppleVA
0x000000000551a000 	/System/Library/Frameworks/Accelerate.framework/Versions/A/Frameworks/vImage.framework/Versions/A/Libraries/libCGInterfaces.dylib
0x000000000551a000 	/System/Library/PrivateFrameworks/CoreServicesInternal.framework/Versions/A/CoreServicesInternal
0x0000000113681000 	/Library/Frameworks/R.framework/Versions/4.0/Resources/library/grid/libs/grid.so
0x0000000113e8e000 	/Library/Frameworks/R.framework/Versions/4.0/Resources/library/rlang/libs/rlang.so
0x0000000113ec6000 	/Library/Frameworks/R.framework/Versions/4.0/Resources/library/colorspace/libs/colorspace.so
0x00000001136b5000 	/Library/Frameworks/R.framework/Versions/4.0/Resources/library/glue/libs/glue.so
0x00000001136ba000 	/Library/Frameworks/R.framework/Versions/4.0/Resources/library/ellipsis/libs/ellipsis.so
0x0000000113f30000 	/Library/Frameworks/R.framework/Versions/4.0/Resources/library/magrittr/libs/magrittr.so
0x0000000113f36000 	/Library/Frameworks/R.framework/Versions/4.0/Resources/library/fansi/libs/fansi.so
0x0000000113f48000 	/Library/Frameworks/R.framework/Versions/4.0/Resources/library/utf8/libs/utf8.so
0x0000000113f97000 	/Library/Frameworks/R.framework/Versions/4.0/Resources/library/vctrs/libs/vctrs.so
0x00000001140bd000 	/Library/Frameworks/R.framework/Versions/4.0/Resources/library/tibble/libs/tibble.so
0x00000001140c3000 	/Library/Frameworks/R.framework/Versions/4.0/Resources/library/purrr/libs/purrr.so
0x00000001142ee000 	/Library/Frameworks/R.framework/Versions/4.0/Resources/library/dplyr/libs/dplyr.so
0x00000001298b9000 	/Library/Frameworks/R.framework/Versions/4.0/Resources/library/farver/libs/farver.so
0x000000012803b000 	/Library/Frameworks/R.framework/Versions/4.0/Resources/library/digest/libs/digest.so
0x000000012a410000 	/Library/Frameworks/R.framework/Versions/4.0/Resources/library/tidyr/libs/tidyr.so
0x00000001136be000 	/Library/Frameworks/R.framework/Versions/4.0/Resources/library/backports/libs/backports.so
0x000000012c655000 	/Library/Frameworks/R.framework/Versions/4.0/Resources/library/Rcpp/libs/Rcpp.so
0x000000012c783000 	/Library/Frameworks/R.framework/Versions/4.0/Resources/library/haven/libs/haven.so
0x0000000114a61000 	/Library/Frameworks/R.framework/Versions/4.0/Resources/library/jsonlite/libs/jsonlite.so
0x000000012c80c000 	/Library/Frameworks/R.framework/Versions/4.0/Resources/library/lubridate/libs/lubridate.so
0x000000012c850000 	/Library/Frameworks/R.framework/Versions/4.0/Resources/library/readr/libs/readr.so
0x000000012c909000 	/Library/Frameworks/R.framework/Versions/4.0/Resources/library/readxl/libs/readxl.so
0x000000012c96c000 	/Library/Frameworks/R.framework/Versions/4.0/Resources/library/fs/libs/fs.so
0x000000012c9a8000 	/Library/Frameworks/R.framework/Versions/4.0/Resources/library/xml2/libs/xml2.so
0x000000012cb53000 	/Library/Frameworks/R.framework/Versions/4.0/Resources/library/stringi/libs/stringi.so
0x00000001102e3000 	/Library/Frameworks/R.framework/Versions/4.0/Resources/library/lattice/libs/lattice.so
0x0000000110689000 	/Library/Frameworks/R.framework/Versions/4.0/Resources/library/curl/libs/curl.so
0x000000012a20f000 	/Library/Frameworks/R.framework/Versions/4.0/Resources/library/data.table/libs/datatable.so
0x000000012a28f000 	/Library/Frameworks/R.framework/Versions/4.0/Resources/library/foreign/libs/foreign.so
0x000000012a2ae000 	/Library/Frameworks/R.framework/Versions/4.0/Resources/library/zip/libs/zip.so
0x000000012ec29000 	/Library/Frameworks/R.framework/Versions/4.0/Resources/library/openxlsx/libs/openxlsx.so

VM Arguments:
jvm_args: -Djava.awt.headless=true -Xmx512m -Xrs vfprintf exit -Xss2m 
java_command: <unknown>
java_class_path (initial): /Library/Frameworks/R.framework/Versions/4.0/Resources/library/rJava/java/boot
Launcher Type: generic

Environment Variables:
PATH=/usr/bin:/bin:/usr/sbin:/sbin:/usr/local/bin:/Applications/RStudio.app/Contents/MacOS/postback
SHELL=/bin/bash
DISPLAY=:0
DYLD_LIBRARY_PATH=/Library/Java/JavaVirtualMachines/jdk1.8.0_25.jdk/Contents/Home/jre/lib/server
DYLD_FALLBACK_LIBRARY_PATH=/Library/Frameworks/R.framework/Resources/lib:/Users/rasmuskaslund/lib:/usr/local/lib:/usr/lib:::/lib:/Library/Java/JavaVirtualMachines/jdk1.8.0_241.jdk/Contents/Home/jre/lib/server

Signal Handlers:
SIGSEGV: [libjvm.dylib+0x579dc7], sa_mask[0]=11111111011111110111111111111111, sa_flags=SA_ONSTACK|SA_RESTART|SA_SIGINFO
SIGBUS: [libjvm.dylib+0x579dc7], sa_mask[0]=11111111011111110111111111111111, sa_flags=SA_RESTART|SA_SIGINFO
SIGFPE: [libjvm.dylib+0x45b030], sa_mask[0]=11111111011111110111111111111111, sa_flags=SA_RESTART|SA_SIGINFO
SIGPIPE: [libjvm.dylib+0x45b030], sa_mask[0]=11111111011111110111111111111111, sa_flags=SA_RESTART|SA_SIGINFO
SIGXFSZ: [libjvm.dylib+0x45b030], sa_mask[0]=11111111011111110111111111111111, sa_flags=SA_RESTART|SA_SIGINFO
SIGILL: [libjvm.dylib+0x45b030], sa_mask[0]=11111111011111110111111111111111, sa_flags=SA_RESTART|SA_SIGINFO
SIGUSR1: SIG_IGN, sa_mask[0]=00000000000000000000000000000000, sa_flags=none
SIGUSR2: [libjvm.dylib+0x45ab4e], sa_mask[0]=10000000000000000000000000000000, sa_flags=SA_RESTART|SA_SIGINFO
SIGHUP: SIG_DFL, sa_mask[0]=00000000000000000000000000000000, sa_flags=none
SIGINT: [rsession+0x171370], sa_mask[0]=00000000000000000000000000000000, sa_flags=SA_RESTART
SIGTERM: SIG_DFL, sa_mask[0]=00000000000000000000000000000000, sa_flags=none
SIGQUIT: SIG_DFL, sa_mask[0]=00000000000000000000000000000000, sa_flags=none


---------------  S Y S T E M  ---------------

OS:Bsduname:Darwin 18.0.0 Darwin Kernel Version 18.0.0: Wed Aug 22 20:13:40 PDT 2018; root:xnu-4903.201.2~1/RELEASE_X86_64 x86_64
rlimit: STACK 8192k, CORE 0k, NPROC 709, NOFILE 10240, AS infinity
load average:34.82 15.46 9.38

CPU:total 4 (2 cores per cpu, 2 threads per core) family 6 model 58 stepping 9, cmov, cx8, fxsr, mmx, sse, sse2, sse3, ssse3, sse4.1, sse4.2, popcnt, avx, aes, clmul, erms, ht, tsc, tscinvbit, tscinv

Memory: 4k page, physical 8388608k(18144k free)

/proc/meminfo:


vm_info: Java HotSpot(TM) 64-Bit Server VM (25.25-b02) for bsd-amd64 JRE (1.8.0_25-b17), built on Sep 17 2014 16:56:50 by "java_re" with gcc 4.2.1 (Based on Apple Inc. build 5658) (LLVM build 2336.11.00)

time: Fri May 21 10:00:20 2021
elapsed time: 469838 seconds (5d 10h 30m 38s)

