--- Job model01.gms Start 03/10/21 16:53:24 32.2.0 rc62c018 DEX-DEG x86 64bit/Mac OS X
--- Applying:
    /Library/Frameworks/GAMS.framework/Versions/32/Resources/gmsprmun.txt
--- GAMS Parameters defined
    Input "/Users/rasmuskaslund/Documents/GitHub/SpecialeJR /Sandkassemodel/model01.gms"
    PageSize 0
    ScrDir "/Users/rasmuskaslund/Documents/GitHub/SpecialeJR /Sandkassemodel/225a/"
    SysDir /Library/Frameworks/GAMS.framework/Versions/32/Resources/
    LogOption 3
    ErrMsg 1
    ErrorLog 99
    IDE 1
    LstTitleLeftAligned 1
GAMS 32.2.0   Copyright (C) 1987-2020 GAMS Development. All rights reserved
Licensee: Course License                                 S210104/0001AO-GEN
          University of Copenhagen, Department of Economics         DCE1064
          /Users/rasmuskaslund/Library/Application Support/GAMS/gamslice.txt
          Course license for use within the course and related course work
--- Starting compilation
--- model01.gms(77) 3 Mb
--- Starting execution: elapsed 0:00:00.003
--- model01.gms(44) 4 Mb
--- Generating CNS model simpelcge
--- model01.gms(73) 6 Mb
---   12 rows  14 columns  42 non-zeroes
---   72 nl-code  28 nl-non-zeroes
--- model01.gms(73) 4 Mb
--- Executing CONOPT (Solvelink=2): elapsed 0:00:00.013
CONOPT 3         32.2.0 rc62c018 Released Aug 26, 2020 DEG x86 64bit/Mac OS X 
 
 
    C O N O P T 3   version 3.17L
    Copyright (C)   ARKI Consulting and Development A/S
                    Bagsvaerdvej 246 A
                    DK-2880 Bagsvaerd, Denmark
 
 
   Iter Phase Ninf   Infeasibility   RGmax    NSB   Step InItr MX OK
      0   0        1.7000000000E+02 (Input point)
 
                   Pre-triangular equations:   2
                   Post-triangular equations:  2
 
      1   0        1.7000000000E+02 (After pre-processing)
      2   0        6.6406250000E-01 (After scaling)
      3            0.0000000000E+00
 
 ** Feasible solution to a square system.
 
--- Reading solution for model simpelcge
--- Executing after solve: elapsed 0:00:00.136
--- model01.gms(75) 4 Mb
--- Generating CNS model simpelcge
--- model01.gms(77) 6 Mb
---   12 rows  14 columns  43 non-zeroes
---   73 nl-code  28 nl-non-zeroes
--- model01.gms(77) 4 Mb
--- Executing CONOPT (Solvelink=2): elapsed 0:00:00.141
CONOPT 3         32.2.0 rc62c018 Released Aug 26, 2020 DEG x86 64bit/Mac OS X 
 
 
    C O N O P T 3   version 3.17L
    Copyright (C)   ARKI Consulting and Development A/S
                    Bagsvaerdvej 246 A
                    DK-2880 Bagsvaerd, Denmark
 
 
   Iter Phase Ninf   Infeasibility   RGmax    NSB   Step InItr MX OK
      0   0        8.6000000000E+01 (Input point)
 
                   Pre-triangular equations:   1
                   Post-triangular equations:  2
 
      1   0        8.6000000000E+01 (After pre-processing)
      2   0        1.5117187500E+00 (After scaling)
      9            1.6662782265E-10
 
 ** Feasible solution to a square system.
 
--- Reading solution for model simpelcge
*** Status: Normal completion
--- Job model01.gms Stop 03/10/21 16:53:24 elapsed 0:00:00.182
