--- Job Data_LES_RLK.gms Start 06/08/21 13:14:48 32.2.0 rc62c018 DEX-DEG x86 64bit/Mac OS X
--- Applying:
    /Library/Frameworks/GAMS.framework/Versions/32/Resources/gmsprmun.txt
--- GAMS Parameters defined
    Input "/Users/rasmuskaslund/Documents/GitHub/SpecialeJR /Partiel analyse/Data_LES_RLK.gms"
    PageSize 0
    ScrDir "/Users/rasmuskaslund/Documents/GitHub/SpecialeJR /Partiel analyse/225a/"
    SysDir /Library/Frameworks/GAMS.framework/Versions/32/Resources/
    LogOption 3
    ErrMsg 1
    ErrorLog 99
    IDE 1
    GDX "/Users/rasmuskaslund/Documents/GitHub/SpecialeJR /Partiel analyse/Data_LES_RLK.gdx"
    LstTitleLeftAligned 1
GAMS 32.2.0   Copyright (C) 1987-2020 GAMS Development. All rights reserved
Licensee: Course License                                 S210104/0001AO-GEN
          University of Copenhagen, Department of Economics         DCE1064
          /Users/rasmuskaslund/Library/Application Support/GAMS/gamslice.txt
          Course license for use within the course and related course work
--- Starting compilation
--- Data_LES_RLK.gms(71) 3 Mb
--- Starting execution: elapsed 0:00:00.013
--- Data_LES_RLK.gms(71) 4 Mb
--- GDX File /Users/rasmuskaslund/Documents/GitHub/SpecialeJR /Partiel analyse/Data_LES_RLK.gdx
*** Status: Normal completion
--- Job Data_LES_RLK.gms Stop 06/08/21 13:14:48 elapsed 0:00:00.020
