--- Job dyn_partiel_mufrem.gms Start 07/01/21 14:15:03 32.2.0 rc62c018 DEX-DEG x86 64bit/Mac OS X
--- Applying:
    /Library/Frameworks/GAMS.framework/Versions/32/Resources/gmsprmun.txt
--- GAMS Parameters defined
    Input "/Users/rasmuskaslund/Documents/GitHub/SpecialeJR /Partiel analyse/dyn_partiel_mufrem.gms"
    PageSize 0
    ScrDir "/Users/rasmuskaslund/Documents/GitHub/SpecialeJR /Partiel analyse/225a/"
    SysDir /Library/Frameworks/GAMS.framework/Versions/32/Resources/
    LogOption 3
    ErrMsg 1
    ErrorLog 99
    IDE 1
    GDX "/Users/rasmuskaslund/Documents/GitHub/SpecialeJR /Partiel analyse/dyn_partiel_mufrem.gdx"
    LstTitleLeftAligned 1
GAMS 32.2.0   Copyright (C) 1987-2020 GAMS Development. All rights reserved
Licensee: Course License                                 S210104/0001AO-GEN
          University of Copenhagen, Department of Economics         DCE1064
          /Users/rasmuskaslund/Library/Application Support/GAMS/gamslice.txt
          Course license for use within the course and related course work
--- Starting compilation
--- dyn_partiel_mufrem.gms(48) 3 Mb
--- . Data_LES_RLK.gms(79) 3 Mb
--- dyn_partiel_mufrem.gms(226) 3 Mb
--- Starting execution: elapsed 0:00:00.017
--- dyn_partiel_mufrem.gms(155) 4 Mb
--- Generating CNS model fast
--- dyn_partiel_mufrem.gms(162) 6 Mb
---   48 rows  62 columns  438 non-zeroes
---   151 nl-code  96 nl-non-zeroes
--- dyn_partiel_mufrem.gms(162) 4 Mb
--- Executing CONOPT (Solvelink=2): elapsed 0:00:00.025
CONOPT 3         32.2.0 rc62c018 Released Aug 26, 2020 DEG x86 64bit/Mac OS X 
 
 
    C O N O P T 3   version 3.17L
    Copyright (C)   ARKI Consulting and Development A/S
                    Bagsvaerdvej 246 A
                    DK-2880 Bagsvaerd, Denmark
 
 
   Iter Phase Ninf   Infeasibility   RGmax    NSB   Step InItr MX OK
      0   0        1.0629719327E-10 (Input point)
 
                   Pre-triangular equations:   0
                   Post-triangular equations:  0
 
      1   0        1.0629719327E-10 (After pre-processing)
      2   0        4.9960036108E-15 (After scaling)
      2            4.9960036108E-15
 
 ** Feasible solution to a square system.
 
--- Reading solution for model fast
--- Executing after solve: elapsed 0:00:00.124
--- dyn_partiel_mufrem.gms(164) 4 Mb
--- Generating CNS model cobbdoug
--- dyn_partiel_mufrem.gms(166) 6 Mb
---   48 rows  62 columns  228 non-zeroes
---   319 nl-code  180 nl-non-zeroes
--- dyn_partiel_mufrem.gms(166) 4 Mb
--- Executing CONOPT (Solvelink=2): elapsed 0:00:00.127
CONOPT 3         32.2.0 rc62c018 Released Aug 26, 2020 DEG x86 64bit/Mac OS X 
 
 
    C O N O P T 3   version 3.17L
    Copyright (C)   ARKI Consulting and Development A/S
                    Bagsvaerdvej 246 A
                    DK-2880 Bagsvaerd, Denmark
 
 
   Iter Phase Ninf   Infeasibility   RGmax    NSB   Step InItr MX OK
      0   0        2.9558577808E-11 (Input point)
 
                   Pre-triangular equations:   48
                   Post-triangular equations:  0
 
      1   0        0.0000000000E+00 (After pre-processing)
      2   0        0.0000000000E+00 (After scaling)
      2            0.0000000000E+00
 
 ** Feasible solution to a square system.
 
--- Reading solution for model cobbdoug
--- Executing after solve: elapsed 0:00:00.155
--- dyn_partiel_mufrem.gms(168) 4 Mb
--- Generating CNS model partial
--- dyn_partiel_mufrem.gms(173) 6 Mb
---   48 rows  62 columns  522 non-zeroes
---   403 nl-code  180 nl-non-zeroes
--- dyn_partiel_mufrem.gms(173) 4 Mb
--- Executing CONOPT (Solvelink=2): elapsed 0:00:00.159
CONOPT 3         32.2.0 rc62c018 Released Aug 26, 2020 DEG x86 64bit/Mac OS X 
 
 
    C O N O P T 3   version 3.17L
    Copyright (C)   ARKI Consulting and Development A/S
                    Bagsvaerdvej 246 A
                    DK-2880 Bagsvaerd, Denmark
 
 
   Iter Phase Ninf   Infeasibility   RGmax    NSB   Step InItr MX OK
      0   0        7.1004900000E+02 (Input point)
 
                   Pre-triangular equations:   48
                   Post-triangular equations:  0
 
      1   0        0.0000000000E+00 (After pre-processing)
      2   0        0.0000000000E+00 (After scaling)
      2            0.0000000000E+00
 
 ** Feasible solution to a square system.
 
--- Reading solution for model partial
--- Executing after solve: elapsed 0:00:00.186
--- dyn_partiel_mufrem.gms(177) 4 Mb
--- Generating CNS model partial
--- dyn_partiel_mufrem.gms(179) 6 Mb
---   48 rows  62 columns  522 non-zeroes
---   403 nl-code  180 nl-non-zeroes
--- dyn_partiel_mufrem.gms(179) 4 Mb
--- Executing CONOPT (Solvelink=2): elapsed 0:00:00.190
CONOPT 3         32.2.0 rc62c018 Released Aug 26, 2020 DEG x86 64bit/Mac OS X 
 
 
    C O N O P T 3   version 3.17L
    Copyright (C)   ARKI Consulting and Development A/S
                    Bagsvaerdvej 246 A
                    DK-2880 Bagsvaerd, Denmark
 
 
   Iter Phase Ninf   Infeasibility   RGmax    NSB   Step InItr MX OK
      0   0        8.2991391537E-11 (Input point)
 
                   Pre-triangular equations:   48
                   Post-triangular equations:  0
 
      1   0        0.0000000000E+00 (After pre-processing)
      2   0        0.0000000000E+00 (After scaling)
      2            0.0000000000E+00
 
 ** Feasible solution to a square system.
 
--- Reading solution for model partial
--- Executing after solve: elapsed 0:00:00.219
--- dyn_partiel_mufrem.gms(261) 4 Mb
--- Generating CNS model partial
--- dyn_partiel_mufrem.gms(269) 6 Mb
--- LOOPS t = 2018
---   48 rows  62 columns  522 non-zeroes
---   403 nl-code  180 nl-non-zeroes
--- dyn_partiel_mufrem.gms(269) 4 Mb
--- Executing CONOPT (Solvelink=2): elapsed 0:00:00.223
CONOPT 3         32.2.0 rc62c018 Released Aug 26, 2020 DEG x86 64bit/Mac OS X 
 
 
    C O N O P T 3   version 3.17L
    Copyright (C)   ARKI Consulting and Development A/S
                    Bagsvaerdvej 246 A
                    DK-2880 Bagsvaerd, Denmark
 
 
   Iter Phase Ninf   Infeasibility   RGmax    NSB   Step InItr MX OK
      0   0        8.2991391537E-11 (Input point)
 
                   Pre-triangular equations:   48
                   Post-triangular equations:  0
 
      1   0        0.0000000000E+00 (After pre-processing)
      2   0        0.0000000000E+00 (After scaling)
      2            0.0000000000E+00
 
 ** Feasible solution to a square system.
 
--- Reading solution for model partial
--- Executing after solve: elapsed 0:00:00.251
--- dyn_partiel_mufrem.gms(261) 4 Mb
--- Generating CNS model partial
--- dyn_partiel_mufrem.gms(277) 6 Mb
--- LOOPS t = 2018
---   48 rows  62 columns  522 non-zeroes
---   403 nl-code  180 nl-non-zeroes
--- dyn_partiel_mufrem.gms(277) 4 Mb
--- Executing CONOPT (Solvelink=2): elapsed 0:00:00.254
CONOPT 3         32.2.0 rc62c018 Released Aug 26, 2020 DEG x86 64bit/Mac OS X 
 
 
    C O N O P T 3   version 3.17L
    Copyright (C)   ARKI Consulting and Development A/S
                    Bagsvaerdvej 246 A
                    DK-2880 Bagsvaerd, Denmark
 
 
   Iter Phase Ninf   Infeasibility   RGmax    NSB   Step InItr MX OK
      0   0        8.2991391537E-11 (Input point)
 
                   Pre-triangular equations:   48
                   Post-triangular equations:  0
 
      1   0        0.0000000000E+00 (After pre-processing)
      2   0        0.0000000000E+00 (After scaling)
      2            0.0000000000E+00
 
 ** Feasible solution to a square system.
 
--- Reading solution for model partial
--- Executing after solve: elapsed 0:00:00.280
--- dyn_partiel_mufrem.gms(261) 4 Mb
--- Generating CNS model partial
--- dyn_partiel_mufrem.gms(269) 6 Mb
--- LOOPS t = 2019
---   48 rows  62 columns  522 non-zeroes
---   403 nl-code  180 nl-non-zeroes
--- dyn_partiel_mufrem.gms(269) 4 Mb
--- Executing CONOPT (Solvelink=2): elapsed 0:00:00.284
CONOPT 3         32.2.0 rc62c018 Released Aug 26, 2020 DEG x86 64bit/Mac OS X 
 
 
    C O N O P T 3   version 3.17L
    Copyright (C)   ARKI Consulting and Development A/S
                    Bagsvaerdvej 246 A
                    DK-2880 Bagsvaerd, Denmark
 
 
   Iter Phase Ninf   Infeasibility   RGmax    NSB   Step InItr MX OK
      0   0        2.5169600629E+04 (Input point)
 
                   Pre-triangular equations:   48
                   Post-triangular equations:  0
 
      1   0        0.0000000000E+00 (After pre-processing)
      2   0        0.0000000000E+00 (After scaling)
      2            0.0000000000E+00
 
 ** Feasible solution to a square system.
 
--- Reading solution for model partial
--- Executing after solve: elapsed 0:00:00.314
--- dyn_partiel_mufrem.gms(261) 4 Mb
--- Generating CNS model partial
--- dyn_partiel_mufrem.gms(277) 6 Mb
--- LOOPS t = 2019
---   48 rows  62 columns  522 non-zeroes
---   403 nl-code  180 nl-non-zeroes
--- dyn_partiel_mufrem.gms(277) 4 Mb
--- Executing CONOPT (Solvelink=2): elapsed 0:00:00.319
CONOPT 3         32.2.0 rc62c018 Released Aug 26, 2020 DEG x86 64bit/Mac OS X 
 
 
    C O N O P T 3   version 3.17L
    Copyright (C)   ARKI Consulting and Development A/S
                    Bagsvaerdvej 246 A
                    DK-2880 Bagsvaerd, Denmark
 
 
   Iter Phase Ninf   Infeasibility   RGmax    NSB   Step InItr MX OK
      0   0        5.6843418861E-11 (Input point)
 
                   Pre-triangular equations:   48
                   Post-triangular equations:  0
 
      1   0        0.0000000000E+00 (After pre-processing)
      2   0        0.0000000000E+00 (After scaling)
      2            0.0000000000E+00
 
 ** Feasible solution to a square system.
 
--- Reading solution for model partial
--- Executing after solve: elapsed 0:00:00.350
--- dyn_partiel_mufrem.gms(261) 4 Mb
--- Generating CNS model partial
--- dyn_partiel_mufrem.gms(269) 6 Mb
--- LOOPS t = 2020
---   48 rows  62 columns  522 non-zeroes
---   403 nl-code  180 nl-non-zeroes
--- dyn_partiel_mufrem.gms(269) 4 Mb
--- Executing CONOPT (Solvelink=2): elapsed 0:00:00.354
CONOPT 3         32.2.0 rc62c018 Released Aug 26, 2020 DEG x86 64bit/Mac OS X 
 
 
    C O N O P T 3   version 3.17L
    Copyright (C)   ARKI Consulting and Development A/S
                    Bagsvaerdvej 246 A
                    DK-2880 Bagsvaerd, Denmark
 
 
   Iter Phase Ninf   Infeasibility   RGmax    NSB   Step InItr MX OK
      0   0        1.8623535251E+04 (Input point)
 
                   Pre-triangular equations:   48
                   Post-triangular equations:  0
 
      1   0        0.0000000000E+00 (After pre-processing)
      2   0        0.0000000000E+00 (After scaling)
      2            0.0000000000E+00
 
 ** Feasible solution to a square system.
 
--- Reading solution for model partial
--- Executing after solve: elapsed 0:00:00.382
--- dyn_partiel_mufrem.gms(261) 4 Mb
--- Generating CNS model partial
--- dyn_partiel_mufrem.gms(277) 6 Mb
--- LOOPS t = 2020
---   48 rows  62 columns  522 non-zeroes
---   403 nl-code  180 nl-non-zeroes
--- dyn_partiel_mufrem.gms(277) 4 Mb
--- Executing CONOPT (Solvelink=2): elapsed 0:00:00.385
CONOPT 3         32.2.0 rc62c018 Released Aug 26, 2020 DEG x86 64bit/Mac OS X 
 
 
    C O N O P T 3   version 3.17L
    Copyright (C)   ARKI Consulting and Development A/S
                    Bagsvaerdvej 246 A
                    DK-2880 Bagsvaerd, Denmark
 
 
   Iter Phase Ninf   Infeasibility   RGmax    NSB   Step InItr MX OK
      0   0        7.7307049651E-11 (Input point)
 
                   Pre-triangular equations:   48
                   Post-triangular equations:  0
 
      1   0        0.0000000000E+00 (After pre-processing)
      2   0        0.0000000000E+00 (After scaling)
      2            0.0000000000E+00
 
 ** Feasible solution to a square system.
 
--- Reading solution for model partial
--- Executing after solve: elapsed 0:00:00.414
--- dyn_partiel_mufrem.gms(261) 4 Mb
--- Generating CNS model partial
--- dyn_partiel_mufrem.gms(269) 6 Mb
--- LOOPS t = 2021
---   48 rows  62 columns  522 non-zeroes
---   403 nl-code  180 nl-non-zeroes
--- dyn_partiel_mufrem.gms(269) 4 Mb
--- Executing CONOPT (Solvelink=2): elapsed 0:00:00.418
CONOPT 3         32.2.0 rc62c018 Released Aug 26, 2020 DEG x86 64bit/Mac OS X 
 
 
    C O N O P T 3   version 3.17L
    Copyright (C)   ARKI Consulting and Development A/S
                    Bagsvaerdvej 246 A
                    DK-2880 Bagsvaerd, Denmark
 
 
   Iter Phase Ninf   Infeasibility   RGmax    NSB   Step InItr MX OK
      0   0        1.4786281820E+04 (Input point)
 
                   Pre-triangular equations:   48
                   Post-triangular equations:  0
 
      1   0        0.0000000000E+00 (After pre-processing)
      2   0        0.0000000000E+00 (After scaling)
      2            0.0000000000E+00
 
 ** Feasible solution to a square system.
 
--- Reading solution for model partial
--- Executing after solve: elapsed 0:00:00.445
--- dyn_partiel_mufrem.gms(261) 4 Mb
--- Generating CNS model partial
--- dyn_partiel_mufrem.gms(277) 6 Mb
--- LOOPS t = 2021
---   48 rows  62 columns  522 non-zeroes
---   403 nl-code  180 nl-non-zeroes
--- dyn_partiel_mufrem.gms(277) 4 Mb
--- Executing CONOPT (Solvelink=2): elapsed 0:00:00.449
CONOPT 3         32.2.0 rc62c018 Released Aug 26, 2020 DEG x86 64bit/Mac OS X 
 
 
    C O N O P T 3   version 3.17L
    Copyright (C)   ARKI Consulting and Development A/S
                    Bagsvaerdvej 246 A
                    DK-2880 Bagsvaerd, Denmark
 
 
   Iter Phase Ninf   Infeasibility   RGmax    NSB   Step InItr MX OK
      0   0        5.2295945352E-11 (Input point)
 
                   Pre-triangular equations:   48
                   Post-triangular equations:  0
 
      1   0        0.0000000000E+00 (After pre-processing)
      2   0        0.0000000000E+00 (After scaling)
      2            0.0000000000E+00
 
 ** Feasible solution to a square system.
 
--- Reading solution for model partial
--- Executing after solve: elapsed 0:00:00.480
--- dyn_partiel_mufrem.gms(261) 4 Mb
--- Generating CNS model partial
--- dyn_partiel_mufrem.gms(269) 6 Mb
--- LOOPS t = 2022
---   48 rows  62 columns  522 non-zeroes
---   403 nl-code  180 nl-non-zeroes
--- dyn_partiel_mufrem.gms(269) 4 Mb
--- Executing CONOPT (Solvelink=2): elapsed 0:00:00.484
CONOPT 3         32.2.0 rc62c018 Released Aug 26, 2020 DEG x86 64bit/Mac OS X 
 
 
    C O N O P T 3   version 3.17L
    Copyright (C)   ARKI Consulting and Development A/S
                    Bagsvaerdvej 246 A
                    DK-2880 Bagsvaerd, Denmark
 
 
   Iter Phase Ninf   Infeasibility   RGmax    NSB   Step InItr MX OK
      0   0        1.2133280686E+04 (Input point)
 
                   Pre-triangular equations:   48
                   Post-triangular equations:  0
 
      1   0        0.0000000000E+00 (After pre-processing)
      2   0        0.0000000000E+00 (After scaling)
      2            0.0000000000E+00
 
 ** Feasible solution to a square system.
 
--- Reading solution for model partial
--- Executing after solve: elapsed 0:00:00.512
--- dyn_partiel_mufrem.gms(261) 4 Mb
--- Generating CNS model partial
--- dyn_partiel_mufrem.gms(277) 6 Mb
--- LOOPS t = 2022
---   48 rows  62 columns  522 non-zeroes
---   403 nl-code  180 nl-non-zeroes
--- dyn_partiel_mufrem.gms(277) 4 Mb
--- Executing CONOPT (Solvelink=2): elapsed 0:00:00.516
CONOPT 3         32.2.0 rc62c018 Released Aug 26, 2020 DEG x86 64bit/Mac OS X 
 
 
    C O N O P T 3   version 3.17L
    Copyright (C)   ARKI Consulting and Development A/S
                    Bagsvaerdvej 246 A
                    DK-2880 Bagsvaerd, Denmark
 
 
   Iter Phase Ninf   Infeasibility   RGmax    NSB   Step InItr MX OK
      0   0        4.0927261580E-11 (Input point)
 
                   Pre-triangular equations:   48
                   Post-triangular equations:  0
 
      1   0        0.0000000000E+00 (After pre-processing)
      2   0        0.0000000000E+00 (After scaling)
      2            0.0000000000E+00
 
 ** Feasible solution to a square system.
 
--- Reading solution for model partial
--- Executing after solve: elapsed 0:00:00.546
--- dyn_partiel_mufrem.gms(261) 4 Mb
--- Generating CNS model partial
--- dyn_partiel_mufrem.gms(269) 6 Mb
--- LOOPS t = 2023
---   48 rows  62 columns  522 non-zeroes
---   403 nl-code  180 nl-non-zeroes
--- dyn_partiel_mufrem.gms(269) 4 Mb
--- Executing CONOPT (Solvelink=2): elapsed 0:00:00.550
CONOPT 3         32.2.0 rc62c018 Released Aug 26, 2020 DEG x86 64bit/Mac OS X 
 
 
    C O N O P T 3   version 3.17L
    Copyright (C)   ARKI Consulting and Development A/S
                    Bagsvaerdvej 246 A
                    DK-2880 Bagsvaerd, Denmark
 
 
   Iter Phase Ninf   Infeasibility   RGmax    NSB   Step InItr MX OK
      0   0        1.0034704202E+04 (Input point)
 
                   Pre-triangular equations:   48
                   Post-triangular equations:  0
 
      1   0        0.0000000000E+00 (After pre-processing)
      2   0        0.0000000000E+00 (After scaling)
      2            0.0000000000E+00
 
 ** Feasible solution to a square system.
 
--- Reading solution for model partial
--- Executing after solve: elapsed 0:00:00.579
--- dyn_partiel_mufrem.gms(261) 4 Mb
--- Generating CNS model partial
--- dyn_partiel_mufrem.gms(277) 6 Mb
--- LOOPS t = 2023
---   48 rows  62 columns  522 non-zeroes
---   403 nl-code  180 nl-non-zeroes
--- dyn_partiel_mufrem.gms(277) 4 Mb
--- Executing CONOPT (Solvelink=2): elapsed 0:00:00.583
CONOPT 3         32.2.0 rc62c018 Released Aug 26, 2020 DEG x86 64bit/Mac OS X 
 
 
    C O N O P T 3   version 3.17L
    Copyright (C)   ARKI Consulting and Development A/S
                    Bagsvaerdvej 246 A
                    DK-2880 Bagsvaerd, Denmark
 
 
   Iter Phase Ninf   Infeasibility   RGmax    NSB   Step InItr MX OK
      0   0        4.4565240387E-11 (Input point)
 
                   Pre-triangular equations:   48
                   Post-triangular equations:  0
 
      1   0        0.0000000000E+00 (After pre-processing)
      2   0        0.0000000000E+00 (After scaling)
      2            0.0000000000E+00
 
 ** Feasible solution to a square system.
 
--- Reading solution for model partial
--- Executing after solve: elapsed 0:00:00.612
--- dyn_partiel_mufrem.gms(261) 4 Mb
--- Generating CNS model partial
--- dyn_partiel_mufrem.gms(269) 6 Mb
--- LOOPS t = 2024
---   48 rows  62 columns  522 non-zeroes
---   403 nl-code  180 nl-non-zeroes
--- dyn_partiel_mufrem.gms(269) 4 Mb
--- Executing CONOPT (Solvelink=2): elapsed 0:00:00.615
CONOPT 3         32.2.0 rc62c018 Released Aug 26, 2020 DEG x86 64bit/Mac OS X 
 
 
    C O N O P T 3   version 3.17L
    Copyright (C)   ARKI Consulting and Development A/S
                    Bagsvaerdvej 246 A
                    DK-2880 Bagsvaerd, Denmark
 
 
   Iter Phase Ninf   Infeasibility   RGmax    NSB   Step InItr MX OK
      0   0        8.3616059338E+03 (Input point)
 
                   Pre-triangular equations:   48
                   Post-triangular equations:  0
 
      1   0        0.0000000000E+00 (After pre-processing)
      2   0        0.0000000000E+00 (After scaling)
      2            0.0000000000E+00
 
 ** Feasible solution to a square system.
 
--- Reading solution for model partial
--- Executing after solve: elapsed 0:00:00.644
--- dyn_partiel_mufrem.gms(261) 4 Mb
--- Generating CNS model partial
--- dyn_partiel_mufrem.gms(277) 6 Mb
--- LOOPS t = 2024
---   48 rows  62 columns  522 non-zeroes
---   403 nl-code  180 nl-non-zeroes
--- dyn_partiel_mufrem.gms(277) 4 Mb
--- Executing CONOPT (Solvelink=2): elapsed 0:00:00.648
CONOPT 3         32.2.0 rc62c018 Released Aug 26, 2020 DEG x86 64bit/Mac OS X 
 
 
    C O N O P T 3   version 3.17L
    Copyright (C)   ARKI Consulting and Development A/S
                    Bagsvaerdvej 246 A
                    DK-2880 Bagsvaerd, Denmark
 
 
   Iter Phase Ninf   Infeasibility   RGmax    NSB   Step InItr MX OK
      0   0        3.0013325159E-11 (Input point)
 
                   Pre-triangular equations:   48
                   Post-triangular equations:  0
 
      1   0        0.0000000000E+00 (After pre-processing)
      2   0        0.0000000000E+00 (After scaling)
      2            0.0000000000E+00
 
 ** Feasible solution to a square system.
 
--- Reading solution for model partial
--- Executing after solve: elapsed 0:00:00.682
--- dyn_partiel_mufrem.gms(261) 4 Mb
--- Generating CNS model partial
--- dyn_partiel_mufrem.gms(269) 6 Mb
--- LOOPS t = 2025
---   48 rows  62 columns  522 non-zeroes
---   403 nl-code  180 nl-non-zeroes
--- dyn_partiel_mufrem.gms(269) 4 Mb
--- Executing CONOPT (Solvelink=2): elapsed 0:00:00.686
CONOPT 3         32.2.0 rc62c018 Released Aug 26, 2020 DEG x86 64bit/Mac OS X 
 
 
    C O N O P T 3   version 3.17L
    Copyright (C)   ARKI Consulting and Development A/S
                    Bagsvaerdvej 246 A
                    DK-2880 Bagsvaerd, Denmark
 
 
   Iter Phase Ninf   Infeasibility   RGmax    NSB   Step InItr MX OK
      0   0        7.0222486151E+03 (Input point)
 
                   Pre-triangular equations:   48
                   Post-triangular equations:  0
 
      1   0        0.0000000000E+00 (After pre-processing)
      2   0        0.0000000000E+00 (After scaling)
      2            0.0000000000E+00
 
 ** Feasible solution to a square system.
 
--- Reading solution for model partial
--- Executing after solve: elapsed 0:00:00.713
--- dyn_partiel_mufrem.gms(261) 4 Mb
--- Generating CNS model partial
--- dyn_partiel_mufrem.gms(277) 6 Mb
--- LOOPS t = 2025
---   48 rows  62 columns  522 non-zeroes
---   403 nl-code  180 nl-non-zeroes
--- dyn_partiel_mufrem.gms(277) 4 Mb
--- Executing CONOPT (Solvelink=2): elapsed 0:00:00.717
CONOPT 3         32.2.0 rc62c018 Released Aug 26, 2020 DEG x86 64bit/Mac OS X 
 
 
    C O N O P T 3   version 3.17L
    Copyright (C)   ARKI Consulting and Development A/S
                    Bagsvaerdvej 246 A
                    DK-2880 Bagsvaerd, Denmark
 
 
   Iter Phase Ninf   Infeasibility   RGmax    NSB   Step InItr MX OK
      0   0        3.0468072509E-11 (Input point)
 
                   Pre-triangular equations:   48
                   Post-triangular equations:  0
 
      1   0        0.0000000000E+00 (After pre-processing)
      2   0        0.0000000000E+00 (After scaling)
      2            0.0000000000E+00
 
 ** Feasible solution to a square system.
 
--- Reading solution for model partial
--- Executing after solve: elapsed 0:00:00.745
--- dyn_partiel_mufrem.gms(261) 4 Mb
--- Generating CNS model partial
--- dyn_partiel_mufrem.gms(269) 6 Mb
--- LOOPS t = 2026
---   48 rows  62 columns  522 non-zeroes
---   403 nl-code  180 nl-non-zeroes
--- dyn_partiel_mufrem.gms(269) 4 Mb
--- Executing CONOPT (Solvelink=2): elapsed 0:00:00.750
CONOPT 3         32.2.0 rc62c018 Released Aug 26, 2020 DEG x86 64bit/Mac OS X 
 
 
    C O N O P T 3   version 3.17L
    Copyright (C)   ARKI Consulting and Development A/S
                    Bagsvaerdvej 246 A
                    DK-2880 Bagsvaerd, Denmark
 
 
   Iter Phase Ninf   Infeasibility   RGmax    NSB   Step InItr MX OK
      0   0        5.9410326562E+03 (Input point)
 
                   Pre-triangular equations:   48
                   Post-triangular equations:  0
 
      1   0        0.0000000000E+00 (After pre-processing)
      2   0        0.0000000000E+00 (After scaling)
      2            0.0000000000E+00
 
 ** Feasible solution to a square system.
 
--- Reading solution for model partial
--- Executing after solve: elapsed 0:00:00.780
--- dyn_partiel_mufrem.gms(261) 4 Mb
--- Generating CNS model partial
--- dyn_partiel_mufrem.gms(277) 6 Mb
--- LOOPS t = 2026
---   48 rows  62 columns  522 non-zeroes
---   403 nl-code  180 nl-non-zeroes
--- dyn_partiel_mufrem.gms(277) 4 Mb
--- Executing CONOPT (Solvelink=2): elapsed 0:00:00.783
CONOPT 3         32.2.0 rc62c018 Released Aug 26, 2020 DEG x86 64bit/Mac OS X 
 
 
    C O N O P T 3   version 3.17L
    Copyright (C)   ARKI Consulting and Development A/S
                    Bagsvaerdvej 246 A
                    DK-2880 Bagsvaerd, Denmark
 
 
   Iter Phase Ninf   Infeasibility   RGmax    NSB   Step InItr MX OK
      0   0        2.6375346351E-11 (Input point)
 
                   Pre-triangular equations:   48
                   Post-triangular equations:  0
 
      1   0        0.0000000000E+00 (After pre-processing)
      2   0        0.0000000000E+00 (After scaling)
      2            0.0000000000E+00
 
 ** Feasible solution to a square system.
 
--- Reading solution for model partial
--- Executing after solve: elapsed 0:00:00.813
--- dyn_partiel_mufrem.gms(261) 4 Mb
--- Generating CNS model partial
--- dyn_partiel_mufrem.gms(269) 6 Mb
--- LOOPS t = 2027
---   48 rows  62 columns  522 non-zeroes
---   403 nl-code  180 nl-non-zeroes
--- dyn_partiel_mufrem.gms(269) 4 Mb
--- Executing CONOPT (Solvelink=2): elapsed 0:00:00.818
CONOPT 3         32.2.0 rc62c018 Released Aug 26, 2020 DEG x86 64bit/Mac OS X 
 
 
    C O N O P T 3   version 3.17L
    Copyright (C)   ARKI Consulting and Development A/S
                    Bagsvaerdvej 246 A
                    DK-2880 Bagsvaerd, Denmark
 
 
   Iter Phase Ninf   Infeasibility   RGmax    NSB   Step InItr MX OK
      0   0        5.0620169384E+03 (Input point)
 
                   Pre-triangular equations:   48
                   Post-triangular equations:  0
 
      1   0        0.0000000000E+00 (After pre-processing)
      2   0        0.0000000000E+00 (After scaling)
      2            0.0000000000E+00
 
 ** Feasible solution to a square system.
 
--- Reading solution for model partial
--- Executing after solve: elapsed 0:00:00.844
--- dyn_partiel_mufrem.gms(261) 4 Mb
--- Generating CNS model partial
--- dyn_partiel_mufrem.gms(277) 6 Mb
--- LOOPS t = 2027
---   48 rows  62 columns  522 non-zeroes
---   403 nl-code  180 nl-non-zeroes
--- dyn_partiel_mufrem.gms(277) 4 Mb
--- Executing CONOPT (Solvelink=2): elapsed 0:00:00.848
CONOPT 3         32.2.0 rc62c018 Released Aug 26, 2020 DEG x86 64bit/Mac OS X 
 
 
    C O N O P T 3   version 3.17L
    Copyright (C)   ARKI Consulting and Development A/S
                    Bagsvaerdvej 246 A
                    DK-2880 Bagsvaerd, Denmark
 
 
   Iter Phase Ninf   Infeasibility   RGmax    NSB   Step InItr MX OK
      0   0        3.5697667045E-11 (Input point)
 
                   Pre-triangular equations:   48
                   Post-triangular equations:  0
 
      1   0        0.0000000000E+00 (After pre-processing)
      2   0        0.0000000000E+00 (After scaling)
      2            0.0000000000E+00
 
 ** Feasible solution to a square system.
 
--- Reading solution for model partial
--- Executing after solve: elapsed 0:00:00.875
--- dyn_partiel_mufrem.gms(261) 4 Mb
--- Generating CNS model partial
--- dyn_partiel_mufrem.gms(269) 6 Mb
--- LOOPS t = 2028
---   48 rows  62 columns  522 non-zeroes
---   403 nl-code  180 nl-non-zeroes
--- dyn_partiel_mufrem.gms(269) 4 Mb
--- Executing CONOPT (Solvelink=2): elapsed 0:00:00.880
CONOPT 3         32.2.0 rc62c018 Released Aug 26, 2020 DEG x86 64bit/Mac OS X 
 
 
    C O N O P T 3   version 3.17L
    Copyright (C)   ARKI Consulting and Development A/S
                    Bagsvaerdvej 246 A
                    DK-2880 Bagsvaerd, Denmark
 
 
   Iter Phase Ninf   Infeasibility   RGmax    NSB   Step InItr MX OK
      0   0        4.3420656241E+03 (Input point)
 
                   Pre-triangular equations:   48
                   Post-triangular equations:  0
 
      1   0        0.0000000000E+00 (After pre-processing)
      2   0        0.0000000000E+00 (After scaling)
      2            0.0000000000E+00
 
 ** Feasible solution to a square system.
 
--- Reading solution for model partial
--- Executing after solve: elapsed 0:00:00.909
--- dyn_partiel_mufrem.gms(261) 4 Mb
--- Generating CNS model partial
--- dyn_partiel_mufrem.gms(277) 6 Mb
--- LOOPS t = 2028
---   48 rows  62 columns  522 non-zeroes
---   403 nl-code  180 nl-non-zeroes
--- dyn_partiel_mufrem.gms(277) 4 Mb
--- Executing CONOPT (Solvelink=2): elapsed 0:00:00.913
CONOPT 3         32.2.0 rc62c018 Released Aug 26, 2020 DEG x86 64bit/Mac OS X 
 
 
    C O N O P T 3   version 3.17L
    Copyright (C)   ARKI Consulting and Development A/S
                    Bagsvaerdvej 246 A
                    DK-2880 Bagsvaerd, Denmark
 
 
   Iter Phase Ninf   Infeasibility   RGmax    NSB   Step InItr MX OK
      0   0        4.0927261580E-11 (Input point)
 
                   Pre-triangular equations:   48
                   Post-triangular equations:  0
 
      1   0        0.0000000000E+00 (After pre-processing)
      2   0        0.0000000000E+00 (After scaling)
      2            0.0000000000E+00
 
 ** Feasible solution to a square system.
 
--- Reading solution for model partial
--- Executing after solve: elapsed 0:00:00.948
--- dyn_partiel_mufrem.gms(261) 4 Mb
--- Generating CNS model partial
--- dyn_partiel_mufrem.gms(269) 6 Mb
--- LOOPS t = 2029
---   48 rows  62 columns  522 non-zeroes
---   403 nl-code  180 nl-non-zeroes
--- dyn_partiel_mufrem.gms(269) 4 Mb
--- Executing CONOPT (Solvelink=2): elapsed 0:00:00.952
CONOPT 3         32.2.0 rc62c018 Released Aug 26, 2020 DEG x86 64bit/Mac OS X 
 
 
    C O N O P T 3   version 3.17L
    Copyright (C)   ARKI Consulting and Development A/S
                    Bagsvaerdvej 246 A
                    DK-2880 Bagsvaerd, Denmark
 
 
   Iter Phase Ninf   Infeasibility   RGmax    NSB   Step InItr MX OK
      0   0        3.7483218070E+03 (Input point)
 
                   Pre-triangular equations:   48
                   Post-triangular equations:  0
 
      1   0        0.0000000000E+00 (After pre-processing)
      2   0        0.0000000000E+00 (After scaling)
      2            0.0000000000E+00
 
 ** Feasible solution to a square system.
 
--- Reading solution for model partial
--- Executing after solve: elapsed 0:00:00.986
--- dyn_partiel_mufrem.gms(261) 4 Mb
--- Generating CNS model partial
--- dyn_partiel_mufrem.gms(277) 6 Mb
--- LOOPS t = 2029
---   48 rows  62 columns  522 non-zeroes
---   403 nl-code  180 nl-non-zeroes
--- dyn_partiel_mufrem.gms(277) 4 Mb
--- Executing CONOPT (Solvelink=2): elapsed 0:00:00.991
CONOPT 3         32.2.0 rc62c018 Released Aug 26, 2020 DEG x86 64bit/Mac OS X 
 
 
    C O N O P T 3   version 3.17L
    Copyright (C)   ARKI Consulting and Development A/S
                    Bagsvaerdvej 246 A
                    DK-2880 Bagsvaerd, Denmark
 
 
   Iter Phase Ninf   Infeasibility   RGmax    NSB   Step InItr MX OK
      0   0        6.4574123826E-11 (Input point)
 
                   Pre-triangular equations:   48
                   Post-triangular equations:  0
 
      1   0        0.0000000000E+00 (After pre-processing)
      2   0        0.0000000000E+00 (After scaling)
      2            0.0000000000E+00
 
 ** Feasible solution to a square system.
 
--- Reading solution for model partial
--- Executing after solve: elapsed 0:00:01.021
--- dyn_partiel_mufrem.gms(261) 4 Mb
--- Generating CNS model partial
--- dyn_partiel_mufrem.gms(269) 6 Mb
--- LOOPS t = 2030
---   48 rows  62 columns  522 non-zeroes
---   403 nl-code  180 nl-non-zeroes
--- dyn_partiel_mufrem.gms(269) 4 Mb
--- Executing CONOPT (Solvelink=2): elapsed 0:00:01.027
CONOPT 3         32.2.0 rc62c018 Released Aug 26, 2020 DEG x86 64bit/Mac OS X 
 
 
    C O N O P T 3   version 3.17L
    Copyright (C)   ARKI Consulting and Development A/S
                    Bagsvaerdvej 246 A
                    DK-2880 Bagsvaerd, Denmark
 
 
   Iter Phase Ninf   Infeasibility   RGmax    NSB   Step InItr MX OK
      0   0        3.2553971669E+03 (Input point)
 
                   Pre-triangular equations:   48
                   Post-triangular equations:  0
 
      1   0        0.0000000000E+00 (After pre-processing)
      2   0        0.0000000000E+00 (After scaling)
      2            0.0000000000E+00
 
 ** Feasible solution to a square system.
 
--- Reading solution for model partial
--- Executing after solve: elapsed 0:00:01.063
--- dyn_partiel_mufrem.gms(261) 4 Mb
--- Generating CNS model partial
--- dyn_partiel_mufrem.gms(277) 6 Mb
--- LOOPS t = 2030
---   48 rows  62 columns  522 non-zeroes
---   403 nl-code  180 nl-non-zeroes
--- dyn_partiel_mufrem.gms(277) 4 Mb
--- Executing CONOPT (Solvelink=2): elapsed 0:00:01.068
CONOPT 3         32.2.0 rc62c018 Released Aug 26, 2020 DEG x86 64bit/Mac OS X 
 
 
    C O N O P T 3   version 3.17L
    Copyright (C)   ARKI Consulting and Development A/S
                    Bagsvaerdvej 246 A
                    DK-2880 Bagsvaerd, Denmark
 
 
   Iter Phase Ninf   Infeasibility   RGmax    NSB   Step InItr MX OK
      0   0        4.7748471843E-11 (Input point)
 
                   Pre-triangular equations:   48
                   Post-triangular equations:  0
 
      1   0        0.0000000000E+00 (After pre-processing)
      2   0        0.0000000000E+00 (After scaling)
      2            0.0000000000E+00
 
 ** Feasible solution to a square system.
 
--- Reading solution for model partial
--- Executing after solve: elapsed 0:00:01.099
--- dyn_partiel_mufrem.gms(261) 4 Mb
--- Generating CNS model partial
--- dyn_partiel_mufrem.gms(269) 6 Mb
--- LOOPS t = 2031
---   48 rows  62 columns  522 non-zeroes
---   403 nl-code  180 nl-non-zeroes
--- dyn_partiel_mufrem.gms(269) 4 Mb
--- Executing CONOPT (Solvelink=2): elapsed 0:00:01.103
CONOPT 3         32.2.0 rc62c018 Released Aug 26, 2020 DEG x86 64bit/Mac OS X 
 
 
    C O N O P T 3   version 3.17L
    Copyright (C)   ARKI Consulting and Development A/S
                    Bagsvaerdvej 246 A
                    DK-2880 Bagsvaerd, Denmark
 
 
   Iter Phase Ninf   Infeasibility   RGmax    NSB   Step InItr MX OK
      0   0        2.8473341587E+03 (Input point)
 
                   Pre-triangular equations:   48
                   Post-triangular equations:  0
 
      1   0        0.0000000000E+00 (After pre-processing)
      2   0        0.0000000000E+00 (After scaling)
      2            0.0000000000E+00
 
 ** Feasible solution to a square system.
 
--- Reading solution for model partial
--- Executing after solve: elapsed 0:00:01.130
--- dyn_partiel_mufrem.gms(261) 4 Mb
--- Generating CNS model partial
--- dyn_partiel_mufrem.gms(277) 6 Mb
--- LOOPS t = 2031
---   48 rows  62 columns  522 non-zeroes
---   403 nl-code  180 nl-non-zeroes
--- dyn_partiel_mufrem.gms(277) 4 Mb
--- Executing CONOPT (Solvelink=2): elapsed 0:00:01.134
CONOPT 3         32.2.0 rc62c018 Released Aug 26, 2020 DEG x86 64bit/Mac OS X 
 
 
    C O N O P T 3   version 3.17L
    Copyright (C)   ARKI Consulting and Development A/S
                    Bagsvaerdvej 246 A
                    DK-2880 Bagsvaerd, Denmark
 
 
   Iter Phase Ninf   Infeasibility   RGmax    NSB   Step InItr MX OK
      0   0        5.4114934755E-11 (Input point)
 
                   Pre-triangular equations:   48
                   Post-triangular equations:  0
 
      1   0        0.0000000000E+00 (After pre-processing)
      2   0        0.0000000000E+00 (After scaling)
      2            0.0000000000E+00
 
 ** Feasible solution to a square system.
 
--- Reading solution for model partial
--- Executing after solve: elapsed 0:00:01.164
--- dyn_partiel_mufrem.gms(261) 4 Mb
--- Generating CNS model partial
--- dyn_partiel_mufrem.gms(269) 6 Mb
--- LOOPS t = 2032
---   48 rows  62 columns  522 non-zeroes
---   403 nl-code  180 nl-non-zeroes
--- dyn_partiel_mufrem.gms(269) 4 Mb
--- Executing CONOPT (Solvelink=2): elapsed 0:00:01.167
CONOPT 3         32.2.0 rc62c018 Released Aug 26, 2020 DEG x86 64bit/Mac OS X 
 
 
    C O N O P T 3   version 3.17L
    Copyright (C)   ARKI Consulting and Development A/S
                    Bagsvaerdvej 246 A
                    DK-2880 Bagsvaerd, Denmark
 
 
   Iter Phase Ninf   Infeasibility   RGmax    NSB   Step InItr MX OK
      0   0        2.5109534433E+03 (Input point)
 
                   Pre-triangular equations:   48
                   Post-triangular equations:  0
 
      1   0        0.0000000000E+00 (After pre-processing)
      2   0        0.0000000000E+00 (After scaling)
      2            0.0000000000E+00
 
 ** Feasible solution to a square system.
 
--- Reading solution for model partial
--- Executing after solve: elapsed 0:00:01.199
--- dyn_partiel_mufrem.gms(261) 4 Mb
--- Generating CNS model partial
--- dyn_partiel_mufrem.gms(277) 6 Mb
--- LOOPS t = 2032
---   48 rows  62 columns  522 non-zeroes
---   403 nl-code  180 nl-non-zeroes
--- dyn_partiel_mufrem.gms(277) 4 Mb
--- Executing CONOPT (Solvelink=2): elapsed 0:00:01.203
CONOPT 3         32.2.0 rc62c018 Released Aug 26, 2020 DEG x86 64bit/Mac OS X 
 
 
    C O N O P T 3   version 3.17L
    Copyright (C)   ARKI Consulting and Development A/S
                    Bagsvaerdvej 246 A
                    DK-2880 Bagsvaerd, Denmark
 
 
   Iter Phase Ninf   Infeasibility   RGmax    NSB   Step InItr MX OK
      0   0        3.5470293369E-11 (Input point)
 
                   Pre-triangular equations:   48
                   Post-triangular equations:  0
 
      1   0        0.0000000000E+00 (After pre-processing)
      2   0        0.0000000000E+00 (After scaling)
      2            0.0000000000E+00
 
 ** Feasible solution to a square system.
 
--- Reading solution for model partial
--- Executing after solve: elapsed 0:00:01.232
--- dyn_partiel_mufrem.gms(261) 4 Mb
--- Generating CNS model partial
--- dyn_partiel_mufrem.gms(269) 6 Mb
--- LOOPS t = 2033
---   48 rows  62 columns  522 non-zeroes
---   403 nl-code  180 nl-non-zeroes
--- dyn_partiel_mufrem.gms(269) 4 Mb
--- Executing CONOPT (Solvelink=2): elapsed 0:00:01.239
CONOPT 3         32.2.0 rc62c018 Released Aug 26, 2020 DEG x86 64bit/Mac OS X 
 
 
    C O N O P T 3   version 3.17L
    Copyright (C)   ARKI Consulting and Development A/S
                    Bagsvaerdvej 246 A
                    DK-2880 Bagsvaerd, Denmark
 
 
   Iter Phase Ninf   Infeasibility   RGmax    NSB   Step InItr MX OK
      0   0        2.2242312942E+03 (Input point)
 
                   Pre-triangular equations:   48
                   Post-triangular equations:  0
 
      1   0        0.0000000000E+00 (After pre-processing)
      2   0        0.0000000000E+00 (After scaling)
      2            0.0000000000E+00
 
 ** Feasible solution to a square system.
 
--- Reading solution for model partial
--- Executing after solve: elapsed 0:00:01.281
--- dyn_partiel_mufrem.gms(261) 4 Mb
--- Generating CNS model partial
--- dyn_partiel_mufrem.gms(277) 6 Mb
--- LOOPS t = 2033
---   48 rows  62 columns  522 non-zeroes
---   403 nl-code  180 nl-non-zeroes
--- dyn_partiel_mufrem.gms(277) 4 Mb
--- Executing CONOPT (Solvelink=2): elapsed 0:00:01.287
CONOPT 3         32.2.0 rc62c018 Released Aug 26, 2020 DEG x86 64bit/Mac OS X 
 
 
    C O N O P T 3   version 3.17L
    Copyright (C)   ARKI Consulting and Development A/S
                    Bagsvaerdvej 246 A
                    DK-2880 Bagsvaerd, Denmark
 
 
   Iter Phase Ninf   Infeasibility   RGmax    NSB   Step InItr MX OK
      0   0        3.9108272176E-11 (Input point)
 
                   Pre-triangular equations:   48
                   Post-triangular equations:  0
 
      1   0        0.0000000000E+00 (After pre-processing)
      2   0        0.0000000000E+00 (After scaling)
      2            0.0000000000E+00
 
 ** Feasible solution to a square system.
 
--- Reading solution for model partial
--- Executing after solve: elapsed 0:00:01.322
--- dyn_partiel_mufrem.gms(261) 4 Mb
--- Generating CNS model partial
--- dyn_partiel_mufrem.gms(269) 6 Mb
--- LOOPS t = 2034
---   48 rows  62 columns  522 non-zeroes
---   403 nl-code  180 nl-non-zeroes
--- dyn_partiel_mufrem.gms(269) 4 Mb
--- Executing CONOPT (Solvelink=2): elapsed 0:00:01.326
CONOPT 3         32.2.0 rc62c018 Released Aug 26, 2020 DEG x86 64bit/Mac OS X 
 
 
    C O N O P T 3   version 3.17L
    Copyright (C)   ARKI Consulting and Development A/S
                    Bagsvaerdvej 246 A
                    DK-2880 Bagsvaerd, Denmark
 
 
   Iter Phase Ninf   Infeasibility   RGmax    NSB   Step InItr MX OK
      0   0        2.0020309887E+03 (Input point)
 
                   Pre-triangular equations:   48
                   Post-triangular equations:  0
 
      1   0        0.0000000000E+00 (After pre-processing)
      2   0        0.0000000000E+00 (After scaling)
      2            0.0000000000E+00
 
 ** Feasible solution to a square system.
 
--- Reading solution for model partial
--- Executing after solve: elapsed 0:00:01.356
--- dyn_partiel_mufrem.gms(261) 4 Mb
--- Generating CNS model partial
--- dyn_partiel_mufrem.gms(277) 6 Mb
--- LOOPS t = 2034
---   48 rows  62 columns  522 non-zeroes
---   403 nl-code  180 nl-non-zeroes
--- dyn_partiel_mufrem.gms(277) 4 Mb
--- Executing CONOPT (Solvelink=2): elapsed 0:00:01.361
CONOPT 3         32.2.0 rc62c018 Released Aug 26, 2020 DEG x86 64bit/Mac OS X 
 
 
    C O N O P T 3   version 3.17L
    Copyright (C)   ARKI Consulting and Development A/S
                    Bagsvaerdvej 246 A
                    DK-2880 Bagsvaerd, Denmark
 
 
   Iter Phase Ninf   Infeasibility   RGmax    NSB   Step InItr MX OK
      0   0        4.4337866711E-11 (Input point)
 
                   Pre-triangular equations:   48
                   Post-triangular equations:  0
 
      1   0        0.0000000000E+00 (After pre-processing)
      2   0        0.0000000000E+00 (After scaling)
      2            0.0000000000E+00
 
 ** Feasible solution to a square system.
 
--- Reading solution for model partial
--- Executing after solve: elapsed 0:00:01.388
--- dyn_partiel_mufrem.gms(261) 4 Mb
--- Generating CNS model partial
--- dyn_partiel_mufrem.gms(269) 6 Mb
--- LOOPS t = 2035
---   48 rows  62 columns  522 non-zeroes
---   403 nl-code  180 nl-non-zeroes
--- dyn_partiel_mufrem.gms(269) 4 Mb
--- Executing CONOPT (Solvelink=2): elapsed 0:00:01.392
CONOPT 3         32.2.0 rc62c018 Released Aug 26, 2020 DEG x86 64bit/Mac OS X 
 
 
    C O N O P T 3   version 3.17L
    Copyright (C)   ARKI Consulting and Development A/S
                    Bagsvaerdvej 246 A
                    DK-2880 Bagsvaerd, Denmark
 
 
   Iter Phase Ninf   Infeasibility   RGmax    NSB   Step InItr MX OK
      0   0        1.8180888348E+03 (Input point)
 
                   Pre-triangular equations:   48
                   Post-triangular equations:  0
 
      1   0        0.0000000000E+00 (After pre-processing)
      2   0        0.0000000000E+00 (After scaling)
      2            0.0000000000E+00
 
 ** Feasible solution to a square system.
 
--- Reading solution for model partial
--- Executing after solve: elapsed 0:00:01.419
--- dyn_partiel_mufrem.gms(261) 4 Mb
--- Generating CNS model partial
--- dyn_partiel_mufrem.gms(277) 6 Mb
--- LOOPS t = 2035
---   48 rows  62 columns  522 non-zeroes
---   403 nl-code  180 nl-non-zeroes
--- dyn_partiel_mufrem.gms(277) 4 Mb
--- Executing CONOPT (Solvelink=2): elapsed 0:00:01.423
CONOPT 3         32.2.0 rc62c018 Released Aug 26, 2020 DEG x86 64bit/Mac OS X 
 
 
    C O N O P T 3   version 3.17L
    Copyright (C)   ARKI Consulting and Development A/S
                    Bagsvaerdvej 246 A
                    DK-2880 Bagsvaerd, Denmark
 
 
   Iter Phase Ninf   Infeasibility   RGmax    NSB   Step InItr MX OK
      0   0        4.6838977141E-11 (Input point)
 
                   Pre-triangular equations:   48
                   Post-triangular equations:  0
 
      1   0        0.0000000000E+00 (After pre-processing)
      2   0        0.0000000000E+00 (After scaling)
      2            0.0000000000E+00
 
 ** Feasible solution to a square system.
 
--- Reading solution for model partial
--- Executing after solve: elapsed 0:00:01.452
--- dyn_partiel_mufrem.gms(261) 4 Mb
--- Generating CNS model partial
--- dyn_partiel_mufrem.gms(269) 6 Mb
--- LOOPS t = 2036
---   48 rows  62 columns  522 non-zeroes
---   403 nl-code  180 nl-non-zeroes
--- dyn_partiel_mufrem.gms(269) 4 Mb
--- Executing CONOPT (Solvelink=2): elapsed 0:00:01.456
CONOPT 3         32.2.0 rc62c018 Released Aug 26, 2020 DEG x86 64bit/Mac OS X 
 
 
    C O N O P T 3   version 3.17L
    Copyright (C)   ARKI Consulting and Development A/S
                    Bagsvaerdvej 246 A
                    DK-2880 Bagsvaerd, Denmark
 
 
   Iter Phase Ninf   Infeasibility   RGmax    NSB   Step InItr MX OK
      0   0        1.6551280199E+03 (Input point)
 
                   Pre-triangular equations:   48
                   Post-triangular equations:  0
 
      1   0        0.0000000000E+00 (After pre-processing)
      2   0        0.0000000000E+00 (After scaling)
      2            0.0000000000E+00
 
 ** Feasible solution to a square system.
 
--- Reading solution for model partial
--- Executing after solve: elapsed 0:00:01.483
--- dyn_partiel_mufrem.gms(261) 4 Mb
--- Generating CNS model partial
--- dyn_partiel_mufrem.gms(277) 6 Mb
--- LOOPS t = 2036
---   48 rows  62 columns  522 non-zeroes
---   403 nl-code  180 nl-non-zeroes
--- dyn_partiel_mufrem.gms(277) 4 Mb
--- Executing CONOPT (Solvelink=2): elapsed 0:00:01.487
CONOPT 3         32.2.0 rc62c018 Released Aug 26, 2020 DEG x86 64bit/Mac OS X 
 
 
    C O N O P T 3   version 3.17L
    Copyright (C)   ARKI Consulting and Development A/S
                    Bagsvaerdvej 246 A
                    DK-2880 Bagsvaerd, Denmark
 
 
   Iter Phase Ninf   Infeasibility   RGmax    NSB   Step InItr MX OK
      0   0        5.4797055782E-11 (Input point)
 
                   Pre-triangular equations:   48
                   Post-triangular equations:  0
 
      1   0        0.0000000000E+00 (After pre-processing)
      2   0        0.0000000000E+00 (After scaling)
      2            0.0000000000E+00
 
 ** Feasible solution to a square system.
 
--- Reading solution for model partial
--- Executing after solve: elapsed 0:00:01.519
--- dyn_partiel_mufrem.gms(261) 4 Mb
--- Generating CNS model partial
--- dyn_partiel_mufrem.gms(269) 6 Mb
--- LOOPS t = 2037
---   48 rows  62 columns  522 non-zeroes
---   403 nl-code  180 nl-non-zeroes
--- dyn_partiel_mufrem.gms(269) 4 Mb
--- Executing CONOPT (Solvelink=2): elapsed 0:00:01.523
CONOPT 3         32.2.0 rc62c018 Released Aug 26, 2020 DEG x86 64bit/Mac OS X 
 
 
    C O N O P T 3   version 3.17L
    Copyright (C)   ARKI Consulting and Development A/S
                    Bagsvaerdvej 246 A
                    DK-2880 Bagsvaerd, Denmark
 
 
   Iter Phase Ninf   Infeasibility   RGmax    NSB   Step InItr MX OK
      0   0        1.5134503333E+03 (Input point)
 
                   Pre-triangular equations:   48
                   Post-triangular equations:  0
 
      1   0        0.0000000000E+00 (After pre-processing)
      2   0        0.0000000000E+00 (After scaling)
      2            0.0000000000E+00
 
 ** Feasible solution to a square system.
 
--- Reading solution for model partial
--- Executing after solve: elapsed 0:00:01.551
--- dyn_partiel_mufrem.gms(261) 4 Mb
--- Generating CNS model partial
--- dyn_partiel_mufrem.gms(277) 6 Mb
--- LOOPS t = 2037
---   48 rows  62 columns  522 non-zeroes
---   403 nl-code  180 nl-non-zeroes
--- dyn_partiel_mufrem.gms(277) 4 Mb
--- Executing CONOPT (Solvelink=2): elapsed 0:00:01.555
CONOPT 3         32.2.0 rc62c018 Released Aug 26, 2020 DEG x86 64bit/Mac OS X 
 
 
    C O N O P T 3   version 3.17L
    Copyright (C)   ARKI Consulting and Development A/S
                    Bagsvaerdvej 246 A
                    DK-2880 Bagsvaerd, Denmark
 
 
   Iter Phase Ninf   Infeasibility   RGmax    NSB   Step InItr MX OK
      0   0        2.9785951483E-11 (Input point)
 
                   Pre-triangular equations:   48
                   Post-triangular equations:  0
 
      1   0        0.0000000000E+00 (After pre-processing)
      2   0        0.0000000000E+00 (After scaling)
      2            0.0000000000E+00
 
 ** Feasible solution to a square system.
 
--- Reading solution for model partial
--- Executing after solve: elapsed 0:00:01.584
--- dyn_partiel_mufrem.gms(261) 4 Mb
--- Generating CNS model partial
--- dyn_partiel_mufrem.gms(269) 6 Mb
--- LOOPS t = 2038
---   48 rows  62 columns  522 non-zeroes
---   403 nl-code  180 nl-non-zeroes
--- dyn_partiel_mufrem.gms(269) 4 Mb
--- Executing CONOPT (Solvelink=2): elapsed 0:00:01.588
CONOPT 3         32.2.0 rc62c018 Released Aug 26, 2020 DEG x86 64bit/Mac OS X 
 
 
    C O N O P T 3   version 3.17L
    Copyright (C)   ARKI Consulting and Development A/S
                    Bagsvaerdvej 246 A
                    DK-2880 Bagsvaerd, Denmark
 
 
   Iter Phase Ninf   Infeasibility   RGmax    NSB   Step InItr MX OK
      0   0        1.3934908370E+03 (Input point)
 
                   Pre-triangular equations:   48
                   Post-triangular equations:  0
 
      1   0        0.0000000000E+00 (After pre-processing)
      2   0        0.0000000000E+00 (After scaling)
      2            0.0000000000E+00
 
 ** Feasible solution to a square system.
 
--- Reading solution for model partial
--- Executing after solve: elapsed 0:00:01.615
--- dyn_partiel_mufrem.gms(261) 4 Mb
--- Generating CNS model partial
--- dyn_partiel_mufrem.gms(277) 6 Mb
--- LOOPS t = 2038
---   48 rows  62 columns  522 non-zeroes
---   403 nl-code  180 nl-non-zeroes
--- dyn_partiel_mufrem.gms(277) 4 Mb
--- Executing CONOPT (Solvelink=2): elapsed 0:00:01.619
CONOPT 3         32.2.0 rc62c018 Released Aug 26, 2020 DEG x86 64bit/Mac OS X 
 
 
    C O N O P T 3   version 3.17L
    Copyright (C)   ARKI Consulting and Development A/S
                    Bagsvaerdvej 246 A
                    DK-2880 Bagsvaerd, Denmark
 
 
   Iter Phase Ninf   Infeasibility   RGmax    NSB   Step InItr MX OK
      0   0        4.6838977141E-11 (Input point)
 
                   Pre-triangular equations:   48
                   Post-triangular equations:  0
 
      1   0        0.0000000000E+00 (After pre-processing)
      2   0        0.0000000000E+00 (After scaling)
      2            0.0000000000E+00
 
 ** Feasible solution to a square system.
 
--- Reading solution for model partial
--- Executing after solve: elapsed 0:00:01.645
--- dyn_partiel_mufrem.gms(261) 4 Mb
--- Generating CNS model partial
--- dyn_partiel_mufrem.gms(269) 6 Mb
--- LOOPS t = 2039
---   48 rows  62 columns  522 non-zeroes
---   403 nl-code  180 nl-non-zeroes
--- dyn_partiel_mufrem.gms(269) 4 Mb
--- Executing CONOPT (Solvelink=2): elapsed 0:00:01.650
CONOPT 3         32.2.0 rc62c018 Released Aug 26, 2020 DEG x86 64bit/Mac OS X 
 
 
    C O N O P T 3   version 3.17L
    Copyright (C)   ARKI Consulting and Development A/S
                    Bagsvaerdvej 246 A
                    DK-2880 Bagsvaerd, Denmark
 
 
   Iter Phase Ninf   Infeasibility   RGmax    NSB   Step InItr MX OK
      0   0        1.2861432422E+03 (Input point)
 
                   Pre-triangular equations:   48
                   Post-triangular equations:  0
 
      1   0        0.0000000000E+00 (After pre-processing)
      2   0        0.0000000000E+00 (After scaling)
      2            0.0000000000E+00
 
 ** Feasible solution to a square system.
 
--- Reading solution for model partial
--- Executing after solve: elapsed 0:00:01.679
--- dyn_partiel_mufrem.gms(261) 4 Mb
--- Generating CNS model partial
--- dyn_partiel_mufrem.gms(277) 6 Mb
--- LOOPS t = 2039
---   48 rows  62 columns  522 non-zeroes
---   403 nl-code  180 nl-non-zeroes
--- dyn_partiel_mufrem.gms(277) 4 Mb
--- Executing CONOPT (Solvelink=2): elapsed 0:00:01.683
CONOPT 3         32.2.0 rc62c018 Released Aug 26, 2020 DEG x86 64bit/Mac OS X 
 
 
    C O N O P T 3   version 3.17L
    Copyright (C)   ARKI Consulting and Development A/S
                    Bagsvaerdvej 246 A
                    DK-2880 Bagsvaerd, Denmark
 
 
   Iter Phase Ninf   Infeasibility   RGmax    NSB   Step InItr MX OK
      0   0        1.3869794202E-11 (Input point)
 
                   Pre-triangular equations:   48
                   Post-triangular equations:  0
 
      1   0        0.0000000000E+00 (After pre-processing)
      2   0        0.0000000000E+00 (After scaling)
      2            0.0000000000E+00
 
 ** Feasible solution to a square system.
 
--- Reading solution for model partial
--- Executing after solve: elapsed 0:00:01.712
--- dyn_partiel_mufrem.gms(261) 4 Mb
--- Generating CNS model partial
--- dyn_partiel_mufrem.gms(269) 6 Mb
--- LOOPS t = 2040
---   48 rows  62 columns  522 non-zeroes
---   403 nl-code  180 nl-non-zeroes
--- dyn_partiel_mufrem.gms(269) 4 Mb
--- Executing CONOPT (Solvelink=2): elapsed 0:00:01.716
CONOPT 3         32.2.0 rc62c018 Released Aug 26, 2020 DEG x86 64bit/Mac OS X 
 
 
    C O N O P T 3   version 3.17L
    Copyright (C)   ARKI Consulting and Development A/S
                    Bagsvaerdvej 246 A
                    DK-2880 Bagsvaerd, Denmark
 
 
   Iter Phase Ninf   Infeasibility   RGmax    NSB   Step InItr MX OK
      0   0        1.1915116974E+03 (Input point)
 
                   Pre-triangular equations:   48
                   Post-triangular equations:  0
 
      1   0        0.0000000000E+00 (After pre-processing)
      2   0        0.0000000000E+00 (After scaling)
      2            0.0000000000E+00
 
 ** Feasible solution to a square system.
 
--- Reading solution for model partial
--- Executing after solve: elapsed 0:00:01.743
--- dyn_partiel_mufrem.gms(261) 4 Mb
--- Generating CNS model partial
--- dyn_partiel_mufrem.gms(277) 6 Mb
--- LOOPS t = 2040
---   48 rows  62 columns  522 non-zeroes
---   403 nl-code  180 nl-non-zeroes
--- dyn_partiel_mufrem.gms(277) 4 Mb
--- Executing CONOPT (Solvelink=2): elapsed 0:00:01.747
CONOPT 3         32.2.0 rc62c018 Released Aug 26, 2020 DEG x86 64bit/Mac OS X 
 
 
    C O N O P T 3   version 3.17L
    Copyright (C)   ARKI Consulting and Development A/S
                    Bagsvaerdvej 246 A
                    DK-2880 Bagsvaerd, Denmark
 
 
   Iter Phase Ninf   Infeasibility   RGmax    NSB   Step InItr MX OK
      0   0        6.9121597335E-11 (Input point)
 
                   Pre-triangular equations:   48
                   Post-triangular equations:  0
 
      1   0        0.0000000000E+00 (After pre-processing)
      2   0        0.0000000000E+00 (After scaling)
      2            0.0000000000E+00
 
 ** Feasible solution to a square system.
 
--- Reading solution for model partial
--- Executing after solve: elapsed 0:00:01.775
--- dyn_partiel_mufrem.gms(261) 4 Mb
--- GDX File /Users/rasmuskaslund/Documents/GitHub/SpecialeJR /Partiel analyse/dyn_partiel_mufrem.gdx
*** Status: Normal completion
--- Job dyn_partiel_mufrem.gms Stop 07/01/21 14:15:05 elapsed 0:00:01.788
