--- Job dyn_partiel.gms Start 07/02/21 09:26:12 32.2.0 rc62c018 DEX-DEG x86 64bit/Mac OS X
--- Applying:
    /Library/Frameworks/GAMS.framework/Versions/32/Resources/gmsprmun.txt
--- GAMS Parameters defined
    Input "/Users/rasmuskaslund/Documents/GitHub/SpecialeJR /Partiel analyse/dyn_partiel.gms"
    PageSize 0
    ScrDir "/Users/rasmuskaslund/Documents/GitHub/SpecialeJR /Partiel analyse/225a/"
    SysDir /Library/Frameworks/GAMS.framework/Versions/32/Resources/
    LogOption 3
    ErrMsg 1
    ErrorLog 99
    IDE 1
    GDX "/Users/rasmuskaslund/Documents/GitHub/SpecialeJR /Partiel analyse/dyn_partiel.gdx"
    LstTitleLeftAligned 1
GAMS 32.2.0   Copyright (C) 1987-2020 GAMS Development. All rights reserved
Licensee: Course License                                 S210104/0001AO-GEN
          University of Copenhagen, Department of Economics         DCE1064
          /Users/rasmuskaslund/Library/Application Support/GAMS/gamslice.txt
          Course license for use within the course and related course work
--- Starting compilation
--- dyn_partiel.gms(48) 3 Mb
--- . Data_LES_RLK.gms(79) 3 Mb
--- dyn_partiel.gms(217) 3 Mb
--- Starting execution: elapsed 0:00:00.007
--- dyn_partiel.gms(153) 4 Mb
--- Generating CNS model fast
--- dyn_partiel.gms(159) 6 Mb
---   48 rows  62 columns  438 non-zeroes
---   151 nl-code  96 nl-non-zeroes
--- dyn_partiel.gms(159) 4 Mb
--- Executing CONOPT (Solvelink=2): elapsed 0:00:00.016
CONOPT 3         32.2.0 rc62c018 Released Aug 26, 2020 DEG x86 64bit/Mac OS X 
 
 
    C O N O P T 3   version 3.17L
    Copyright (C)   ARKI Consulting and Development A/S
                    Bagsvaerdvej 246 A
                    DK-2880 Bagsvaerd, Denmark
 
 
   Iter Phase Ninf   Infeasibility   RGmax    NSB   Step InItr MX OK
      0   0        1.0629719327E-10 (Input point)
 
                   Pre-triangular equations:   0
                   Post-triangular equations:  0
 
      1   0        1.0629719327E-10 (After pre-processing)
      2   0        4.9960036108E-15 (After scaling)
      2            4.9960036108E-15
 
 ** Feasible solution to a square system.
 
--- Reading solution for model fast
--- Executing after solve: elapsed 0:00:00.092
--- dyn_partiel.gms(161) 4 Mb
--- Generating CNS model cobbdoug
--- dyn_partiel.gms(163) 6 Mb
---   48 rows  62 columns  228 non-zeroes
---   319 nl-code  180 nl-non-zeroes
--- dyn_partiel.gms(163) 4 Mb
--- Executing CONOPT (Solvelink=2): elapsed 0:00:00.094
CONOPT 3         32.2.0 rc62c018 Released Aug 26, 2020 DEG x86 64bit/Mac OS X 
 
 
    C O N O P T 3   version 3.17L
    Copyright (C)   ARKI Consulting and Development A/S
                    Bagsvaerdvej 246 A
                    DK-2880 Bagsvaerd, Denmark
 
 
   Iter Phase Ninf   Infeasibility   RGmax    NSB   Step InItr MX OK
      0   0        2.9558577808E-11 (Input point)
 
                   Pre-triangular equations:   48
                   Post-triangular equations:  0
 
      1   0        0.0000000000E+00 (After pre-processing)
      2   0        0.0000000000E+00 (After scaling)
      2            0.0000000000E+00
 
 ** Feasible solution to a square system.
 
--- Reading solution for model cobbdoug
--- Executing after solve: elapsed 0:00:00.124
--- dyn_partiel.gms(165) 4 Mb
--- Generating CNS model partial
--- dyn_partiel.gms(170) 6 Mb
---   48 rows  62 columns  522 non-zeroes
---   403 nl-code  180 nl-non-zeroes
--- dyn_partiel.gms(170) 4 Mb
--- Executing CONOPT (Solvelink=2): elapsed 0:00:00.127
CONOPT 3         32.2.0 rc62c018 Released Aug 26, 2020 DEG x86 64bit/Mac OS X 
 
 
    C O N O P T 3   version 3.17L
    Copyright (C)   ARKI Consulting and Development A/S
                    Bagsvaerdvej 246 A
                    DK-2880 Bagsvaerd, Denmark
 
 
   Iter Phase Ninf   Infeasibility   RGmax    NSB   Step InItr MX OK
      0   0        7.1004900000E+02 (Input point)
 
                   Pre-triangular equations:   48
                   Post-triangular equations:  0
 
      1   0        0.0000000000E+00 (After pre-processing)
      2   0        0.0000000000E+00 (After scaling)
      2            0.0000000000E+00
 
 ** Feasible solution to a square system.
 
--- Reading solution for model partial
--- Executing after solve: elapsed 0:00:00.157
--- dyn_partiel.gms(174) 4 Mb
--- Generating CNS model partial
--- dyn_partiel.gms(176) 6 Mb
---   48 rows  62 columns  522 non-zeroes
---   403 nl-code  180 nl-non-zeroes
--- dyn_partiel.gms(176) 4 Mb
--- Executing CONOPT (Solvelink=2): elapsed 0:00:00.160
CONOPT 3         32.2.0 rc62c018 Released Aug 26, 2020 DEG x86 64bit/Mac OS X 
 
 
    C O N O P T 3   version 3.17L
    Copyright (C)   ARKI Consulting and Development A/S
                    Bagsvaerdvej 246 A
                    DK-2880 Bagsvaerd, Denmark
 
 
   Iter Phase Ninf   Infeasibility   RGmax    NSB   Step InItr MX OK
      0   0        8.2991391537E-11 (Input point)
 
                   Pre-triangular equations:   48
                   Post-triangular equations:  0
 
      1   0        0.0000000000E+00 (After pre-processing)
      2   0        0.0000000000E+00 (After scaling)
      2            0.0000000000E+00
 
 ** Feasible solution to a square system.
 
--- Reading solution for model partial
--- Executing after solve: elapsed 0:00:00.188
--- dyn_partiel.gms(253) 4 Mb
--- Generating CNS model partial
--- dyn_partiel.gms(261) 6 Mb
--- LOOPS t = 2018
---   48 rows  62 columns  522 non-zeroes
---   403 nl-code  180 nl-non-zeroes
--- dyn_partiel.gms(261) 4 Mb
--- Executing CONOPT (Solvelink=2): elapsed 0:00:00.192
CONOPT 3         32.2.0 rc62c018 Released Aug 26, 2020 DEG x86 64bit/Mac OS X 
 
 
    C O N O P T 3   version 3.17L
    Copyright (C)   ARKI Consulting and Development A/S
                    Bagsvaerdvej 246 A
                    DK-2880 Bagsvaerd, Denmark
 
 
   Iter Phase Ninf   Infeasibility   RGmax    NSB   Step InItr MX OK
      0   0        8.2991391537E-11 (Input point)
 
                   Pre-triangular equations:   48
                   Post-triangular equations:  0
 
      1   0        0.0000000000E+00 (After pre-processing)
      2   0        0.0000000000E+00 (After scaling)
      2            0.0000000000E+00
 
 ** Feasible solution to a square system.
 
--- Reading solution for model partial
--- Executing after solve: elapsed 0:00:00.221
--- dyn_partiel.gms(253) 4 Mb
--- Generating CNS model fast
--- dyn_partiel.gms(286) 6 Mb
--- LOOPS t = 2018
---   48 rows  62 columns  438 non-zeroes
---   151 nl-code  96 nl-non-zeroes
--- dyn_partiel.gms(286) 4 Mb
--- Executing CONOPT (Solvelink=2): elapsed 0:00:00.225
CONOPT 3         32.2.0 rc62c018 Released Aug 26, 2020 DEG x86 64bit/Mac OS X 
 
 
    C O N O P T 3   version 3.17L
    Copyright (C)   ARKI Consulting and Development A/S
                    Bagsvaerdvej 246 A
                    DK-2880 Bagsvaerd, Denmark
 
 
   Iter Phase Ninf   Infeasibility   RGmax    NSB   Step InItr MX OK
      0   0        7.1004900000E+02 (Input point)
 
                   Pre-triangular equations:   0
                   Post-triangular equations:  0
 
      1   0        7.1004900000E+02 (After pre-processing)
      2   0        4.4456359863E-02 (After scaling)
      3            5.6621374256E-15
 
 ** Feasible solution to a square system.
 
--- Reading solution for model fast
--- Executing after solve: elapsed 0:00:00.255
--- dyn_partiel.gms(253) 4 Mb
--- Generating CNS model cobbdoug
--- dyn_partiel.gms(290) 6 Mb
--- LOOPS t = 2018
---   48 rows  62 columns  228 non-zeroes
---   319 nl-code  180 nl-non-zeroes
--- dyn_partiel.gms(290) 4 Mb
--- Executing CONOPT (Solvelink=2): elapsed 0:00:00.259
CONOPT 3         32.2.0 rc62c018 Released Aug 26, 2020 DEG x86 64bit/Mac OS X 
 
 
    C O N O P T 3   version 3.17L
    Copyright (C)   ARKI Consulting and Development A/S
                    Bagsvaerdvej 246 A
                    DK-2880 Bagsvaerd, Denmark
 
 
   Iter Phase Ninf   Infeasibility   RGmax    NSB   Step InItr MX OK
      0   0        2.0236257114E-10 (Input point)
 
                   Pre-triangular equations:   48
                   Post-triangular equations:  0
 
      1   0        0.0000000000E+00 (After pre-processing)
      2   0        0.0000000000E+00 (After scaling)
      2            0.0000000000E+00
 
 ** Feasible solution to a square system.
 
--- Reading solution for model cobbdoug
--- Executing after solve: elapsed 0:00:00.287
--- dyn_partiel.gms(253) 4 Mb
--- Generating CNS model partial
--- dyn_partiel.gms(261) 6 Mb
--- LOOPS t = 2019
---   48 rows  62 columns  522 non-zeroes
---   403 nl-code  180 nl-non-zeroes
--- dyn_partiel.gms(261) 4 Mb
--- Executing CONOPT (Solvelink=2): elapsed 0:00:00.291
CONOPT 3         32.2.0 rc62c018 Released Aug 26, 2020 DEG x86 64bit/Mac OS X 
 
 
    C O N O P T 3   version 3.17L
    Copyright (C)   ARKI Consulting and Development A/S
                    Bagsvaerdvej 246 A
                    DK-2880 Bagsvaerd, Denmark
 
 
   Iter Phase Ninf   Infeasibility   RGmax    NSB   Step InItr MX OK
      0   0        2.5084175916E+04 (Input point)
 
                   Pre-triangular equations:   48
                   Post-triangular equations:  0
 
      1   0        0.0000000000E+00 (After pre-processing)
      2   0        0.0000000000E+00 (After scaling)
      2            0.0000000000E+00
 
 ** Feasible solution to a square system.
 
--- Reading solution for model partial
--- Executing after solve: elapsed 0:00:00.318
--- dyn_partiel.gms(253) 4 Mb
--- Generating CNS model fast
--- dyn_partiel.gms(286) 6 Mb
--- LOOPS t = 2019
---   48 rows  62 columns  438 non-zeroes
---   151 nl-code  96 nl-non-zeroes
--- dyn_partiel.gms(286) 4 Mb
--- Executing CONOPT (Solvelink=2): elapsed 0:00:00.322
CONOPT 3         32.2.0 rc62c018 Released Aug 26, 2020 DEG x86 64bit/Mac OS X 
 
 
    C O N O P T 3   version 3.17L
    Copyright (C)   ARKI Consulting and Development A/S
                    Bagsvaerdvej 246 A
                    DK-2880 Bagsvaerd, Denmark
 
 
   Iter Phase Ninf   Infeasibility   RGmax    NSB   Step InItr MX OK
      0   0        2.5084175916E+04 (Input point)
 
                   Pre-triangular equations:   0
                   Post-triangular equations:  0
 
      1   0        2.5084175916E+04 (After pre-processing)
      2   0        1.2930181997E+00 (After scaling)
      3            7.2997163869E-15
 
 ** Feasible solution to a square system.
 
--- Reading solution for model fast
--- Executing after solve: elapsed 0:00:00.351
--- dyn_partiel.gms(253) 4 Mb
--- Generating CNS model cobbdoug
--- dyn_partiel.gms(290) 6 Mb
--- LOOPS t = 2019
---   48 rows  62 columns  228 non-zeroes
---   319 nl-code  180 nl-non-zeroes
--- dyn_partiel.gms(290) 4 Mb
--- Executing CONOPT (Solvelink=2): elapsed 0:00:00.354
CONOPT 3         32.2.0 rc62c018 Released Aug 26, 2020 DEG x86 64bit/Mac OS X 
 
 
    C O N O P T 3   version 3.17L
    Copyright (C)   ARKI Consulting and Development A/S
                    Bagsvaerdvej 246 A
                    DK-2880 Bagsvaerd, Denmark
 
 
   Iter Phase Ninf   Infeasibility   RGmax    NSB   Step InItr MX OK
      0   0        1.3051248970E-10 (Input point)
 
                   Pre-triangular equations:   48
                   Post-triangular equations:  0
 
      1   0        0.0000000000E+00 (After pre-processing)
      2   0        0.0000000000E+00 (After scaling)
      2            0.0000000000E+00
 
 ** Feasible solution to a square system.
 
--- Reading solution for model cobbdoug
--- Executing after solve: elapsed 0:00:00.383
--- dyn_partiel.gms(253) 4 Mb
--- Generating CNS model partial
--- dyn_partiel.gms(261) 6 Mb
--- LOOPS t = 2020
---   48 rows  62 columns  522 non-zeroes
---   403 nl-code  180 nl-non-zeroes
--- dyn_partiel.gms(261) 4 Mb
--- Executing CONOPT (Solvelink=2): elapsed 0:00:00.387
CONOPT 3         32.2.0 rc62c018 Released Aug 26, 2020 DEG x86 64bit/Mac OS X 
 
 
    C O N O P T 3   version 3.17L
    Copyright (C)   ARKI Consulting and Development A/S
                    Bagsvaerdvej 246 A
                    DK-2880 Bagsvaerd, Denmark
 
 
   Iter Phase Ninf   Infeasibility   RGmax    NSB   Step InItr MX OK
      0   0        4.3343042181E+04 (Input point)
 
                   Pre-triangular equations:   48
                   Post-triangular equations:  0
 
      1   0        0.0000000000E+00 (After pre-processing)
      2   0        0.0000000000E+00 (After scaling)
      2            0.0000000000E+00
 
 ** Feasible solution to a square system.
 
--- Reading solution for model partial
--- Executing after solve: elapsed 0:00:00.416
--- dyn_partiel.gms(253) 4 Mb
--- Generating CNS model fast
--- dyn_partiel.gms(286) 6 Mb
--- LOOPS t = 2020
---   48 rows  62 columns  438 non-zeroes
---   151 nl-code  96 nl-non-zeroes
--- dyn_partiel.gms(286) 4 Mb
--- Executing CONOPT (Solvelink=2): elapsed 0:00:00.419
CONOPT 3         32.2.0 rc62c018 Released Aug 26, 2020 DEG x86 64bit/Mac OS X 
 
 
    C O N O P T 3   version 3.17L
    Copyright (C)   ARKI Consulting and Development A/S
                    Bagsvaerdvej 246 A
                    DK-2880 Bagsvaerd, Denmark
 
 
   Iter Phase Ninf   Infeasibility   RGmax    NSB   Step InItr MX OK
      0   0        4.3343042181E+04 (Input point)
 
                   Pre-triangular equations:   0
                   Post-triangular equations:  0
 
      1   0        4.3343042181E+04 (After pre-processing)
      2   0        2.2315338503E+00 (After scaling)
      3            6.3837823916E-15
 
 ** Feasible solution to a square system.
 
--- Reading solution for model fast
--- Executing after solve: elapsed 0:00:00.448
--- dyn_partiel.gms(253) 4 Mb
--- Generating CNS model cobbdoug
--- dyn_partiel.gms(290) 6 Mb
--- LOOPS t = 2020
---   48 rows  62 columns  228 non-zeroes
---   319 nl-code  180 nl-non-zeroes
--- dyn_partiel.gms(290) 4 Mb
--- Executing CONOPT (Solvelink=2): elapsed 0:00:00.452
CONOPT 3         32.2.0 rc62c018 Released Aug 26, 2020 DEG x86 64bit/Mac OS X 
 
 
    C O N O P T 3   version 3.17L
    Copyright (C)   ARKI Consulting and Development A/S
                    Bagsvaerdvej 246 A
                    DK-2880 Bagsvaerd, Denmark
 
 
   Iter Phase Ninf   Infeasibility   RGmax    NSB   Step InItr MX OK
      0   0        2.2009771783E-10 (Input point)
 
                   Pre-triangular equations:   48
                   Post-triangular equations:  0
 
      1   0        0.0000000000E+00 (After pre-processing)
      2   0        0.0000000000E+00 (After scaling)
      2            0.0000000000E+00
 
 ** Feasible solution to a square system.
 
--- Reading solution for model cobbdoug
--- Executing after solve: elapsed 0:00:00.481
--- dyn_partiel.gms(253) 4 Mb
--- Generating CNS model partial
--- dyn_partiel.gms(261) 6 Mb
--- LOOPS t = 2021
---   48 rows  62 columns  522 non-zeroes
---   403 nl-code  180 nl-non-zeroes
--- dyn_partiel.gms(261) 4 Mb
--- Executing CONOPT (Solvelink=2): elapsed 0:00:00.485
CONOPT 3         32.2.0 rc62c018 Released Aug 26, 2020 DEG x86 64bit/Mac OS X 
 
 
    C O N O P T 3   version 3.17L
    Copyright (C)   ARKI Consulting and Development A/S
                    Bagsvaerdvej 246 A
                    DK-2880 Bagsvaerd, Denmark
 
 
   Iter Phase Ninf   Infeasibility   RGmax    NSB   Step InItr MX OK
      0   0        5.7780734579E+04 (Input point)
 
                   Pre-triangular equations:   48
                   Post-triangular equations:  0
 
      1   0        0.0000000000E+00 (After pre-processing)
      2   0        0.0000000000E+00 (After scaling)
      2            0.0000000000E+00
 
 ** Feasible solution to a square system.
 
--- Reading solution for model partial
--- Executing after solve: elapsed 0:00:00.516
--- dyn_partiel.gms(253) 4 Mb
--- Generating CNS model fast
--- dyn_partiel.gms(286) 6 Mb
--- LOOPS t = 2021
---   48 rows  62 columns  438 non-zeroes
---   151 nl-code  96 nl-non-zeroes
--- dyn_partiel.gms(286) 4 Mb
--- Executing CONOPT (Solvelink=2): elapsed 0:00:00.520
CONOPT 3         32.2.0 rc62c018 Released Aug 26, 2020 DEG x86 64bit/Mac OS X 
 
 
    C O N O P T 3   version 3.17L
    Copyright (C)   ARKI Consulting and Development A/S
                    Bagsvaerdvej 246 A
                    DK-2880 Bagsvaerd, Denmark
 
 
   Iter Phase Ninf   Infeasibility   RGmax    NSB   Step InItr MX OK
      0   0        5.7780734579E+04 (Input point)
 
                   Pre-triangular equations:   0
                   Post-triangular equations:  0
 
      1   0        5.7780734579E+04 (After pre-processing)
      2   0        2.9581170082E+00 (After scaling)
      3            5.9119376061E-15
 
 ** Feasible solution to a square system.
 
--- Reading solution for model fast
--- Executing after solve: elapsed 0:00:00.548
--- dyn_partiel.gms(253) 4 Mb
--- Generating CNS model cobbdoug
--- dyn_partiel.gms(290) 6 Mb
--- LOOPS t = 2021
---   48 rows  62 columns  228 non-zeroes
---   319 nl-code  180 nl-non-zeroes
--- dyn_partiel.gms(290) 4 Mb
--- Executing CONOPT (Solvelink=2): elapsed 0:00:00.552
CONOPT 3         32.2.0 rc62c018 Released Aug 26, 2020 DEG x86 64bit/Mac OS X 
 
 
    C O N O P T 3   version 3.17L
    Copyright (C)   ARKI Consulting and Development A/S
                    Bagsvaerdvej 246 A
                    DK-2880 Bagsvaerd, Denmark
 
 
   Iter Phase Ninf   Infeasibility   RGmax    NSB   Step InItr MX OK
      0   0        9.6406438388E-11 (Input point)
 
                   Pre-triangular equations:   48
                   Post-triangular equations:  0
 
      1   0        0.0000000000E+00 (After pre-processing)
      2   0        0.0000000000E+00 (After scaling)
      2            0.0000000000E+00
 
 ** Feasible solution to a square system.
 
--- Reading solution for model cobbdoug
--- Executing after solve: elapsed 0:00:00.579
--- dyn_partiel.gms(253) 4 Mb
--- Generating CNS model partial
--- dyn_partiel.gms(261) 6 Mb
--- LOOPS t = 2022
---   48 rows  62 columns  522 non-zeroes
---   403 nl-code  180 nl-non-zeroes
--- dyn_partiel.gms(261) 4 Mb
--- Executing CONOPT (Solvelink=2): elapsed 0:00:00.583
CONOPT 3         32.2.0 rc62c018 Released Aug 26, 2020 DEG x86 64bit/Mac OS X 
 
 
    C O N O P T 3   version 3.17L
    Copyright (C)   ARKI Consulting and Development A/S
                    Bagsvaerdvej 246 A
                    DK-2880 Bagsvaerd, Denmark
 
 
   Iter Phase Ninf   Infeasibility   RGmax    NSB   Step InItr MX OK
      0   0        6.9402372308E+04 (Input point)
 
                   Pre-triangular equations:   48
                   Post-triangular equations:  0
 
      1   0        0.0000000000E+00 (After pre-processing)
      2   0        0.0000000000E+00 (After scaling)
      2            0.0000000000E+00
 
 ** Feasible solution to a square system.
 
--- Reading solution for model partial
--- Executing after solve: elapsed 0:00:00.611
--- dyn_partiel.gms(253) 4 Mb
--- Generating CNS model fast
--- dyn_partiel.gms(286) 6 Mb
--- LOOPS t = 2022
---   48 rows  62 columns  438 non-zeroes
---   151 nl-code  96 nl-non-zeroes
--- dyn_partiel.gms(286) 4 Mb
--- Executing CONOPT (Solvelink=2): elapsed 0:00:00.615
CONOPT 3         32.2.0 rc62c018 Released Aug 26, 2020 DEG x86 64bit/Mac OS X 
 
 
    C O N O P T 3   version 3.17L
    Copyright (C)   ARKI Consulting and Development A/S
                    Bagsvaerdvej 246 A
                    DK-2880 Bagsvaerd, Denmark
 
 
   Iter Phase Ninf   Infeasibility   RGmax    NSB   Step InItr MX OK
      0   0        6.9402372308E+04 (Input point)
 
                   Pre-triangular equations:   0
                   Post-triangular equations:  0
 
      1   0        6.9402372308E+04 (After pre-processing)
      2   0        3.4500470888E+00 (After scaling)
      3            5.6898930012E-15
 
 ** Feasible solution to a square system.
 
--- Reading solution for model fast
--- Executing after solve: elapsed 0:00:00.644
--- dyn_partiel.gms(253) 4 Mb
--- Generating CNS model cobbdoug
--- dyn_partiel.gms(290) 6 Mb
--- LOOPS t = 2022
---   48 rows  62 columns  228 non-zeroes
---   319 nl-code  180 nl-non-zeroes
--- dyn_partiel.gms(290) 4 Mb
--- Executing CONOPT (Solvelink=2): elapsed 0:00:00.648
CONOPT 3         32.2.0 rc62c018 Released Aug 26, 2020 DEG x86 64bit/Mac OS X 
 
 
    C O N O P T 3   version 3.17L
    Copyright (C)   ARKI Consulting and Development A/S
                    Bagsvaerdvej 246 A
                    DK-2880 Bagsvaerd, Denmark
 
 
   Iter Phase Ninf   Infeasibility   RGmax    NSB   Step InItr MX OK
      0   0        2.0691004465E-10 (Input point)
 
                   Pre-triangular equations:   48
                   Post-triangular equations:  0
 
      1   0        0.0000000000E+00 (After pre-processing)
      2   0        0.0000000000E+00 (After scaling)
      2            0.0000000000E+00
 
 ** Feasible solution to a square system.
 
--- Reading solution for model cobbdoug
--- Executing after solve: elapsed 0:00:00.677
--- dyn_partiel.gms(253) 4 Mb
--- Generating CNS model partial
--- dyn_partiel.gms(261) 6 Mb
--- LOOPS t = 2023
---   48 rows  62 columns  522 non-zeroes
---   403 nl-code  180 nl-non-zeroes
--- dyn_partiel.gms(261) 4 Mb
--- Executing CONOPT (Solvelink=2): elapsed 0:00:00.681
CONOPT 3         32.2.0 rc62c018 Released Aug 26, 2020 DEG x86 64bit/Mac OS X 
 
 
    C O N O P T 3   version 3.17L
    Copyright (C)   ARKI Consulting and Development A/S
                    Bagsvaerdvej 246 A
                    DK-2880 Bagsvaerd, Denmark
 
 
   Iter Phase Ninf   Infeasibility   RGmax    NSB   Step InItr MX OK
      0   0        7.8874374300E+04 (Input point)
 
                   Pre-triangular equations:   48
                   Post-triangular equations:  0
 
      1   0        0.0000000000E+00 (After pre-processing)
      2   0        0.0000000000E+00 (After scaling)
      2            0.0000000000E+00
 
 ** Feasible solution to a square system.
 
--- Reading solution for model partial
--- Executing after solve: elapsed 0:00:00.711
--- dyn_partiel.gms(253) 4 Mb
--- Generating CNS model fast
--- dyn_partiel.gms(286) 6 Mb
--- LOOPS t = 2023
---   48 rows  62 columns  438 non-zeroes
---   151 nl-code  96 nl-non-zeroes
--- dyn_partiel.gms(286) 4 Mb
--- Executing CONOPT (Solvelink=2): elapsed 0:00:00.715
CONOPT 3         32.2.0 rc62c018 Released Aug 26, 2020 DEG x86 64bit/Mac OS X 
 
 
    C O N O P T 3   version 3.17L
    Copyright (C)   ARKI Consulting and Development A/S
                    Bagsvaerdvej 246 A
                    DK-2880 Bagsvaerd, Denmark
 
 
   Iter Phase Ninf   Infeasibility   RGmax    NSB   Step InItr MX OK
      0   0        7.8874374300E+04 (Input point)
 
                   Pre-triangular equations:   0
                   Post-triangular equations:  0
 
      1   0        7.8874374300E+04 (After pre-processing)
      2   0        3.9404571557E+00 (After scaling)
      3            6.4392935428E-15
 
 ** Feasible solution to a square system.
 
--- Reading solution for model fast
--- Executing after solve: elapsed 0:00:00.746
--- dyn_partiel.gms(253) 4 Mb
--- Generating CNS model cobbdoug
--- dyn_partiel.gms(290) 6 Mb
--- LOOPS t = 2023
---   48 rows  62 columns  228 non-zeroes
---   319 nl-code  180 nl-non-zeroes
--- dyn_partiel.gms(290) 4 Mb
--- Executing CONOPT (Solvelink=2): elapsed 0:00:00.749
CONOPT 3         32.2.0 rc62c018 Released Aug 26, 2020 DEG x86 64bit/Mac OS X 
 
 
    C O N O P T 3   version 3.17L
    Copyright (C)   ARKI Consulting and Development A/S
                    Bagsvaerdvej 246 A
                    DK-2880 Bagsvaerd, Denmark
 
 
   Iter Phase Ninf   Infeasibility   RGmax    NSB   Step InItr MX OK
      0   0        2.1464074962E-10 (Input point)
 
                   Pre-triangular equations:   48
                   Post-triangular equations:  0
 
      1   0        0.0000000000E+00 (After pre-processing)
      2   0        0.0000000000E+00 (After scaling)
      2            0.0000000000E+00
 
 ** Feasible solution to a square system.
 
--- Reading solution for model cobbdoug
--- Executing after solve: elapsed 0:00:00.780
--- dyn_partiel.gms(253) 4 Mb
--- Generating CNS model partial
--- dyn_partiel.gms(261) 6 Mb
--- LOOPS t = 2024
---   48 rows  62 columns  522 non-zeroes
---   403 nl-code  180 nl-non-zeroes
--- dyn_partiel.gms(261) 4 Mb
--- Executing CONOPT (Solvelink=2): elapsed 0:00:00.785
CONOPT 3         32.2.0 rc62c018 Released Aug 26, 2020 DEG x86 64bit/Mac OS X 
 
 
    C O N O P T 3   version 3.17L
    Copyright (C)   ARKI Consulting and Development A/S
                    Bagsvaerdvej 246 A
                    DK-2880 Bagsvaerd, Denmark
 
 
   Iter Phase Ninf   Infeasibility   RGmax    NSB   Step InItr MX OK
      0   0        8.6766564891E+04 (Input point)
 
                   Pre-triangular equations:   48
                   Post-triangular equations:  0
 
      1   0        0.0000000000E+00 (After pre-processing)
      2   0        0.0000000000E+00 (After scaling)
      2            0.0000000000E+00
 
 ** Feasible solution to a square system.
 
--- Reading solution for model partial
--- Executing after solve: elapsed 0:00:00.817
--- dyn_partiel.gms(253) 4 Mb
--- Generating CNS model fast
--- dyn_partiel.gms(286) 6 Mb
--- LOOPS t = 2024
---   48 rows  62 columns  438 non-zeroes
---   151 nl-code  96 nl-non-zeroes
--- dyn_partiel.gms(286) 4 Mb
--- Executing CONOPT (Solvelink=2): elapsed 0:00:00.821
CONOPT 3         32.2.0 rc62c018 Released Aug 26, 2020 DEG x86 64bit/Mac OS X 
 
 
    C O N O P T 3   version 3.17L
    Copyright (C)   ARKI Consulting and Development A/S
                    Bagsvaerdvej 246 A
                    DK-2880 Bagsvaerd, Denmark
 
 
   Iter Phase Ninf   Infeasibility   RGmax    NSB   Step InItr MX OK
      0   0        8.6766564891E+04 (Input point)
 
                   Pre-triangular equations:   0
                   Post-triangular equations:  0
 
      1   0        8.6766564891E+04 (After pre-processing)
      2   0        4.2725267597E+00 (After scaling)
      3            5.9674487574E-15
 
 ** Feasible solution to a square system.
 
--- Reading solution for model fast
--- Executing after solve: elapsed 0:00:00.850
--- dyn_partiel.gms(253) 4 Mb
--- Generating CNS model cobbdoug
--- dyn_partiel.gms(290) 6 Mb
--- LOOPS t = 2024
---   48 rows  62 columns  228 non-zeroes
---   319 nl-code  180 nl-non-zeroes
--- dyn_partiel.gms(290) 4 Mb
--- Executing CONOPT (Solvelink=2): elapsed 0:00:00.853
CONOPT 3         32.2.0 rc62c018 Released Aug 26, 2020 DEG x86 64bit/Mac OS X 
 
 
    C O N O P T 3   version 3.17L
    Copyright (C)   ARKI Consulting and Development A/S
                    Bagsvaerdvej 246 A
                    DK-2880 Bagsvaerd, Denmark
 
 
   Iter Phase Ninf   Infeasibility   RGmax    NSB   Step InItr MX OK
      0   0        5.5479176808E-11 (Input point)
 
                   Pre-triangular equations:   48
                   Post-triangular equations:  0
 
      1   0        0.0000000000E+00 (After pre-processing)
      2   0        0.0000000000E+00 (After scaling)
      2            0.0000000000E+00
 
 ** Feasible solution to a square system.
 
--- Reading solution for model cobbdoug
--- Executing after solve: elapsed 0:00:00.886
--- dyn_partiel.gms(253) 4 Mb
--- Generating CNS model partial
--- dyn_partiel.gms(261) 6 Mb
--- LOOPS t = 2025
---   48 rows  62 columns  522 non-zeroes
---   403 nl-code  180 nl-non-zeroes
--- dyn_partiel.gms(261) 4 Mb
--- Executing CONOPT (Solvelink=2): elapsed 0:00:00.890
CONOPT 3         32.2.0 rc62c018 Released Aug 26, 2020 DEG x86 64bit/Mac OS X 
 
 
    C O N O P T 3   version 3.17L
    Copyright (C)   ARKI Consulting and Development A/S
                    Bagsvaerdvej 246 A
                    DK-2880 Bagsvaerd, Denmark
 
 
   Iter Phase Ninf   Infeasibility   RGmax    NSB   Step InItr MX OK
      0   0        9.3391352077E+04 (Input point)
 
                   Pre-triangular equations:   48
                   Post-triangular equations:  0
 
      1   0        0.0000000000E+00 (After pre-processing)
      2   0        0.0000000000E+00 (After scaling)
      2            0.0000000000E+00
 
 ** Feasible solution to a square system.
 
--- Reading solution for model partial
--- Executing after solve: elapsed 0:00:00.919
--- dyn_partiel.gms(253) 4 Mb
--- Generating CNS model fast
--- dyn_partiel.gms(286) 6 Mb
--- LOOPS t = 2025
---   48 rows  62 columns  438 non-zeroes
---   151 nl-code  96 nl-non-zeroes
--- dyn_partiel.gms(286) 4 Mb
--- Executing CONOPT (Solvelink=2): elapsed 0:00:00.923
CONOPT 3         32.2.0 rc62c018 Released Aug 26, 2020 DEG x86 64bit/Mac OS X 
 
 
    C O N O P T 3   version 3.17L
    Copyright (C)   ARKI Consulting and Development A/S
                    Bagsvaerdvej 246 A
                    DK-2880 Bagsvaerd, Denmark
 
 
   Iter Phase Ninf   Infeasibility   RGmax    NSB   Step InItr MX OK
      0   0        9.3391352077E+04 (Input point)
 
                   Pre-triangular equations:   0
                   Post-triangular equations:  0
 
      1   0        9.3391352077E+04 (After pre-processing)
      2   0        4.5940872482E+00 (After scaling)
      3            6.1617377867E-15
 
 ** Feasible solution to a square system.
 
--- Reading solution for model fast
--- Executing after solve: elapsed 0:00:00.950
--- dyn_partiel.gms(253) 4 Mb
--- Generating CNS model cobbdoug
--- dyn_partiel.gms(290) 6 Mb
--- LOOPS t = 2025
---   48 rows  62 columns  228 non-zeroes
---   319 nl-code  180 nl-non-zeroes
--- dyn_partiel.gms(290) 4 Mb
--- Executing CONOPT (Solvelink=2): elapsed 0:00:00.953
CONOPT 3         32.2.0 rc62c018 Released Aug 26, 2020 DEG x86 64bit/Mac OS X 
 
 
    C O N O P T 3   version 3.17L
    Copyright (C)   ARKI Consulting and Development A/S
                    Bagsvaerdvej 246 A
                    DK-2880 Bagsvaerd, Denmark
 
 
   Iter Phase Ninf   Infeasibility   RGmax    NSB   Step InItr MX OK
      0   0        2.0236257114E-10 (Input point)
 
                   Pre-triangular equations:   48
                   Post-triangular equations:  0
 
      1   0        0.0000000000E+00 (After pre-processing)
      2   0        0.0000000000E+00 (After scaling)
      2            0.0000000000E+00
 
 ** Feasible solution to a square system.
 
--- Reading solution for model cobbdoug
--- Executing after solve: elapsed 0:00:00.982
--- dyn_partiel.gms(253) 4 Mb
--- Generating CNS model partial
--- dyn_partiel.gms(261) 6 Mb
--- LOOPS t = 2026
---   48 rows  62 columns  522 non-zeroes
---   403 nl-code  180 nl-non-zeroes
--- dyn_partiel.gms(261) 4 Mb
--- Executing CONOPT (Solvelink=2): elapsed 0:00:00.986
CONOPT 3         32.2.0 rc62c018 Released Aug 26, 2020 DEG x86 64bit/Mac OS X 
 
 
    C O N O P T 3   version 3.17L
    Copyright (C)   ARKI Consulting and Development A/S
                    Bagsvaerdvej 246 A
                    DK-2880 Bagsvaerd, Denmark
 
 
   Iter Phase Ninf   Infeasibility   RGmax    NSB   Step InItr MX OK
      0   0        1.0588735913E+05 (Input point)
 
                   Pre-triangular equations:   48
                   Post-triangular equations:  0
 
      1   0        0.0000000000E+00 (After pre-processing)
      2   0        0.0000000000E+00 (After scaling)
      2            0.0000000000E+00
 
 ** Feasible solution to a square system.
 
--- Reading solution for model partial
--- Executing after solve: elapsed 0:00:01.016
--- dyn_partiel.gms(253) 4 Mb
--- Generating CNS model fast
--- dyn_partiel.gms(286) 6 Mb
--- LOOPS t = 2026
---   48 rows  62 columns  438 non-zeroes
---   151 nl-code  96 nl-non-zeroes
--- dyn_partiel.gms(286) 4 Mb
--- Executing CONOPT (Solvelink=2): elapsed 0:00:01.020
CONOPT 3         32.2.0 rc62c018 Released Aug 26, 2020 DEG x86 64bit/Mac OS X 
 
 
    C O N O P T 3   version 3.17L
    Copyright (C)   ARKI Consulting and Development A/S
                    Bagsvaerdvej 246 A
                    DK-2880 Bagsvaerd, Denmark
 
 
   Iter Phase Ninf   Infeasibility   RGmax    NSB   Step InItr MX OK
      0   0        9.7208063457E+04 (Input point)
 
                   Pre-triangular equations:   0
                   Post-triangular equations:  0
 
      1   0        9.7208063457E+04 (After pre-processing)
      2   0        4.7515171475E+00 (After scaling)
      3            6.4392935428E-15
 
 ** Feasible solution to a square system.
 
--- Reading solution for model fast
--- Executing after solve: elapsed 0:00:01.050
--- dyn_partiel.gms(253) 4 Mb
--- Generating CNS model cobbdoug
--- dyn_partiel.gms(290) 6 Mb
--- LOOPS t = 2026
---   48 rows  62 columns  228 non-zeroes
---   319 nl-code  180 nl-non-zeroes
--- dyn_partiel.gms(290) 4 Mb
--- Executing CONOPT (Solvelink=2): elapsed 0:00:01.054
CONOPT 3         32.2.0 rc62c018 Released Aug 26, 2020 DEG x86 64bit/Mac OS X 
 
 
    C O N O P T 3   version 3.17L
    Copyright (C)   ARKI Consulting and Development A/S
                    Bagsvaerdvej 246 A
                    DK-2880 Bagsvaerd, Denmark
 
 
   Iter Phase Ninf   Infeasibility   RGmax    NSB   Step InItr MX OK
      0   0        6.3905509238E+03 (Input point)
 
                   Pre-triangular equations:   48
                   Post-triangular equations:  0
 
      1   0        0.0000000000E+00 (After pre-processing)
      2   0        0.0000000000E+00 (After scaling)
      2            0.0000000000E+00
 
 ** Feasible solution to a square system.
 
--- Reading solution for model cobbdoug
--- Executing after solve: elapsed 0:00:01.080
--- dyn_partiel.gms(253) 4 Mb
--- Generating CNS model partial
--- dyn_partiel.gms(261) 6 Mb
--- LOOPS t = 2027
---   48 rows  62 columns  522 non-zeroes
---   403 nl-code  180 nl-non-zeroes
--- dyn_partiel.gms(261) 4 Mb
--- Executing CONOPT (Solvelink=2): elapsed 0:00:01.085
CONOPT 3         32.2.0 rc62c018 Released Aug 26, 2020 DEG x86 64bit/Mac OS X 
 
 
    C O N O P T 3   version 3.17L
    Copyright (C)   ARKI Consulting and Development A/S
                    Bagsvaerdvej 246 A
                    DK-2880 Bagsvaerd, Denmark
 
 
   Iter Phase Ninf   Infeasibility   RGmax    NSB   Step InItr MX OK
      0   0        1.1172951728E+05 (Input point)
 
                   Pre-triangular equations:   48
                   Post-triangular equations:  0
 
      1   0        0.0000000000E+00 (After pre-processing)
      2   0        0.0000000000E+00 (After scaling)
      2            0.0000000000E+00
 
 ** Feasible solution to a square system.
 
--- Reading solution for model partial
--- Executing after solve: elapsed 0:00:01.114
--- dyn_partiel.gms(253) 4 Mb
--- Generating CNS model fast
--- dyn_partiel.gms(286) 6 Mb
--- LOOPS t = 2027
---   48 rows  62 columns  438 non-zeroes
---   151 nl-code  96 nl-non-zeroes
--- dyn_partiel.gms(286) 4 Mb
--- Executing CONOPT (Solvelink=2): elapsed 0:00:01.118
CONOPT 3         32.2.0 rc62c018 Released Aug 26, 2020 DEG x86 64bit/Mac OS X 
 
 
    C O N O P T 3   version 3.17L
    Copyright (C)   ARKI Consulting and Development A/S
                    Bagsvaerdvej 246 A
                    DK-2880 Bagsvaerd, Denmark
 
 
   Iter Phase Ninf   Infeasibility   RGmax    NSB   Step InItr MX OK
      0   0        1.0053855362E+05 (Input point)
 
                   Pre-triangular equations:   0
                   Post-triangular equations:  0
 
      1   0        1.0053855362E+05 (After pre-processing)
      2   0        4.8671889724E+00 (After scaling)
      3            7.8270723236E-15
 
 ** Feasible solution to a square system.
 
--- Reading solution for model fast
--- Executing after solve: elapsed 0:00:01.151
--- dyn_partiel.gms(253) 4 Mb
--- Generating CNS model cobbdoug
--- dyn_partiel.gms(290) 6 Mb
--- LOOPS t = 2027
---   48 rows  62 columns  228 non-zeroes
---   319 nl-code  180 nl-non-zeroes
--- dyn_partiel.gms(290) 4 Mb
--- Executing CONOPT (Solvelink=2): elapsed 0:00:01.155
CONOPT 3         32.2.0 rc62c018 Released Aug 26, 2020 DEG x86 64bit/Mac OS X 
 
 
    C O N O P T 3   version 3.17L
    Copyright (C)   ARKI Consulting and Development A/S
                    Bagsvaerdvej 246 A
                    DK-2880 Bagsvaerd, Denmark
 
 
   Iter Phase Ninf   Infeasibility   RGmax    NSB   Step InItr MX OK
      0   0        1.2073834812E+04 (Input point)
 
                   Pre-triangular equations:   48
                   Post-triangular equations:  0
 
      1   0        0.0000000000E+00 (After pre-processing)
      2   0        0.0000000000E+00 (After scaling)
      2            0.0000000000E+00
 
 ** Feasible solution to a square system.
 
--- Reading solution for model cobbdoug
--- Executing after solve: elapsed 0:00:01.184
--- dyn_partiel.gms(253) 4 Mb
--- Generating CNS model partial
--- dyn_partiel.gms(261) 6 Mb
--- LOOPS t = 2028
---   48 rows  62 columns  522 non-zeroes
---   403 nl-code  180 nl-non-zeroes
--- dyn_partiel.gms(261) 4 Mb
--- Executing CONOPT (Solvelink=2): elapsed 0:00:01.188
CONOPT 3         32.2.0 rc62c018 Released Aug 26, 2020 DEG x86 64bit/Mac OS X 
 
 
    C O N O P T 3   version 3.17L
    Copyright (C)   ARKI Consulting and Development A/S
                    Bagsvaerdvej 246 A
                    DK-2880 Bagsvaerd, Denmark
 
 
   Iter Phase Ninf   Infeasibility   RGmax    NSB   Step InItr MX OK
      0   0        1.1680936272E+05 (Input point)
 
                   Pre-triangular equations:   48
                   Post-triangular equations:  0
 
      1   0        0.0000000000E+00 (After pre-processing)
      2   0        0.0000000000E+00 (After scaling)
      2            0.0000000000E+00
 
 ** Feasible solution to a square system.
 
--- Reading solution for model partial
--- Executing after solve: elapsed 0:00:01.217
--- dyn_partiel.gms(253) 4 Mb
--- Generating CNS model fast
--- dyn_partiel.gms(286) 6 Mb
--- LOOPS t = 2028
---   48 rows  62 columns  438 non-zeroes
---   151 nl-code  96 nl-non-zeroes
--- dyn_partiel.gms(286) 4 Mb
--- Executing CONOPT (Solvelink=2): elapsed 0:00:01.222
CONOPT 3         32.2.0 rc62c018 Released Aug 26, 2020 DEG x86 64bit/Mac OS X 
 
 
    C O N O P T 3   version 3.17L
    Copyright (C)   ARKI Consulting and Development A/S
                    Bagsvaerdvej 246 A
                    DK-2880 Bagsvaerd, Denmark
 
 
   Iter Phase Ninf   Infeasibility   RGmax    NSB   Step InItr MX OK
      0   0        1.0323943000E+05 (Input point)
 
                   Pre-triangular equations:   0
                   Post-triangular equations:  0
 
      1   0        1.0323943000E+05 (After pre-processing)
      2   0        4.9435667000E+00 (After scaling)
      3            5.5511151231E-15
 
 ** Feasible solution to a square system.
 
--- Reading solution for model fast
--- Executing after solve: elapsed 0:00:01.264
--- dyn_partiel.gms(253) 4 Mb
--- Generating CNS model cobbdoug
--- dyn_partiel.gms(290) 6 Mb
--- LOOPS t = 2028
---   48 rows  62 columns  228 non-zeroes
---   319 nl-code  180 nl-non-zeroes
--- dyn_partiel.gms(290) 4 Mb
--- Executing CONOPT (Solvelink=2): elapsed 0:00:01.269
CONOPT 3         32.2.0 rc62c018 Released Aug 26, 2020 DEG x86 64bit/Mac OS X 
 
 
    C O N O P T 3   version 3.17L
    Copyright (C)   ARKI Consulting and Development A/S
                    Bagsvaerdvej 246 A
                    DK-2880 Bagsvaerd, Denmark
 
 
   Iter Phase Ninf   Infeasibility   RGmax    NSB   Step InItr MX OK
      0   0        1.7221572352E+04 (Input point)
 
                   Pre-triangular equations:   48
                   Post-triangular equations:  0
 
      1   0        0.0000000000E+00 (After pre-processing)
      2   0        0.0000000000E+00 (After scaling)
      2            0.0000000000E+00
 
 ** Feasible solution to a square system.
 
--- Reading solution for model cobbdoug
--- Executing after solve: elapsed 0:00:01.301
--- dyn_partiel.gms(253) 4 Mb
--- Generating CNS model partial
--- dyn_partiel.gms(261) 6 Mb
--- LOOPS t = 2029
---   48 rows  62 columns  522 non-zeroes
---   403 nl-code  180 nl-non-zeroes
--- dyn_partiel.gms(261) 4 Mb
--- Executing CONOPT (Solvelink=2): elapsed 0:00:01.306
CONOPT 3         32.2.0 rc62c018 Released Aug 26, 2020 DEG x86 64bit/Mac OS X 
 
 
    C O N O P T 3   version 3.17L
    Copyright (C)   ARKI Consulting and Development A/S
                    Bagsvaerdvej 246 A
                    DK-2880 Bagsvaerd, Denmark
 
 
   Iter Phase Ninf   Infeasibility   RGmax    NSB   Step InItr MX OK
      0   0        1.2056332886E+05 (Input point)
 
                   Pre-triangular equations:   48
                   Post-triangular equations:  0
 
      1   0        0.0000000000E+00 (After pre-processing)
      2   0        0.0000000000E+00 (After scaling)
      2            0.0000000000E+00
 
 ** Feasible solution to a square system.
 
--- Reading solution for model partial
--- Executing after solve: elapsed 0:00:01.335
--- dyn_partiel.gms(253) 4 Mb
--- Generating CNS model fast
--- dyn_partiel.gms(286) 6 Mb
--- LOOPS t = 2029
---   48 rows  62 columns  438 non-zeroes
---   151 nl-code  96 nl-non-zeroes
--- dyn_partiel.gms(286) 4 Mb
--- Executing CONOPT (Solvelink=2): elapsed 0:00:01.338
CONOPT 3         32.2.0 rc62c018 Released Aug 26, 2020 DEG x86 64bit/Mac OS X 
 
 
    C O N O P T 3   version 3.17L
    Copyright (C)   ARKI Consulting and Development A/S
                    Bagsvaerdvej 246 A
                    DK-2880 Bagsvaerd, Denmark
 
 
   Iter Phase Ninf   Infeasibility   RGmax    NSB   Step InItr MX OK
      0   0        1.0615088963E+05 (Input point)
 
                   Pre-triangular equations:   0
                   Post-triangular equations:  0
 
      1   0        1.0615088963E+05 (After pre-processing)
      2   0        5.0397075653E+00 (After scaling)
      3            6.0229599086E-15
 
 ** Feasible solution to a square system.
 
--- Reading solution for model fast
--- Executing after solve: elapsed 0:00:01.373
--- dyn_partiel.gms(253) 4 Mb
--- Generating CNS model cobbdoug
--- dyn_partiel.gms(290) 6 Mb
--- LOOPS t = 2029
---   48 rows  62 columns  228 non-zeroes
---   319 nl-code  180 nl-non-zeroes
--- dyn_partiel.gms(290) 4 Mb
--- Executing CONOPT (Solvelink=2): elapsed 0:00:01.376
CONOPT 3         32.2.0 rc62c018 Released Aug 26, 2020 DEG x86 64bit/Mac OS X 
 
 
    C O N O P T 3   version 3.17L
    Copyright (C)   ARKI Consulting and Development A/S
                    Bagsvaerdvej 246 A
                    DK-2880 Bagsvaerd, Denmark
 
 
   Iter Phase Ninf   Infeasibility   RGmax    NSB   Step InItr MX OK
      0   0        2.1600788187E+04 (Input point)
 
                   Pre-triangular equations:   48
                   Post-triangular equations:  0
 
      1   0        0.0000000000E+00 (After pre-processing)
      2   0        0.0000000000E+00 (After scaling)
      2            0.0000000000E+00
 
 ** Feasible solution to a square system.
 
--- Reading solution for model cobbdoug
--- Executing after solve: elapsed 0:00:01.407
--- dyn_partiel.gms(253) 4 Mb
--- Generating CNS model partial
--- dyn_partiel.gms(261) 6 Mb
--- LOOPS t = 2030
---   48 rows  62 columns  522 non-zeroes
---   403 nl-code  180 nl-non-zeroes
--- dyn_partiel.gms(261) 4 Mb
--- Executing CONOPT (Solvelink=2): elapsed 0:00:01.412
CONOPT 3         32.2.0 rc62c018 Released Aug 26, 2020 DEG x86 64bit/Mac OS X 
 
 
    C O N O P T 3   version 3.17L
    Copyright (C)   ARKI Consulting and Development A/S
                    Bagsvaerdvej 246 A
                    DK-2880 Bagsvaerd, Denmark
 
 
   Iter Phase Ninf   Infeasibility   RGmax    NSB   Step InItr MX OK
      0   0        1.2418406889E+05 (Input point)
 
                   Pre-triangular equations:   48
                   Post-triangular equations:  0
 
      1   0        0.0000000000E+00 (After pre-processing)
      2   0        0.0000000000E+00 (After scaling)
      2            0.0000000000E+00
 
 ** Feasible solution to a square system.
 
--- Reading solution for model partial
--- Executing after solve: elapsed 0:00:01.441
--- dyn_partiel.gms(253) 4 Mb
--- Generating CNS model fast
--- dyn_partiel.gms(286) 6 Mb
--- LOOPS t = 2030
---   48 rows  62 columns  438 non-zeroes
---   151 nl-code  96 nl-non-zeroes
--- dyn_partiel.gms(286) 4 Mb
--- Executing CONOPT (Solvelink=2): elapsed 0:00:01.444
CONOPT 3         32.2.0 rc62c018 Released Aug 26, 2020 DEG x86 64bit/Mac OS X 
 
 
    C O N O P T 3   version 3.17L
    Copyright (C)   ARKI Consulting and Development A/S
                    Bagsvaerdvej 246 A
                    DK-2880 Bagsvaerd, Denmark
 
 
   Iter Phase Ninf   Infeasibility   RGmax    NSB   Step InItr MX OK
      0   0        1.0902473490E+05 (Input point)
 
                   Pre-triangular equations:   0
                   Post-triangular equations:  0
 
      1   0        1.0902473490E+05 (After pre-processing)
      2   0        5.2592486922E+00 (After scaling)
      3            5.6621374256E-15
 
 ** Feasible solution to a square system.
 
--- Reading solution for model fast
--- Executing after solve: elapsed 0:00:01.473
--- dyn_partiel.gms(253) 4 Mb
--- Generating CNS model cobbdoug
--- dyn_partiel.gms(290) 6 Mb
--- LOOPS t = 2030
---   48 rows  62 columns  228 non-zeroes
---   319 nl-code  180 nl-non-zeroes
--- dyn_partiel.gms(290) 4 Mb
--- Executing CONOPT (Solvelink=2): elapsed 0:00:01.476
CONOPT 3         32.2.0 rc62c018 Released Aug 26, 2020 DEG x86 64bit/Mac OS X 
 
 
    C O N O P T 3   version 3.17L
    Copyright (C)   ARKI Consulting and Development A/S
                    Bagsvaerdvej 246 A
                    DK-2880 Bagsvaerd, Denmark
 
 
   Iter Phase Ninf   Infeasibility   RGmax    NSB   Step InItr MX OK
      0   0        2.5781006362E+04 (Input point)
 
                   Pre-triangular equations:   48
                   Post-triangular equations:  0
 
      1   0        0.0000000000E+00 (After pre-processing)
      2   0        0.0000000000E+00 (After scaling)
      2            0.0000000000E+00
 
 ** Feasible solution to a square system.
 
--- Reading solution for model cobbdoug
--- Executing after solve: elapsed 0:00:01.506
--- dyn_partiel.gms(253) 4 Mb
--- Generating CNS model partial
--- dyn_partiel.gms(261) 6 Mb
--- LOOPS t = 2031
---   48 rows  62 columns  522 non-zeroes
---   403 nl-code  180 nl-non-zeroes
--- dyn_partiel.gms(261) 4 Mb
--- Executing CONOPT (Solvelink=2): elapsed 0:00:01.509
CONOPT 3         32.2.0 rc62c018 Released Aug 26, 2020 DEG x86 64bit/Mac OS X 
 
 
    C O N O P T 3   version 3.17L
    Copyright (C)   ARKI Consulting and Development A/S
                    Bagsvaerdvej 246 A
                    DK-2880 Bagsvaerd, Denmark
 
 
   Iter Phase Ninf   Infeasibility   RGmax    NSB   Step InItr MX OK
      0   0        1.2296581840E+05 (Input point)
 
                   Pre-triangular equations:   48
                   Post-triangular equations:  0
 
      1   0        0.0000000000E+00 (After pre-processing)
      2   0        0.0000000000E+00 (After scaling)
      2            0.0000000000E+00
 
 ** Feasible solution to a square system.
 
--- Reading solution for model partial
--- Executing after solve: elapsed 0:00:01.536
--- dyn_partiel.gms(253) 4 Mb
--- Generating CNS model fast
--- dyn_partiel.gms(286) 6 Mb
--- LOOPS t = 2031
---   48 rows  62 columns  438 non-zeroes
---   151 nl-code  96 nl-non-zeroes
--- dyn_partiel.gms(286) 4 Mb
--- Executing CONOPT (Solvelink=2): elapsed 0:00:01.540
CONOPT 3         32.2.0 rc62c018 Released Aug 26, 2020 DEG x86 64bit/Mac OS X 
 
 
    C O N O P T 3   version 3.17L
    Copyright (C)   ARKI Consulting and Development A/S
                    Bagsvaerdvej 246 A
                    DK-2880 Bagsvaerd, Denmark
 
 
   Iter Phase Ninf   Infeasibility   RGmax    NSB   Step InItr MX OK
      0   0        1.1246182815E+05 (Input point)
 
                   Pre-triangular equations:   0
                   Post-triangular equations:  0
 
      1   0        1.1246182815E+05 (After pre-processing)
      2   0        6.2313045754E+00 (After scaling)
      3            7.7715611724E-15
 
 ** Feasible solution to a square system.
 
--- Reading solution for model fast
--- Executing after solve: elapsed 0:00:01.568
--- dyn_partiel.gms(253) 4 Mb
--- Generating CNS model cobbdoug
--- dyn_partiel.gms(290) 6 Mb
--- LOOPS t = 2031
---   48 rows  62 columns  228 non-zeroes
---   319 nl-code  180 nl-non-zeroes
--- dyn_partiel.gms(290) 4 Mb
--- Executing CONOPT (Solvelink=2): elapsed 0:00:01.572
CONOPT 3         32.2.0 rc62c018 Released Aug 26, 2020 DEG x86 64bit/Mac OS X 
 
 
    C O N O P T 3   version 3.17L
    Copyright (C)   ARKI Consulting and Development A/S
                    Bagsvaerdvej 246 A
                    DK-2880 Bagsvaerd, Denmark
 
 
   Iter Phase Ninf   Infeasibility   RGmax    NSB   Step InItr MX OK
      0   0        2.5781006362E+04 (Input point)
 
                   Pre-triangular equations:   48
                   Post-triangular equations:  0
 
      1   0        0.0000000000E+00 (After pre-processing)
      2   0        0.0000000000E+00 (After scaling)
      2            0.0000000000E+00
 
 ** Feasible solution to a square system.
 
--- Reading solution for model cobbdoug
--- Executing after solve: elapsed 0:00:01.598
--- dyn_partiel.gms(253) 4 Mb
--- Generating CNS model partial
--- dyn_partiel.gms(261) 6 Mb
--- LOOPS t = 2032
---   48 rows  62 columns  522 non-zeroes
---   403 nl-code  180 nl-non-zeroes
--- dyn_partiel.gms(261) 4 Mb
--- Executing CONOPT (Solvelink=2): elapsed 0:00:01.603
CONOPT 3         32.2.0 rc62c018 Released Aug 26, 2020 DEG x86 64bit/Mac OS X 
 
 
    C O N O P T 3   version 3.17L
    Copyright (C)   ARKI Consulting and Development A/S
                    Bagsvaerdvej 246 A
                    DK-2880 Bagsvaerd, Denmark
 
 
   Iter Phase Ninf   Infeasibility   RGmax    NSB   Step InItr MX OK
      0   0        1.2491769171E+05 (Input point)
 
                   Pre-triangular equations:   48
                   Post-triangular equations:  0
 
      1   0        0.0000000000E+00 (After pre-processing)
      2   0        0.0000000000E+00 (After scaling)
      2            0.0000000000E+00
 
 ** Feasible solution to a square system.
 
--- Reading solution for model partial
--- Executing after solve: elapsed 0:00:01.635
--- dyn_partiel.gms(253) 4 Mb
--- Generating CNS model fast
--- dyn_partiel.gms(286) 6 Mb
--- LOOPS t = 2032
---   48 rows  62 columns  438 non-zeroes
---   151 nl-code  96 nl-non-zeroes
--- dyn_partiel.gms(286) 4 Mb
--- Executing CONOPT (Solvelink=2): elapsed 0:00:01.638
CONOPT 3         32.2.0 rc62c018 Released Aug 26, 2020 DEG x86 64bit/Mac OS X 
 
 
    C O N O P T 3   version 3.17L
    Copyright (C)   ARKI Consulting and Development A/S
                    Bagsvaerdvej 246 A
                    DK-2880 Bagsvaerd, Denmark
 
 
   Iter Phase Ninf   Infeasibility   RGmax    NSB   Step InItr MX OK
      0   0        1.1555880991E+05 (Input point)
 
                   Pre-triangular equations:   0
                   Post-triangular equations:  0
 
      1   0        1.1555880991E+05 (After pre-processing)
      2   0        6.3984301102E+00 (After scaling)
      3            4.6074255522E-15
 
 ** Feasible solution to a square system.
 
--- Reading solution for model fast
--- Executing after solve: elapsed 0:00:01.664
--- dyn_partiel.gms(253) 4 Mb
--- Generating CNS model cobbdoug
--- dyn_partiel.gms(290) 6 Mb
--- LOOPS t = 2032
---   48 rows  62 columns  228 non-zeroes
---   319 nl-code  180 nl-non-zeroes
--- dyn_partiel.gms(290) 4 Mb
--- Executing CONOPT (Solvelink=2): elapsed 0:00:01.668
CONOPT 3         32.2.0 rc62c018 Released Aug 26, 2020 DEG x86 64bit/Mac OS X 
 
 
    C O N O P T 3   version 3.17L
    Copyright (C)   ARKI Consulting and Development A/S
                    Bagsvaerdvej 246 A
                    DK-2880 Bagsvaerd, Denmark
 
 
   Iter Phase Ninf   Infeasibility   RGmax    NSB   Step InItr MX OK
      0   0        2.5781006362E+04 (Input point)
 
                   Pre-triangular equations:   48
                   Post-triangular equations:  0
 
      1   0        0.0000000000E+00 (After pre-processing)
      2   0        0.0000000000E+00 (After scaling)
      2            0.0000000000E+00
 
 ** Feasible solution to a square system.
 
--- Reading solution for model cobbdoug
--- Executing after solve: elapsed 0:00:01.694
--- dyn_partiel.gms(253) 4 Mb
--- Generating CNS model partial
--- dyn_partiel.gms(261) 6 Mb
--- LOOPS t = 2033
---   48 rows  62 columns  522 non-zeroes
---   403 nl-code  180 nl-non-zeroes
--- dyn_partiel.gms(261) 4 Mb
--- Executing CONOPT (Solvelink=2): elapsed 0:00:01.698
CONOPT 3         32.2.0 rc62c018 Released Aug 26, 2020 DEG x86 64bit/Mac OS X 
 
 
    C O N O P T 3   version 3.17L
    Copyright (C)   ARKI Consulting and Development A/S
                    Bagsvaerdvej 246 A
                    DK-2880 Bagsvaerd, Denmark
 
 
   Iter Phase Ninf   Infeasibility   RGmax    NSB   Step InItr MX OK
      0   0        1.2672155918E+05 (Input point)
 
                   Pre-triangular equations:   48
                   Post-triangular equations:  0
 
      1   0        0.0000000000E+00 (After pre-processing)
      2   0        0.0000000000E+00 (After scaling)
      2            0.0000000000E+00
 
 ** Feasible solution to a square system.
 
--- Reading solution for model partial
--- Executing after solve: elapsed 0:00:01.728
--- dyn_partiel.gms(253) 4 Mb
--- Generating CNS model fast
--- dyn_partiel.gms(286) 6 Mb
--- LOOPS t = 2033
---   48 rows  62 columns  438 non-zeroes
---   151 nl-code  96 nl-non-zeroes
--- dyn_partiel.gms(286) 4 Mb
--- Executing CONOPT (Solvelink=2): elapsed 0:00:01.733
CONOPT 3         32.2.0 rc62c018 Released Aug 26, 2020 DEG x86 64bit/Mac OS X 
 
 
    C O N O P T 3   version 3.17L
    Copyright (C)   ARKI Consulting and Development A/S
                    Bagsvaerdvej 246 A
                    DK-2880 Bagsvaerd, Denmark
 
 
   Iter Phase Ninf   Infeasibility   RGmax    NSB   Step InItr MX OK
      0   0        1.1834002955E+05 (Input point)
 
                   Pre-triangular equations:   0
                   Post-triangular equations:  0
 
      1   0        1.1834002955E+05 (After pre-processing)
      2   0        6.5616175744E+00 (After scaling)
      3            5.5511151231E-15
 
 ** Feasible solution to a square system.
 
--- Reading solution for model fast
--- Executing after solve: elapsed 0:00:01.768
--- dyn_partiel.gms(253) 4 Mb
--- Generating CNS model cobbdoug
--- dyn_partiel.gms(290) 6 Mb
--- LOOPS t = 2033
---   48 rows  62 columns  228 non-zeroes
---   319 nl-code  180 nl-non-zeroes
--- dyn_partiel.gms(290) 4 Mb
--- Executing CONOPT (Solvelink=2): elapsed 0:00:01.772
CONOPT 3         32.2.0 rc62c018 Released Aug 26, 2020 DEG x86 64bit/Mac OS X 
 
 
    C O N O P T 3   version 3.17L
    Copyright (C)   ARKI Consulting and Development A/S
                    Bagsvaerdvej 246 A
                    DK-2880 Bagsvaerd, Denmark
 
 
   Iter Phase Ninf   Infeasibility   RGmax    NSB   Step InItr MX OK
      0   0        2.5781006362E+04 (Input point)
 
                   Pre-triangular equations:   48
                   Post-triangular equations:  0
 
      1   0        0.0000000000E+00 (After pre-processing)
      2   0        0.0000000000E+00 (After scaling)
      2            0.0000000000E+00
 
 ** Feasible solution to a square system.
 
--- Reading solution for model cobbdoug
--- Executing after solve: elapsed 0:00:01.798
--- dyn_partiel.gms(253) 4 Mb
--- Generating CNS model partial
--- dyn_partiel.gms(261) 6 Mb
--- LOOPS t = 2034
---   48 rows  62 columns  522 non-zeroes
---   403 nl-code  180 nl-non-zeroes
--- dyn_partiel.gms(261) 4 Mb
--- Executing CONOPT (Solvelink=2): elapsed 0:00:01.802
CONOPT 3         32.2.0 rc62c018 Released Aug 26, 2020 DEG x86 64bit/Mac OS X 
 
 
    C O N O P T 3   version 3.17L
    Copyright (C)   ARKI Consulting and Development A/S
                    Bagsvaerdvej 246 A
                    DK-2880 Bagsvaerd, Denmark
 
 
   Iter Phase Ninf   Infeasibility   RGmax    NSB   Step InItr MX OK
      0   0        1.2831900613E+05 (Input point)
 
                   Pre-triangular equations:   48
                   Post-triangular equations:  0
 
      1   0        0.0000000000E+00 (After pre-processing)
      2   0        0.0000000000E+00 (After scaling)
      2            0.0000000000E+00
 
 ** Feasible solution to a square system.
 
--- Reading solution for model partial
--- Executing after solve: elapsed 0:00:01.830
--- dyn_partiel.gms(253) 4 Mb
--- Generating CNS model fast
--- dyn_partiel.gms(286) 6 Mb
--- LOOPS t = 2034
---   48 rows  62 columns  438 non-zeroes
---   151 nl-code  96 nl-non-zeroes
--- dyn_partiel.gms(286) 4 Mb
--- Executing CONOPT (Solvelink=2): elapsed 0:00:01.833
CONOPT 3         32.2.0 rc62c018 Released Aug 26, 2020 DEG x86 64bit/Mac OS X 
 
 
    C O N O P T 3   version 3.17L
    Copyright (C)   ARKI Consulting and Development A/S
                    Bagsvaerdvej 246 A
                    DK-2880 Bagsvaerd, Denmark
 
 
   Iter Phase Ninf   Infeasibility   RGmax    NSB   Step InItr MX OK
      0   0        1.2082630146E+05 (Input point)
 
                   Pre-triangular equations:   0
                   Post-triangular equations:  0
 
      1   0        1.2082630146E+05 (After pre-processing)
      2   0        6.7167406397E+00 (After scaling)
      3            7.1609385088E-15
 
 ** Feasible solution to a square system.
 
--- Reading solution for model fast
--- Executing after solve: elapsed 0:00:01.862
--- dyn_partiel.gms(253) 4 Mb
--- Generating CNS model cobbdoug
--- dyn_partiel.gms(290) 6 Mb
--- LOOPS t = 2034
---   48 rows  62 columns  228 non-zeroes
---   319 nl-code  180 nl-non-zeroes
--- dyn_partiel.gms(290) 4 Mb
--- Executing CONOPT (Solvelink=2): elapsed 0:00:01.865
CONOPT 3         32.2.0 rc62c018 Released Aug 26, 2020 DEG x86 64bit/Mac OS X 
 
 
    C O N O P T 3   version 3.17L
    Copyright (C)   ARKI Consulting and Development A/S
                    Bagsvaerdvej 246 A
                    DK-2880 Bagsvaerd, Denmark
 
 
   Iter Phase Ninf   Infeasibility   RGmax    NSB   Step InItr MX OK
      0   0        2.5781006362E+04 (Input point)
 
                   Pre-triangular equations:   48
                   Post-triangular equations:  0
 
      1   0        0.0000000000E+00 (After pre-processing)
      2   0        0.0000000000E+00 (After scaling)
      2            0.0000000000E+00
 
 ** Feasible solution to a square system.
 
--- Reading solution for model cobbdoug
--- Executing after solve: elapsed 0:00:01.894
--- dyn_partiel.gms(253) 4 Mb
--- Generating CNS model partial
--- dyn_partiel.gms(261) 6 Mb
--- LOOPS t = 2035
---   48 rows  62 columns  522 non-zeroes
---   403 nl-code  180 nl-non-zeroes
--- dyn_partiel.gms(261) 4 Mb
--- Executing CONOPT (Solvelink=2): elapsed 0:00:01.900
CONOPT 3         32.2.0 rc62c018 Released Aug 26, 2020 DEG x86 64bit/Mac OS X 
 
 
    C O N O P T 3   version 3.17L
    Copyright (C)   ARKI Consulting and Development A/S
                    Bagsvaerdvej 246 A
                    DK-2880 Bagsvaerd, Denmark
 
 
   Iter Phase Ninf   Infeasibility   RGmax    NSB   Step InItr MX OK
      0   0        1.2974988368E+05 (Input point)
 
                   Pre-triangular equations:   48
                   Post-triangular equations:  0
 
      1   0        0.0000000000E+00 (After pre-processing)
      2   0        0.0000000000E+00 (After scaling)
      2            0.0000000000E+00
 
 ** Feasible solution to a square system.
 
--- Reading solution for model partial
--- Executing after solve: elapsed 0:00:01.931
--- dyn_partiel.gms(253) 4 Mb
--- Generating CNS model fast
--- dyn_partiel.gms(286) 6 Mb
--- LOOPS t = 2035
---   48 rows  62 columns  438 non-zeroes
---   151 nl-code  96 nl-non-zeroes
--- dyn_partiel.gms(286) 4 Mb
--- Executing CONOPT (Solvelink=2): elapsed 0:00:01.935
CONOPT 3         32.2.0 rc62c018 Released Aug 26, 2020 DEG x86 64bit/Mac OS X 
 
 
    C O N O P T 3   version 3.17L
    Copyright (C)   ARKI Consulting and Development A/S
                    Bagsvaerdvej 246 A
                    DK-2880 Bagsvaerd, Denmark
 
 
   Iter Phase Ninf   Infeasibility   RGmax    NSB   Step InItr MX OK
      0   0        1.2302628993E+05 (Input point)
 
                   Pre-triangular equations:   0
                   Post-triangular equations:  0
 
      1   0        1.2302628993E+05 (After pre-processing)
      2   0        6.8582258941E+00 (After scaling)
      3            7.9380946261E-15
 
 ** Feasible solution to a square system.
 
--- Reading solution for model fast
--- Executing after solve: elapsed 0:00:01.961
--- dyn_partiel.gms(253) 4 Mb
--- Generating CNS model cobbdoug
--- dyn_partiel.gms(290) 6 Mb
--- LOOPS t = 2035
---   48 rows  62 columns  228 non-zeroes
---   319 nl-code  180 nl-non-zeroes
--- dyn_partiel.gms(290) 4 Mb
--- Executing CONOPT (Solvelink=2): elapsed 0:00:01.964
CONOPT 3         32.2.0 rc62c018 Released Aug 26, 2020 DEG x86 64bit/Mac OS X 
 
 
    C O N O P T 3   version 3.17L
    Copyright (C)   ARKI Consulting and Development A/S
                    Bagsvaerdvej 246 A
                    DK-2880 Bagsvaerd, Denmark
 
 
   Iter Phase Ninf   Infeasibility   RGmax    NSB   Step InItr MX OK
      0   0        2.5781006362E+04 (Input point)
 
                   Pre-triangular equations:   48
                   Post-triangular equations:  0
 
      1   0        0.0000000000E+00 (After pre-processing)
      2   0        0.0000000000E+00 (After scaling)
      2            0.0000000000E+00
 
 ** Feasible solution to a square system.
 
--- Reading solution for model cobbdoug
--- Executing after solve: elapsed 0:00:01.992
--- dyn_partiel.gms(253) 4 Mb
--- Generating CNS model partial
--- dyn_partiel.gms(261) 6 Mb
--- LOOPS t = 2036
---   48 rows  62 columns  522 non-zeroes
---   403 nl-code  180 nl-non-zeroes
--- dyn_partiel.gms(261) 4 Mb
--- Executing CONOPT (Solvelink=2): elapsed 0:00:01.997
CONOPT 3         32.2.0 rc62c018 Released Aug 26, 2020 DEG x86 64bit/Mac OS X 
 
 
    C O N O P T 3   version 3.17L
    Copyright (C)   ARKI Consulting and Development A/S
                    Bagsvaerdvej 246 A
                    DK-2880 Bagsvaerd, Denmark
 
 
   Iter Phase Ninf   Infeasibility   RGmax    NSB   Step InItr MX OK
      0   0        1.3102861501E+05 (Input point)
 
                   Pre-triangular equations:   48
                   Post-triangular equations:  0
 
      1   0        0.0000000000E+00 (After pre-processing)
      2   0        0.0000000000E+00 (After scaling)
      2            0.0000000000E+00
 
 ** Feasible solution to a square system.
 
--- Reading solution for model partial
--- Executing after solve: elapsed 0:00:02.023
--- dyn_partiel.gms(253) 4 Mb
--- Generating CNS model fast
--- dyn_partiel.gms(286) 6 Mb
--- LOOPS t = 2036
---   48 rows  62 columns  438 non-zeroes
---   151 nl-code  96 nl-non-zeroes
--- dyn_partiel.gms(286) 4 Mb
--- Executing CONOPT (Solvelink=2): elapsed 0:00:02.026
CONOPT 3         32.2.0 rc62c018 Released Aug 26, 2020 DEG x86 64bit/Mac OS X 
 
 
    C O N O P T 3   version 3.17L
    Copyright (C)   ARKI Consulting and Development A/S
                    Bagsvaerdvej 246 A
                    DK-2880 Bagsvaerd, Denmark
 
 
   Iter Phase Ninf   Infeasibility   RGmax    NSB   Step InItr MX OK
      0   0        1.2498143731E+05 (Input point)
 
                   Pre-triangular equations:   0
                   Post-triangular equations:  0
 
      1   0        1.2498143731E+05 (After pre-processing)
      2   0        6.9875386192E+00 (After scaling)
      3            5.5511151231E-15
 
 ** Feasible solution to a square system.
 
--- Reading solution for model fast
--- Executing after solve: elapsed 0:00:02.059
--- dyn_partiel.gms(253) 4 Mb
--- Generating CNS model cobbdoug
--- dyn_partiel.gms(290) 6 Mb
--- LOOPS t = 2036
---   48 rows  62 columns  228 non-zeroes
---   319 nl-code  180 nl-non-zeroes
--- dyn_partiel.gms(290) 4 Mb
--- Executing CONOPT (Solvelink=2): elapsed 0:00:02.062
CONOPT 3         32.2.0 rc62c018 Released Aug 26, 2020 DEG x86 64bit/Mac OS X 
 
 
    C O N O P T 3   version 3.17L
    Copyright (C)   ARKI Consulting and Development A/S
                    Bagsvaerdvej 246 A
                    DK-2880 Bagsvaerd, Denmark
 
 
   Iter Phase Ninf   Infeasibility   RGmax    NSB   Step InItr MX OK
      0   0        2.5781006362E+04 (Input point)
 
                   Pre-triangular equations:   48
                   Post-triangular equations:  0
 
      1   0        0.0000000000E+00 (After pre-processing)
      2   0        0.0000000000E+00 (After scaling)
      2            0.0000000000E+00
 
 ** Feasible solution to a square system.
 
--- Reading solution for model cobbdoug
--- Executing after solve: elapsed 0:00:02.089
--- dyn_partiel.gms(253) 4 Mb
--- Generating CNS model partial
--- dyn_partiel.gms(261) 6 Mb
--- LOOPS t = 2037
---   48 rows  62 columns  522 non-zeroes
---   403 nl-code  180 nl-non-zeroes
--- dyn_partiel.gms(261) 4 Mb
--- Executing CONOPT (Solvelink=2): elapsed 0:00:02.093
CONOPT 3         32.2.0 rc62c018 Released Aug 26, 2020 DEG x86 64bit/Mac OS X 
 
 
    C O N O P T 3   version 3.17L
    Copyright (C)   ARKI Consulting and Development A/S
                    Bagsvaerdvej 246 A
                    DK-2880 Bagsvaerd, Denmark
 
 
   Iter Phase Ninf   Infeasibility   RGmax    NSB   Step InItr MX OK
      0   0        1.3217732896E+05 (Input point)
 
                   Pre-triangular equations:   48
                   Post-triangular equations:  0
 
      1   0        0.0000000000E+00 (After pre-processing)
      2   0        0.0000000000E+00 (After scaling)
      2            0.0000000000E+00
 
 ** Feasible solution to a square system.
 
--- Reading solution for model partial
--- Executing after solve: elapsed 0:00:02.121
--- dyn_partiel.gms(253) 4 Mb
--- Generating CNS model fast
--- dyn_partiel.gms(286) 6 Mb
--- LOOPS t = 2037
---   48 rows  62 columns  438 non-zeroes
---   151 nl-code  96 nl-non-zeroes
--- dyn_partiel.gms(286) 4 Mb
--- Executing CONOPT (Solvelink=2): elapsed 0:00:02.124
CONOPT 3         32.2.0 rc62c018 Released Aug 26, 2020 DEG x86 64bit/Mac OS X 
 
 
    C O N O P T 3   version 3.17L
    Copyright (C)   ARKI Consulting and Development A/S
                    Bagsvaerdvej 246 A
                    DK-2880 Bagsvaerd, Denmark
 
 
   Iter Phase Ninf   Infeasibility   RGmax    NSB   Step InItr MX OK
      0   0        1.2685034163E+05 (Input point)
 
                   Pre-triangular equations:   0
                   Post-triangular equations:  0
 
      1   0        1.2685034163E+05 (After pre-processing)
      2   0        7.1277204278E+00 (After scaling)
      3            5.8841820305E-15
 
 ** Feasible solution to a square system.
 
--- Reading solution for model fast
--- Executing after solve: elapsed 0:00:02.153
--- dyn_partiel.gms(253) 4 Mb
--- Generating CNS model cobbdoug
--- dyn_partiel.gms(290) 6 Mb
--- LOOPS t = 2037
---   48 rows  62 columns  228 non-zeroes
---   319 nl-code  180 nl-non-zeroes
--- dyn_partiel.gms(290) 4 Mb
--- Executing CONOPT (Solvelink=2): elapsed 0:00:02.157
CONOPT 3         32.2.0 rc62c018 Released Aug 26, 2020 DEG x86 64bit/Mac OS X 
 
 
    C O N O P T 3   version 3.17L
    Copyright (C)   ARKI Consulting and Development A/S
                    Bagsvaerdvej 246 A
                    DK-2880 Bagsvaerd, Denmark
 
 
   Iter Phase Ninf   Infeasibility   RGmax    NSB   Step InItr MX OK
      0   0        2.5781006362E+04 (Input point)
 
                   Pre-triangular equations:   48
                   Post-triangular equations:  0
 
      1   0        0.0000000000E+00 (After pre-processing)
      2   0        0.0000000000E+00 (After scaling)
      2            0.0000000000E+00
 
 ** Feasible solution to a square system.
 
--- Reading solution for model cobbdoug
--- Executing after solve: elapsed 0:00:02.186
--- dyn_partiel.gms(253) 4 Mb
--- Generating CNS model partial
--- dyn_partiel.gms(261) 6 Mb
--- LOOPS t = 2038
---   48 rows  62 columns  522 non-zeroes
---   403 nl-code  180 nl-non-zeroes
--- dyn_partiel.gms(261) 4 Mb
--- Executing CONOPT (Solvelink=2): elapsed 0:00:02.190
CONOPT 3         32.2.0 rc62c018 Released Aug 26, 2020 DEG x86 64bit/Mac OS X 
 
 
    C O N O P T 3   version 3.17L
    Copyright (C)   ARKI Consulting and Development A/S
                    Bagsvaerdvej 246 A
                    DK-2880 Bagsvaerd, Denmark
 
 
   Iter Phase Ninf   Infeasibility   RGmax    NSB   Step InItr MX OK
      0   0        1.3321297044E+05 (Input point)
 
                   Pre-triangular equations:   48
                   Post-triangular equations:  0
 
      1   0        0.0000000000E+00 (After pre-processing)
      2   0        0.0000000000E+00 (After scaling)
      2            0.0000000000E+00
 
 ** Feasible solution to a square system.
 
--- Reading solution for model partial
--- Executing after solve: elapsed 0:00:02.218
--- dyn_partiel.gms(253) 4 Mb
--- Generating CNS model fast
--- dyn_partiel.gms(286) 6 Mb
--- LOOPS t = 2038
---   48 rows  62 columns  438 non-zeroes
---   151 nl-code  96 nl-non-zeroes
--- dyn_partiel.gms(286) 4 Mb
--- Executing CONOPT (Solvelink=2): elapsed 0:00:02.222
CONOPT 3         32.2.0 rc62c018 Released Aug 26, 2020 DEG x86 64bit/Mac OS X 
 
 
    C O N O P T 3   version 3.17L
    Copyright (C)   ARKI Consulting and Development A/S
                    Bagsvaerdvej 246 A
                    DK-2880 Bagsvaerd, Denmark
 
 
   Iter Phase Ninf   Infeasibility   RGmax    NSB   Step InItr MX OK
      0   0        1.2851179427E+05 (Input point)
 
                   Pre-triangular equations:   0
                   Post-triangular equations:  0
 
      1   0        1.2851179427E+05 (After pre-processing)
      2   0        7.2528228037E+00 (After scaling)
      3            5.8286708793E-15
 
 ** Feasible solution to a square system.
 
--- Reading solution for model fast
--- Executing after solve: elapsed 0:00:02.249
--- dyn_partiel.gms(253) 4 Mb
--- Generating CNS model cobbdoug
--- dyn_partiel.gms(290) 6 Mb
--- LOOPS t = 2038
---   48 rows  62 columns  228 non-zeroes
---   319 nl-code  180 nl-non-zeroes
--- dyn_partiel.gms(290) 4 Mb
--- Executing CONOPT (Solvelink=2): elapsed 0:00:02.253
CONOPT 3         32.2.0 rc62c018 Released Aug 26, 2020 DEG x86 64bit/Mac OS X 
 
 
    C O N O P T 3   version 3.17L
    Copyright (C)   ARKI Consulting and Development A/S
                    Bagsvaerdvej 246 A
                    DK-2880 Bagsvaerd, Denmark
 
 
   Iter Phase Ninf   Infeasibility   RGmax    NSB   Step InItr MX OK
      0   0        2.5781006362E+04 (Input point)
 
                   Pre-triangular equations:   48
                   Post-triangular equations:  0
 
      1   0        0.0000000000E+00 (After pre-processing)
      2   0        0.0000000000E+00 (After scaling)
      2            0.0000000000E+00
 
 ** Feasible solution to a square system.
 
--- Reading solution for model cobbdoug
--- Executing after solve: elapsed 0:00:02.279
--- dyn_partiel.gms(253) 4 Mb
--- Generating CNS model partial
--- dyn_partiel.gms(261) 6 Mb
--- LOOPS t = 2039
---   48 rows  62 columns  522 non-zeroes
---   403 nl-code  180 nl-non-zeroes
--- dyn_partiel.gms(261) 4 Mb
--- Executing CONOPT (Solvelink=2): elapsed 0:00:02.284
CONOPT 3         32.2.0 rc62c018 Released Aug 26, 2020 DEG x86 64bit/Mac OS X 
 
 
    C O N O P T 3   version 3.17L
    Copyright (C)   ARKI Consulting and Development A/S
                    Bagsvaerdvej 246 A
                    DK-2880 Bagsvaerd, Denmark
 
 
   Iter Phase Ninf   Infeasibility   RGmax    NSB   Step InItr MX OK
      0   0        1.3415105621E+05 (Input point)
 
                   Pre-triangular equations:   48
                   Post-triangular equations:  0
 
      1   0        0.0000000000E+00 (After pre-processing)
      2   0        0.0000000000E+00 (After scaling)
      2            0.0000000000E+00
 
 ** Feasible solution to a square system.
 
--- Reading solution for model partial
--- Executing after solve: elapsed 0:00:02.313
--- dyn_partiel.gms(253) 4 Mb
--- Generating CNS model fast
--- dyn_partiel.gms(286) 6 Mb
--- LOOPS t = 2039
---   48 rows  62 columns  438 non-zeroes
---   151 nl-code  96 nl-non-zeroes
--- dyn_partiel.gms(286) 4 Mb
--- Executing CONOPT (Solvelink=2): elapsed 0:00:02.316
CONOPT 3         32.2.0 rc62c018 Released Aug 26, 2020 DEG x86 64bit/Mac OS X 
 
 
    C O N O P T 3   version 3.17L
    Copyright (C)   ARKI Consulting and Development A/S
                    Bagsvaerdvej 246 A
                    DK-2880 Bagsvaerd, Denmark
 
 
   Iter Phase Ninf   Infeasibility   RGmax    NSB   Step InItr MX OK
      0   0        1.2999462184E+05 (Input point)
 
                   Pre-triangular equations:   0
                   Post-triangular equations:  0
 
      1   0        1.2999462184E+05 (After pre-processing)
      2   0        7.3646430107E+00 (After scaling)
      3            6.0507154842E-15
 
 ** Feasible solution to a square system.
 
--- Reading solution for model fast
--- Executing after solve: elapsed 0:00:02.342
--- dyn_partiel.gms(253) 4 Mb
--- Generating CNS model cobbdoug
--- dyn_partiel.gms(290) 6 Mb
--- LOOPS t = 2039
---   48 rows  62 columns  228 non-zeroes
---   319 nl-code  180 nl-non-zeroes
--- dyn_partiel.gms(290) 4 Mb
--- Executing CONOPT (Solvelink=2): elapsed 0:00:02.346
CONOPT 3         32.2.0 rc62c018 Released Aug 26, 2020 DEG x86 64bit/Mac OS X 
 
 
    C O N O P T 3   version 3.17L
    Copyright (C)   ARKI Consulting and Development A/S
                    Bagsvaerdvej 246 A
                    DK-2880 Bagsvaerd, Denmark
 
 
   Iter Phase Ninf   Infeasibility   RGmax    NSB   Step InItr MX OK
      0   0        2.5781006362E+04 (Input point)
 
                   Pre-triangular equations:   48
                   Post-triangular equations:  0
 
      1   0        0.0000000000E+00 (After pre-processing)
      2   0        0.0000000000E+00 (After scaling)
      2            0.0000000000E+00
 
 ** Feasible solution to a square system.
 
--- Reading solution for model cobbdoug
--- Executing after solve: elapsed 0:00:02.376
--- dyn_partiel.gms(253) 4 Mb
--- Generating CNS model partial
--- dyn_partiel.gms(261) 6 Mb
--- LOOPS t = 2040
---   48 rows  62 columns  522 non-zeroes
---   403 nl-code  180 nl-non-zeroes
--- dyn_partiel.gms(261) 4 Mb
--- Executing CONOPT (Solvelink=2): elapsed 0:00:02.380
CONOPT 3         32.2.0 rc62c018 Released Aug 26, 2020 DEG x86 64bit/Mac OS X 
 
 
    C O N O P T 3   version 3.17L
    Copyright (C)   ARKI Consulting and Development A/S
                    Bagsvaerdvej 246 A
                    DK-2880 Bagsvaerd, Denmark
 
 
   Iter Phase Ninf   Infeasibility   RGmax    NSB   Step InItr MX OK
      0   0        1.3500454767E+05 (Input point)
 
                   Pre-triangular equations:   48
                   Post-triangular equations:  0
 
      1   0        0.0000000000E+00 (After pre-processing)
      2   0        0.0000000000E+00 (After scaling)
      2            0.0000000000E+00
 
 ** Feasible solution to a square system.
 
--- Reading solution for model partial
--- Executing after solve: elapsed 0:00:02.406
--- dyn_partiel.gms(253) 4 Mb
--- Generating CNS model fast
--- dyn_partiel.gms(286) 6 Mb
--- LOOPS t = 2040
---   48 rows  62 columns  438 non-zeroes
---   151 nl-code  96 nl-non-zeroes
--- dyn_partiel.gms(286) 4 Mb
--- Executing CONOPT (Solvelink=2): elapsed 0:00:02.409
CONOPT 3         32.2.0 rc62c018 Released Aug 26, 2020 DEG x86 64bit/Mac OS X 
 
 
    C O N O P T 3   version 3.17L
    Copyright (C)   ARKI Consulting and Development A/S
                    Bagsvaerdvej 246 A
                    DK-2880 Bagsvaerd, Denmark
 
 
   Iter Phase Ninf   Infeasibility   RGmax    NSB   Step InItr MX OK
      0   0        1.3132304291E+05 (Input point)
 
                   Pre-triangular equations:   0
                   Post-triangular equations:  0
 
      1   0        1.3132304291E+05 (After pre-processing)
      2   0        7.4647889305E+00 (After scaling)
      3            7.5495165675E-15
 
 ** Feasible solution to a square system.
 
--- Reading solution for model fast
--- Executing after solve: elapsed 0:00:02.439
--- dyn_partiel.gms(253) 4 Mb
--- Generating CNS model cobbdoug
--- dyn_partiel.gms(290) 6 Mb
--- LOOPS t = 2040
---   48 rows  62 columns  228 non-zeroes
---   319 nl-code  180 nl-non-zeroes
--- dyn_partiel.gms(290) 4 Mb
--- Executing CONOPT (Solvelink=2): elapsed 0:00:02.443
CONOPT 3         32.2.0 rc62c018 Released Aug 26, 2020 DEG x86 64bit/Mac OS X 
 
 
    C O N O P T 3   version 3.17L
    Copyright (C)   ARKI Consulting and Development A/S
                    Bagsvaerdvej 246 A
                    DK-2880 Bagsvaerd, Denmark
 
 
   Iter Phase Ninf   Infeasibility   RGmax    NSB   Step InItr MX OK
      0   0        2.5781006362E+04 (Input point)
 
                   Pre-triangular equations:   48
                   Post-triangular equations:  0
 
      1   0        0.0000000000E+00 (After pre-processing)
      2   0        0.0000000000E+00 (After scaling)
      2            0.0000000000E+00
 
 ** Feasible solution to a square system.
 
--- Reading solution for model cobbdoug
--- Executing after solve: elapsed 0:00:02.473
--- dyn_partiel.gms(253) 4 Mb
--- GDX File /Users/rasmuskaslund/Documents/GitHub/SpecialeJR /Partiel analyse/dyn_partiel.gdx
*** Status: Normal completion
--- Job dyn_partiel.gms Stop 07/02/21 09:26:15 elapsed 0:00:02.478
