--- Job SG_model_Copeland_CES_3best.gms Start 04/24/20 13:56:56 30.1.0 re01a340 DEX-DEG x86 64bit/Mac OS X
--- GAMS Parameters defined
    Input /Users/rasmuskaslund/OneDrive - Københavns Universitet/Seminar Environment Economics/model/SG_model_Copeland_CES_3best.gms
    PageSize 0
    ScrDir /Users/rasmuskaslund/OneDrive - Københavns Universitet/Seminar Environment Economics/model/225a/
    SysDir /Applications/GAMS30.1/GAMS Terminal.app/Contents/MacOS/
    LogOption 3
    ErrMsg 1
    ErrorLog 99
    IDE 1
    LstTitleLeftAligned 1
GAMS 30.1.0   Copyright (C) 1987-2020 GAMS Development. All rights reserved
Licensee: GAMS Demo license for Rasmus Kaslund           G200206|0002CO-GEN
          University of Copenhagen, Denmark                        DL001455
          rlk@econ.ku.dk, Rasmus Kaslund                                   
          Demo license for demonstration and instructional purposes only
--- Starting compilation
--- SG_model_Copeland_CES_3best.gms(15) 3 Mb
--- . SG_variables_params.inc(134) 3 Mb
--- SG_model_Copeland_CES_3best.gms(146) 3 Mb
--- . SG_calculate_ginis_etc.inc(54) 3 Mb
--- SG_model_Copeland_CES_3best.gms(171) 3 Mb
--- . SG_calculate_ginis_etc.inc(54) 3 Mb
--- SG_model_Copeland_CES_3best.gms(196) 3 Mb
--- . SG_calculate_ginis_etc.inc(54) 3 Mb
--- SG_model_Copeland_CES_3best.gms(218) 3 Mb
--- . SG_calculate_ginis_etc.inc(54) 3 Mb
--- SG_model_Copeland_CES_3best.gms(241) 3 Mb
--- . SG_calculate_ginis_etc.inc(54) 3 Mb
--- SG_model_Copeland_CES_3best.gms(267) 3 Mb
--- Starting execution: elapsed 0:00:00.027
--- SG_model_Copeland_CES_3best.gms(261) 4 Mb
--- GDXin=/Users/rasmuskaslund/OneDrive - Københavns Universitet/Seminar Environment Economics/model/sg-results_1_diff_opt_LOAD.gdx
--- Generating NLP model SG_SP
--- SG_model_Copeland_CES_3best.gms(275) 6 Mb
---   44 rows  49 columns  266 non-zeroes
---   607 nl-code  199 nl-non-zeroes
--- SG_model_Copeland_CES_3best.gms(275) 4 Mb
--- Executing CONOPT: elapsed 0:00:00.057
*** Error at line 275: Could not find ShortName for International Characters
--- SG_model_Copeland_CES_3best.gms(275) 4 Mb 1 Error
CONOPT 3         30.1.0 re01a340 Released Jan 10, 2020 DEG x86 64bit/Mac OS X 
*** This solver runs with a demo license. No commercial use.
 
 
    C O N O P T 3   version 3.17K
    Copyright (C)   ARKI Consulting and Development A/S
                    Bagsvaerdvej 246 A
                    DK-2880 Bagsvaerd, Denmark
 
 
   Iter Phase Ninf   Infeasibility   RGmax    NSB   Step InItr MX OK
      0   0        4.9114844670E+00 (Input point)
 
                   Pre-triangular equations:   1
                   Post-triangular equations:  8
                   Definitional equations:     6
 
      1   0        4.1044901477E+00 (After pre-processing)
      2   0        2.5832304606E+00 (After scaling)
     10   0     2  1.3348926035E-02               1.0E+00      F  T
     20   0     2  1.4474201528E-04               1.0E+00      F  T
     30   0     2  1.7502736167E-06               1.0E+00      F  T
 
 ** Feasible solution. Value of objective =    8.88163436205
 
   Iter Phase Ninf     Objective     RGmax    NSB   Step InItr MX OK
     37   3        8.8816343620E+00 0.0E+00     0
 
 ** Optimal solution. There are no superbasic variables.
 
--- Restarting execution
--- SG_model_Copeland_CES_3best.gms(275) 2 Mb
--- Reading solution for model SG_SP
--- Executing after solve: elapsed 0:00:00.421
--- SG_model_Copeland_CES_3best.gms(261) 3 Mb
--- Generating NLP model SG_SP
--- SG_model_Copeland_CES_3best.gms(276) 5 Mb
---   44 rows  49 columns  266 non-zeroes
---   607 nl-code  199 nl-non-zeroes
--- SG_model_Copeland_CES_3best.gms(276) 3 Mb
--- Executing CONOPT: elapsed 0:00:00.432
*** Error at line 276: Could not find ShortName for International Characters
--- SG_model_Copeland_CES_3best.gms(276) 3 Mb 1 Error
CONOPT 3         30.1.0 re01a340 Released Jan 10, 2020 DEG x86 64bit/Mac OS X 
*** This solver runs with a demo license. No commercial use.
 
 
    C O N O P T 3   version 3.17K
    Copyright (C)   ARKI Consulting and Development A/S
                    Bagsvaerdvej 246 A
                    DK-2880 Bagsvaerd, Denmark
 
 
   Iter Phase Ninf   Infeasibility   RGmax    NSB   Step InItr MX OK
      0   0        6.3594962629E-14 (Input point)
 
                   Pre-triangular equations:   1
                   Post-triangular equations:  8
                   Definitional equations:     6
 
      1   0        5.8932025926E-14 (After pre-processing)
      2   0        3.7470027081E-14 (After scaling)
 
 ** Feasible solution. Value of objective =    8.88163436205
 
   Iter Phase Ninf     Objective     RGmax    NSB   Step InItr MX OK
      4   3        8.8816343620E+00 0.0E+00     0
 
 ** Optimal solution. There are no superbasic variables.
 
--- Restarting execution
--- SG_model_Copeland_CES_3best.gms(276) 2 Mb
--- Reading solution for model SG_SP
--- Executing after solve: elapsed 0:00:00.512
--- SG_model_Copeland_CES_3best.gms(261) 3 Mb
--- Generating NLP model SG_SP
--- SG_model_Copeland_CES_3best.gms(277) 5 Mb
---   44 rows  49 columns  266 non-zeroes
---   607 nl-code  199 nl-non-zeroes
--- SG_model_Copeland_CES_3best.gms(277) 3 Mb
--- Executing CONOPT: elapsed 0:00:00.524
*** Error at line 277: Could not find ShortName for International Characters
--- SG_model_Copeland_CES_3best.gms(277) 3 Mb 1 Error
CONOPT 3         30.1.0 re01a340 Released Jan 10, 2020 DEG x86 64bit/Mac OS X 
*** This solver runs with a demo license. No commercial use.
 
 
    C O N O P T 3   version 3.17K
    Copyright (C)   ARKI Consulting and Development A/S
                    Bagsvaerdvej 246 A
                    DK-2880 Bagsvaerd, Denmark
 
 
   Iter Phase Ninf   Infeasibility   RGmax    NSB   Step InItr MX OK
      0   0        5.9820204346E-14 (Input point)
 
                   Pre-triangular equations:   1
                   Post-triangular equations:  8
                   Definitional equations:     6
 
      1   0        5.8932025926E-14 (After pre-processing)
      2   0        3.7470027081E-14 (After scaling)
 
 ** Feasible solution. Value of objective =    8.88163436205
 
   Iter Phase Ninf     Objective     RGmax    NSB   Step InItr MX OK
      4   3        8.8816343620E+00 0.0E+00     0
 
 ** Optimal solution. There are no superbasic variables.
 
--- Restarting execution
--- SG_model_Copeland_CES_3best.gms(277) 2 Mb
--- Reading solution for model SG_SP
--- Executing after solve: elapsed 0:00:00.608
--- SG_model_Copeland_CES_3best.gms(261) 3 Mb
--- GDX File /Users/rasmuskaslund/OneDrive - Københavns Universitet/Seminar Environment Economics/model/sg-initial.gdx
--- SG_model_Copeland_CES_3best.gms(670) 3 Mb
--- Putfile out /Users/rasmuskaslund/OneDrive - Københavns Universitet/Seminar Environment Economics/model/output.put
*** Status: Normal completion
--- Job SG_model_Copeland_CES_3best.gms Stop 04/24/20 13:56:56 elapsed 0:00:00.614

